ARM GAS  /tmp/ccF78qpO.s 			page 1


   1              		.syntax unified
   2              		.cpu cortex-m4
   3              		.fpu softvfp
   4              		.eabi_attribute 20, 1
   5              		.eabi_attribute 21, 1
   6              		.eabi_attribute 23, 3
   7              		.eabi_attribute 24, 1
   8              		.eabi_attribute 25, 1
   9              		.eabi_attribute 26, 1
  10              		.eabi_attribute 30, 6
  11              		.eabi_attribute 34, 1
  12              		.eabi_attribute 18, 4
  13              		.thumb
  14              		.file	"board.c"
  15              		.text
  16              	.Ltext0:
  17              		.section	.gnu.lto_.inline.f826ba32e9f71d05,"",%progbits
  18 0000 789C6362 		.ascii	"x\234cb`b\300\006\264\2414P\226\205\007H1-\220g`\201"
  18      6062C006 
  18      B4A13450 
  18      96850748 
  18      312D9067 
  19 0016 A865E402 		.ascii	"\250e\344\002\021\014\314L\250\302\014\0001)\001\345"
  19      110CCC4C 
  19      A8C20C00 
  19      312901E5 
  20              		.text
  21              		.section	.gnu.lto___early_init.f826ba32e9f71d05,"",%progbits
  22 0000 789C6362 		.ascii	"x\234cb`b@\007\"@\\\006\304\216 \0163\003#P\005#\023"
  22      60624007 
  22      22405C06 
  22      C48E200E 
  22      33032350 
  23 0017 232390C3 		.ascii	"##\220\303\310P\317\304X\037\311\010V\266\236\351\300"
  23      C850CFC4 
  23      581FC908 
  23      56B69EE9 
  23      C0
  24 0028 83FFFFD7 		.ascii	"\203\377\377\327\31596g\016\343L&\220\030+CKC\303\004"
  24      CD393667 
  24      0EE34C26 
  24      90182B43 
  24      4B43C304 
  25 003c 05068664 		.ascii	"\005\006\206d\260\212\0200\031\012\322\317|\236\241"
  25      B08A1030 
  25      190AD2CF 
  25      7C9EA1
  26 004b F9C18CC7 		.ascii	"\371\301\214\307\\\211\214\013\031Y\201\202\325\014"
  26      5C898C0B 
  26      19598182 
  26      D50C
  27 0059 BF1A3A1A 		.ascii	"\277\032:\032\0042\031\201J!\246e\202\350\213\014\215"
  27      04321981 
  27      4A21A665 
  27      82E88B0C 
  27      8D
  28 006a 0F662AC3 		.ascii	"\017f*\303\024A@\010H\002\344H\373\234\314$}\347\214"
ARM GAS  /tmp/ccF78qpO.s 			page 2


  28      14414008 
  28      4802E448 
  28      FB9CCC24 
  28      7DE78C
  29 007d CCA44CFF 		.ascii	"\314\244L\377\340xC3=C=\023}\375\374b\375\214\304\034"
  29      E0784333 
  29      3D433D13 
  29      7DFDFC62 
  29      FD8CC41C 
  30 0091 FDA4FCC4 		.ascii	"\375\244\374\304\242\224b\375\340\220\370\340\020_c"
  30      A29462FD 
  30      E090F8E0 
  30      105F63
  31 00a0 23379378 		.ascii	"#7\223x\027\317`g\3770\327\240H\210\234^2\003\000R\300"
  31      17CF6067 
  31      FF30D7A0 
  31      48889C5E 
  31      32030052 
  32 00b5 2EF0     		.ascii	".\360"
  33              		.text
  34              		.section	.gnu.lto_boardInit.f826ba32e9f71d05,"",%progbits
  35 0000 789C6362 		.ascii	"x\234cb`b@\007\"@\354\013\304\216 \0163\003#P\005#\023"
  35      60624007 
  35      2240EC0B 
  35      C48E200E 
  35      33032350 
  36 0017 232390C3 		.ascii	"##\220\303\310P\317\304X\037\311\010V\266\236\351\300"
  36      C850CFC4 
  36      581FC908 
  36      56B69EE9 
  36      C0
  37 0028 83FFFFD7 		.ascii	"\203\377\377\327}k\237~\206q>\023H\214\225\241\245\241"
  37      7D6B9F7E 
  37      86713E13 
  37      488C95A1 
  37      A5A1
  38 003a 61820203 		.ascii	"a\202\002\003C2XE\010\230\014\005\351g\276\310\300\230"
  38      43325845 
  38      08980C05 
  38      E967BEC8 
  38      C098
  39 004c C8B89091 		.ascii	"\310\270\220\221\025nI\010\310@\220\335\3669\231I\372"
  39      156E4908 
  39      C84090DD 
  39      F6399949 
  39      FA
  40 005d CE199949 		.ascii	"\316\031\231I\231\376\301\361\206fz\206z&\372\372\371"
  40      99FEC1F1 
  40      86667A86 
  40      7A26FAFA 
  40      F9
  41 006e C5FA1989 		.ascii	"\305\372\031\2119\372I\371\211E)\305\372\301!\361\301"
  41      39FA49F9 
  41      894529C5 
  41      FAC121F1 
  41      C1
  42 007f 21BEC646 		.ascii	"!\276\306Fn&\361.\236\301\316\376a\256A\221\0209\275"
ARM GAS  /tmp/ccF78qpO.s 			page 3


  42      6E26F12E 
  42      9EC1CEFE 
  42      61AE4191 
  42      1039BD
  43 0092 64060036 		.ascii	"d\006\0006\010#\360"
  43      0823F0
  44              		.text
  45              		.section	.gnu.lto_.symbol_nodes.f826ba32e9f71d05,"",%progbits
  46 0000 789C45C8 		.ascii	"x\234E\310\261\015\2000\000\003\301\267#\304T\314\346"
  46      B10D8030 
  46      0003C1B7 
  46      23C454CC 
  46      E6
  47 0011 48692803 		.ascii	"Hi(\003\354EI\315$\210\002\244|wo\314\302\2377\007\372"
  47      EC4549CD 
  47      248802A4 
  47      7C776FCC 
  47      C29F3707 
  48 0026 09C9B5CA 		.ascii	"\011\311\265\312\273\243\301\251\2339\350p\374\335Z"
  48      BBA3C1A9 
  48      9B39E870 
  48      FCDD5A
  49 0035 5528B4FB 		.ascii	"U(\264\373\021/%\022\021\\"
  49      112F2512 
  49      115C
  50              		.text
  51              		.section	.gnu.lto_.refs.f826ba32e9f71d05,"",%progbits
  52 0000 789C6362 		.ascii	"x\234cb`b`d\200\002\000\000F\000\006"
  52      60626064 
  52      80020000 
  52      460006
  53              		.text
  54              		.section	.gnu.lto_.decls.f826ba32e9f71d05,"",%progbits
  55 0000 789CC597 		.ascii	"x\234\305\227_h[U\034\307\177\347&\355\032W\266Ypl\240"
  55      5F685B55 
  55      1CC77FE7 
  55      26ED1A57 
  55      B659706C 
  56 0015 3413A650 		.ascii	"4\023\246P\260\227uE&\312\354\326n]\241\332\262nC\237"
  56      B0977545 
  56      26CAECD6 
  56      6E5DA1DA 
  56      B26E439F 
  57 0029 2EB749BA 		.ascii	".\267I\272\006\323$$7\272=y\032\312\250S1\323NVV\264"
  57      06D32424 
  57      37BA3D79 
  57      1ACAA853 
  57      31D34E56 
  58 003f AD5B6D3B 		.ascii	"\255[m;eu27\254\270[\245TQ\326\031\272Y'\303\350|\030"
  58      65753237 
  58      ACB85BA5 
  58      5451D619 
  58      BA5927C3 
  59 0056 7B121FC6 		.ascii	"{\022\037\306\320\332x\376\335\364\3364Io\020\354\201"
  59      D0DA78FE 
  59      DDF4DE34 
  59      496F10EC 
ARM GAS  /tmp/ccF78qpO.s 			page 4


  59      81
  60 0067 FB3BF7FC 		.ascii	"\373;\367\374\373\374\276\347w\316='\221@\202^\000H"
  60      FBFCBEE7 
  60      77CE3D27 
  60      9140825E 
  60      0048
  61 0079 93F4D33A 		.ascii	"\223\364\323:\200_\021\200\203\224w\302R\242\345!\362"
  61      805F1180 
  61      839477C2 
  61      52A2E521 
  61      F2
  62 008a 8C90678C 		.ascii	"\214\220g\214<\244\013\234\003k\242\355\022y\356\220"
  62      3CA40B9C 
  62      036BA2ED 
  62      1279EE90 
  63 009a 6758D449 		.ascii	"gX\324I\242~\014\226\247\021\323;\312*\033\251\022\336"
  63      A27E0C96 
  63      A711D33B 
  63      CA2A1BA9 
  63      12DE
  64 00ac C3837A6A 		.ascii	"\303\203zj\372\366\304f<\030\327\323\351+u\260\021N"
  64      FAF6C466 
  64      3C18D7D3 
  64      E92B75B0 
  64      114E
  65 00be 6292068F 		.ascii	"b\222\006\217a\2144\025\355|\010^@*Z\347\0027{)w\201"
  65      618C3415 
  65      ED7C085E 
  65      402A5AE7 
  65      02377B29 
  66 00d4 938D55D1 		.ascii	"\223\215U\3210\332(\336\016:\014=\273\021T\301\030\031"
  66      30DA28DE 
  66      0E3A0C3D 
  66      BB1154C1 
  66      1819
  67 00e6 9FC0F8B7 		.ascii	"\237\300\370\267\307Q\016\237\000\217\301Y\352\001\217"
  67      C7510E9F 
  67      008FC159 
  67      EA018F
  68 00f5 6207E353 		.ascii	"b\007\343S\302\020\2524wQ\321\007HZ\256T\2777S\236\350"
  68      C210AA34 
  68      7751D107 
  68      485AAE54 
  68      BF37539E 
  69 010a 4EA5D3EF 		.ascii	"N\245\323\357\273\271{\011\016!\322\371\014\252*H\037"
  69      BBB97B09 
  69      0E21D2F9 
  69      0CAA2A48 
  69      1F
  70 011b C9A67FB8 		.ascii	"\311\246\177\270\234\236J\244N\314\374\276\343\324\005"
  70      9C9E4AA4 
  70      4ECCFCBE 
  70      E3D405
  71 012a DCF31A5E 		.ascii	"\334\363\032^L\277\212\014\017\003(\333\005g\214[\031"
  71      4CBF8A0C 
  71      0F0328DB 
  71      05678C5B 
ARM GAS  /tmp/ccF78qpO.s 			page 5


  71      19
  72 013b 8FC2109E 		.ascii	"\217\302\020\236\320Sg\257\366!\022KL\020iT\001'X,I"
  72      D05367AF 
  72      F621124B 
  72      4C106954 
  72      0127582C 
  73 0150 28BF214B 		.ascii	"(\277!K/\002\231ZoDr\201\006h+\234!\341JM\276\376O-"
  73      2F02995A 
  73      6F447281 
  73      06682B9C 
  73      21E14A4D 
  74 0168 C6656288 		.ascii	"\306eb\210;\177\177\025}\214\266\302\312\375h\317\363"
  74      3B7F7F15 
  74      7D8CB6C2 
  74      CAFD68CF 
  74      F3
  75 0179 4402D7CE 		.ascii	"D\002\327\316\274`}2Y\216\235\274\036r\314J\244-0H;"
  75      BC607D32 
  75      598E9DBC 
  75      1E72CC4A 
  75      A42D3048 
  76 018e FF901C20 		.ascii	"\377\220\034 s\371\012\345\362\205\014_\017g\246\240"
  76      73F90AE5 
  76      F2850C5F 
  76      0F67A6A0 
  77 019e F7271159 		.ascii	"\367'\021Y\227\013\244\277\004w\263\242\266\"\203\312"
  77      970BA4BF 
  77      0477B3A2 
  77      B62283CA 
  78 01ae B9982DF7 		.ascii	"\271\230-\367\347Y&\367\242\015\271q\375\227\331\201"
  78      E75926F7 
  78      A20DB971 
  78      FD97D981 
  79 01be CD54AE0B 		.ascii	"\315T\256\013zI\221\356\340}&o\226\355+b\376\367[\323"
  79      7A4991EE 
  79      E07D266F 
  79      96ED2B62 
  79      FEF75BD3 
  80 01d2 5388AC15 		.ascii	"S\210\254\025i\270L\206IpZ\262\252\266\217\352\177\347"
  80      69B84C86 
  80      49705AB2 
  80      AAB68FEA 
  80      7FE7
  81 01e4 8BA7C8F2 		.ascii	"\213\247\310\362\251h\222\201\222Y \025\255qY\267\017"
  81      A9689281 
  81      92592015 
  81      AD7159B7 
  81      0F
  82 01f5 291B1D28 		.ascii	")\033\035(\2155\213\027zT\254\207b\273Kp\2139\245\301"
  82      8D358B17 
  82      7A54AC87 
  82      62BB4B70 
  82      8B39A5C1 
  83 0209 CA2554BC 		.ascii	"\312%T\274\362$:X\002\230\372\374\273\005G?\326{\034"
  83      F2243A58 
  83      0298FAFC 
  83      BB05473F 
ARM GAS  /tmp/ccF78qpO.s 			page 6


  83      D67B1C
  84 021c 46386E17 		.ascii	"F8n\027\015t[V\344\336lyB5`w\355\300\312\362\252\323"
  84      0D745B56 
  84      E4DE6C79 
  84      42356077 
  84      EDC0CAF2 
  85 0232 FF32C3FE 		.ascii	"\3772\303\376,\032fU\266h\206\335\267\003\333\220_\331"
  85      2C1A6655 
  85      B66886DD 
  85      B703DB90 
  85      5FD9
  86 0244 DB49136C 		.ascii	"\333I\023l\241h\230U\331\273fX\267\303\006lS\016e\271"
  86      A1689855 
  86      D9BB6658 
  86      B7C3066C 
  86      530E65B9 
  87 0258 92F9FB52 		.ascii	"\222\371\373R\321g\344\020Q\321%\264\205\330+\314N1"
  87      D167E410 
  87      51D125B4 
  87      85D82BCC 
  87      4E31
  88 026a FB35B3D3 		.ascii	"\3735\263\323\314\3160\373-\261\231$\3011\246\351\374"
  88      CCCE30FB 
  88      2DB19924 
  88      C131A6E9 
  88      FC
  89 027b 9226EB77 		.ascii	"\222&\353w\274\3226\303\372\374~:A~L\274i\013f\231\241"
  89      BCD236C3 
  89      FAFC7E3A 
  89      417E4CBC 
  89      690B6699 
  90 0290 DB02FBC3 		.ascii	"\333\002\373\303\004\353\263\005\333\221_\331}\023\354"
  90      04EBB305 
  90      DB915FD9 
  90      7D13EC
  91 029f B42D586B 		.ascii	"\264-Xk~e\211\266%\330\260-X8\277\262S&\330\230-X/\312"
  91      7E6589B6 
  91      25D8B02D 
  91      5838BFB2 
  91      5326D898 
  92 02b7 2F6DC244 		.ascii	"/m\302D\233\260E\033E\371\265]6\321.\331\242\351\005"
  92      9BB0451B 
  92      45F9B55D 
  92      36D12ED9 
  92      A2E905
  93 02ca B45D33D1 		.ascii	"\264]3\321\276\264EK\345\322f\332\365|\277O\260\375"
  93      BEB4454B 
  93      E5D266DA 
  93      F57CBF4F 
  93      B0FD
  94 02dc FE09DBD1 		.ascii	"\376\011\333\321\3373{\225\331k\314&\231\235c\366\006"
  94      DF337B95 
  94      D96BCC26 
  94      999D63F6 
  94      06
  95 02ed B3F3CCDE 		.ascii	"\263\363\314\336\264\356\375iG\366\261\316oR\223\267"
  95      B4EEFD69 
ARM GAS  /tmp/ccF78qpO.s 			page 7


  95      47F6B1CE 
  95      6F5293B7 
  96 02fd A52B17FE 		.ascii	"\245+\027\376\273\277\331\214\277\374w\374-\361;\244"
  96      BBBFD98C 
  96      BFFC77FC 
  96      2DF13BA4 
  97 030d 163EC5BD 		.ascii	"\026>\305\275z\202\034\336\0371\011\3245\257\013\363"
  97      7A821CDE 
  97      1F3109D4 
  97      35AF0BF3 
  98 031d 78F2AF5D 		.ascii	"x\362\257]\\\032x.~]\022\237~\346B\341g\200q\255\374"
  98      5C1A782E 
  98      7E5D129F 
  98      7EE642E1 
  98      678071AD 
  99 0332 B848AE15 		.ascii	"\270H\256\025~ \210\2529\334\203\235\342t\310\\>\016"
  99      7E2088AA 
  99      39DC839D 
  99      E274C85C 
  99      3E0E
 100 0344 71501860 		.ascii	"qP\030`<?^\"N\215\214\257*\020Q( h\312m\225\243;\263"
 100      3C3F5E22 
 100      4E8D8CAF 
 100      2A105128 
 100      2068CA6D 
 101 035c F4B06BCE 		.ascii	"\364\260k\316\242\347\344\361i\346\253\260\036\354\266"
 101      A2E7E4F1 
 101      69E6ABB0 
 101      1EECB6
 102 036b CAA903B1 		.ascii	"\312\251\003\261\030\371\305t\343\370\203\205\203\263"
 102      18F9C574 
 102      E3F88385 
 102      83B3
 103 0379 5CCCDC78 		.ascii	"\\\314\334x\337\260\0151\2704+8ol\002\261-\012\004'"
 103      DFB00D31 
 103      B8342B38 
 103      6F6C02B1 
 103      2D0A0427 
 104 038d 8E474B8A 		.ascii	"\216GK\212\025t}\220\255\260YO\245U\016X\245\260r\262"
 104      15747D90 
 104      ADB0594F 
 104      A5550E58 
 104      A5B072B2 
 105 03a1 A090BA62 		.ascii	"\240\220\272bE\300\012\021\311%a\256\240\004\370?$\334"
 105      45C00A11 
 105      C92561AE 
 105      A004F83F 
 105      24DC
 106 03b3 587D09F3 		.ascii	"X}\011\363\253/\341\346jK\000X\013\307\227~\201\363"
 106      AB2FE1E6 
 106      6A4B0058 
 106      0BC7977E 
 106      81F3
 107 03c5 BF64B97E 		.ascii	"\277d\271~\012\321\241w\320\332\314\321\371l\300\337"
 107      0AD1A177 
 107      D0DACCD1 
 107      F96CC0DF 
ARM GAS  /tmp/ccF78qpO.s 			page 8


 108 03d5 2ED777FA 		.ascii	".\327w\372\333\375-m\312\266'\253\267U\327\312r(*w\252"
 108      DBFD2D6D 
 108      CAB627AB 
 108      B755D7CA 
 108      72282A77 
 109 03ea 01B93DA4 		.ascii	"\001\271=\244F\274Q\271\355\200\322v\340\271\3555{k"
 109      46BC51B9 
 109      ED80D276 
 109      E0B9ED35 
 109      7B6B
 110 03fc 9586A6B6 		.ascii	"\225\206\246\266\372\226C{\366\277\310\333\252=P\256"
 110      FA96437B 
 110      F6BFC8DB 
 110      AA3D50AE 
 111 040c 283E3512 		.ascii	"(>5\0228\252\370\203~\255\264\361\371\203\356zp\261"
 111      38AAF883 
 111      7EADB4F1 
 111      F983EE7A 
 111      70B1
 112 041e C62652F1 		.ascii	"\306&R\361t\001z8\024\321(\234\220e\301?r\204\266(\201"
 112      74017A38 
 112      14D1289C 
 112      9065C13F 
 112      7284B628 
 113 0433 80B7BA13 		.ascii	"\200\267\272\0236D\265\256\3555\212'\020\362\274\304"
 113      3644B5AE 
 113      ED358A27 
 113      10F2BCC4 
 114 0443 E8CFD884 		.ascii	"\350\317\330\204577\310\215\255M-/\327\310\341\014\255"
 114      353737C8 
 114      8DAD4D2D 
 114      2FD7C8E1 
 114      0CAD
 115 0455 82D30E87 		.ascii	"\202\323\016\207\375!%\352\323baE{D\216E#\262?\350\011"
 115      FD2125EA 
 115      D3626145 
 115      7B448E45 
 115      23B23FE8 
 116 046a C4BC3E39 		.ascii	"\304\274>9\350{\205\362\243\232\327\037\324\310\200"
 116      E87B85F2 
 116      A39AD71F 
 116      D4C880
 117 0479 B218C9C9 		.ascii	"\262\030\311\311\010\355\211\\\335\272TO\247?\350\223"
 117      08ED895C 
 117      DDBA544F 
 117      A73FE893 
 118 0489 15AFAF43 		.ascii	"\025\257\257C\215\0054E;\032\366E\311\260\007\024\305"
 118      8D053445 
 118      3B1AF645 
 118      C9B00714 
 118      C5
 119 049a 1858D215 		.ascii	"\030X\322\025\362\372\"\245!\332\024Y\023\212\206}>"
 119      F2FA22A5 
 119      21DA1459 
 119      138A867D 
 119      3E
 120 04ab 6FA4241C 		.ascii	"o\244$\034\013{#\216\2207\342T;\"\001j:K[w5\250\232"
ARM GAS  /tmp/ccF78qpO.s 			page 9


 120      0B7B238E 
 120      9037E254 
 120      3B22016A 
 120      3A4B5B77 
 121 04c2 5ADABA9B 		.ascii	"Z\332\272\233g\365<k\340\331\036\236\355\345Y#\317\366"
 121      67F53C6B 
 121      E0D91E9E 
 121      EDE55923 
 121      CFF6
 122 04d4 F1AC8966 		.ascii	"\361\254\211f\256\326]\315\365\241`\207\377p\005\235"
 122      AED65DCD 
 122      F5A16087 
 122      FF70059D 
 123 04e4 AFA1C8C3 		.ascii	"\257\241\310\303\252\376\005\354\240\212\006"
 123      AAFE05EC 
 123      A08A06
 124              		.text
 125              		.section	.gnu.lto_.symtab.f826ba32e9f71d05,"",%progbits
 126 0000 5F5F6561 		.ascii	"__early_init\000\000\000\000\000\000\000\000\000\000"
 126      726C795F 
 126      696E6974 
 126      00000000 
 126      00000000 
 127 0016 0000A100 		.ascii	"\000\000\241\000\000\000boardInit\000\000\000\000\000"
 127      0000626F 
 127      61726449 
 127      6E697400 
 127      00000000 
 128 002a 00000000 		.ascii	"\000\000\000\000\000\000\000\246\000\000\000pal_def"
 128      000000A6 
 128      00000070 
 128      616C5F64 
 128      6566
 129 003c 61756C74 		.ascii	"ault_config\000\000\000\000\000\000\000\000\000\000"
 129      5F636F6E 
 129      66696700 
 129      00000000 
 129      00000000 
 130 0051 0000AB00 		.ascii	"\000\000\253\000\000\000stm32_clock_init\000\000\002"
 130      00007374 
 130      6D33325F 
 130      636C6F63 
 130      6B5F696E 
 131 006a 00000000 		.ascii	"\000\000\000\000\000\000\000\000\000\251\000\000\000"
 131      00000000 
 131      00A90000 
 131      00
 132              		.text
 133              		.section	.gnu.lto_.opts,"",%progbits
 134 0000 272D6D63 		.ascii	"'-mcpu=cortex-m4' '-mno-thumb-interwork' '-mthumb' "
 134      70753D63 
 134      6F727465 
 134      782D6D34 
 134      2720272D 
 135 0033 272D6767 		.ascii	"'-ggdb' '-O0' '-fomit-frame-pointer' '-falign-funct"
 135      64622720 
 135      272D4F30 
ARM GAS  /tmp/ccF78qpO.s 			page 10


 135      2720272D 
 135      666F6D69 
 136 0066 696F6E73 		.ascii	"ions=16' '-ffunction-sections' '-fdata-sections' '-"
 136      3D313627 
 136      20272D66 
 136      66756E63 
 136      74696F6E 
 137 0099 666E6F2D 		.ascii	"fno-common' '-flto'\000"
 137      636F6D6D 
 137      6F6E2720 
 137      272D666C 
 137      746F2700 
 138              		.text
 139              		.cfi_sections	.debug_frame
 140              		.global	pal_default_config
 141              		.section	.rodata.pal_default_config,"a",%progbits
 142              		.align	2
 143              		.type	pal_default_config, %object
 144              		.size	pal_default_config, 252
 145              	pal_default_config:
 146 0000 00AAA02A 		.word	715172352
 147 0004 00000000 		.word	0
 148 0008 FFABFFFF 		.word	-21505
 149 000c 54000140 		.word	1073807444
 150 0010 FFFF0000 		.word	65535
 151 0014 00005655 		.word	1431699456
 152 0018 00AA0A00 		.word	698880
 153 001c 80200800 		.word	532608
 154 0020 40020000 		.word	576
 155 0024 FFFFFFFF 		.word	-1
 156 0028 15455155 		.word	1431389461
 157 002c FFFF0000 		.word	65535
 158 0030 00000004 		.word	67108864
 159 0034 40000000 		.word	64
 160 0038 01802002 		.word	35684353
 161 003c 00000000 		.word	0
 162 0040 FFFFFFFF 		.word	-1
 163 0044 54154554 		.word	1413813588
 164 0048 FFFF0000 		.word	65535
 165 004c 00000060 		.word	1610612736
 166 0050 00060600 		.word	394752
 167 0054 00010055 		.word	1426063616
 168 0058 00000000 		.word	0
 169 005c FFFFFFFF 		.word	-1
 170 0060 55505500 		.word	5591125
 171 0064 FF0F0000 		.word	4095
 172 0068 00000000 		.word	0
 173 006c 00000000 		.word	0
 174 0070 40000000 		.word	64
 175 0074 00000000 		.word	0
 176 0078 FFFFFFFF 		.word	-1
 177 007c 00000000 		.word	0
 178 0080 FFFF0000 		.word	65535
 179 0084 00000000 		.word	0
 180 0088 00000000 		.word	0
 181 008c 00000000 		.word	0
 182 0090 00000000 		.word	0
ARM GAS  /tmp/ccF78qpO.s 			page 11


 183 0094 FFFFFFFF 		.word	-1
 184 0098 00000000 		.word	0
 185 009c FFFF0000 		.word	65535
 186 00a0 00000000 		.word	0
 187 00a4 00000000 		.word	0
 188 00a8 00000000 		.word	0
 189 00ac 00000000 		.word	0
 190 00b0 FFFFFFFF 		.word	-1
 191 00b4 00000000 		.word	0
 192 00b8 FFFF0000 		.word	65535
 193 00bc 00000000 		.word	0
 194 00c0 00000000 		.word	0
 195 00c4 00000000 		.word	0
 196 00c8 00000000 		.word	0
 197 00cc FFFFFFFF 		.word	-1
 198 00d0 00000000 		.word	0
 199 00d4 FFFF0000 		.word	65535
 200 00d8 00000000 		.word	0
 201 00dc 00000000 		.word	0
 202 00e0 00000000 		.word	0
 203 00e4 00000000 		.word	0
 204 00e8 FFFFFFFF 		.word	-1
 205 00ec 00000000 		.word	0
 206 00f0 FFFF0000 		.word	65535
 207 00f4 00000000 		.word	0
 208 00f8 00000000 		.word	0
 209              		.section	.text.__early_init,"ax",%progbits
 210              		.align	2
 211              		.p2align 4,,15
 212              		.global	__early_init
 213              		.thumb
 214              		.thumb_func
 215              		.type	__early_init, %function
 216              	__early_init:
 217              	.LFB272:
 218              		.file 1 "lib/ChibiOS_16.1.4//os/hal/boards/ST_STM32F4_DISCOVERY/board.c"
 219              		.loc 1 70 0
 220              		.cfi_startproc
 221              		@ args = 0, pretend = 0, frame = 0
 222              		@ frame_needed = 0, uses_anonymous_args = 0
 223 0000 08B5     		push	{r3, lr}
 224              		.cfi_def_cfa_offset 8
 225              		.cfi_offset 3, -8
 226              		.cfi_offset 14, -4
 227              		.loc 1 72 0
 228 0002 FFF7FEFF 		bl	stm32_clock_init
 229              		.loc 1 73 0
 230 0006 08BD     		pop	{r3, pc}
 231              		.cfi_endproc
 232              	.LFE272:
 233              		.size	__early_init, .-__early_init
 234 0008 AFF30080 		.section	.text.boardInit,"ax",%progbits
 234      AFF30080 
 235              		.align	2
 236              		.p2align 4,,15
 237              		.global	boardInit
 238              		.thumb
ARM GAS  /tmp/ccF78qpO.s 			page 12


 239              		.thumb_func
 240              		.type	boardInit, %function
 241              	boardInit:
 242              	.LFB273:
 243              		.loc 1 123 0
 244              		.cfi_startproc
 245              		@ args = 0, pretend = 0, frame = 0
 246              		@ frame_needed = 0, uses_anonymous_args = 0
 247              		@ link register save eliminated.
 248              		.loc 1 124 0
 249 0000 7047     		bx	lr
 250              		.cfi_endproc
 251              	.LFE273:
 252              		.size	boardInit, .-boardInit
 253 0002 00BFAFF3 		.text
 253      0080AFF3 
 253      0080AFF3 
 253      0080
 254              	.Letext0:
 255              		.file 2 "/usr/lib/gcc/arm-none-eabi/4.8.2/include/stddef.h"
 256              		.file 3 "/usr/include/newlib/machine/_default_types.h"
 257              		.file 4 "/usr/include/newlib/stdint.h"
 258              		.file 5 "lib/ChibiOS_16.1.4//os/rt/ports/ARMCMx/compilers/GCC/chtypes.h"
 259              		.file 6 "lib/ChibiOS_16.1.4//os/rt/include/chsystypes.h"
 260              		.file 7 "lib/ChibiOS_16.1.4//os/rt/include/chschd.h"
 261              		.file 8 "lib/ChibiOS_16.1.4//os/rt/ports/ARMCMx/chcore.h"
 262              		.file 9 "lib/ChibiOS_16.1.4//os/rt/ports/ARMCMx/chcore_v7m.h"
 263              		.file 10 "lib/ChibiOS_16.1.4//os/rt/include/chdebug.h"
 264              		.file 11 "lib/ChibiOS_16.1.4//os/rt/include/chtm.h"
 265              		.file 12 "lib/ChibiOS_16.1.4//os/rt/include/chstats.h"
 266              		.file 13 "lib/ChibiOS_16.1.4//os/rt/include/chsem.h"
 267              		.file 14 "lib/ChibiOS_16.1.4//os/rt/include/chmtx.h"
 268              		.file 15 "lib/ChibiOS_16.1.4//os/hal/ports/STM32/LLD/GPIOv2/pal_lld.h"
 269              		.file 16 "lib/ChibiOS_16.1.4//os/ext/CMSIS/include/core_cm4.h"
 270              		.section	.debug_info,"",%progbits
 271              	.Ldebug_info0:
 272 0000 02090000 		.4byte	0x902
 273 0004 0400     		.2byte	0x4
 274 0006 00000000 		.4byte	.Ldebug_abbrev0
 275 000a 04       		.byte	0x4
 276 000b 01       		.uleb128 0x1
 277 000c 02030000 		.4byte	.LASF151
 278 0010 01       		.byte	0x1
 279 0011 18010000 		.4byte	.LASF152
 280 0015 81010000 		.4byte	.LASF153
 281 0019 00000000 		.4byte	.Ldebug_ranges0+0
 282 001d 00000000 		.4byte	0
 283 0021 00000000 		.4byte	.Ldebug_line0
 284 0025 02       		.uleb128 0x2
 285 0026 04       		.byte	0x4
 286 0027 05       		.byte	0x5
 287 0028 696E7400 		.ascii	"int\000"
 288 002c 03       		.uleb128 0x3
 289 002d 2F000000 		.4byte	.LASF2
 290 0031 02       		.byte	0x2
 291 0032 D4       		.byte	0xd4
 292 0033 37000000 		.4byte	0x37
ARM GAS  /tmp/ccF78qpO.s 			page 13


 293 0037 04       		.uleb128 0x4
 294 0038 04       		.byte	0x4
 295 0039 07       		.byte	0x7
 296 003a 65020000 		.4byte	.LASF0
 297 003e 04       		.uleb128 0x4
 298 003f 01       		.byte	0x1
 299 0040 06       		.byte	0x6
 300 0041 75010000 		.4byte	.LASF1
 301 0045 03       		.uleb128 0x3
 302 0046 53000000 		.4byte	.LASF3
 303 004a 03       		.byte	0x3
 304 004b 1C       		.byte	0x1c
 305 004c 50000000 		.4byte	0x50
 306 0050 04       		.uleb128 0x4
 307 0051 01       		.byte	0x1
 308 0052 08       		.byte	0x8
 309 0053 E1040000 		.4byte	.LASF4
 310 0057 04       		.uleb128 0x4
 311 0058 02       		.byte	0x2
 312 0059 05       		.byte	0x5
 313 005a 04050000 		.4byte	.LASF5
 314 005e 04       		.uleb128 0x4
 315 005f 02       		.byte	0x2
 316 0060 07       		.byte	0x7
 317 0061 B8020000 		.4byte	.LASF6
 318 0065 03       		.uleb128 0x3
 319 0066 D2030000 		.4byte	.LASF7
 320 006a 03       		.byte	0x3
 321 006b 37       		.byte	0x37
 322 006c 70000000 		.4byte	0x70
 323 0070 04       		.uleb128 0x4
 324 0071 04       		.byte	0x4
 325 0072 05       		.byte	0x5
 326 0073 C6010000 		.4byte	.LASF8
 327 0077 03       		.uleb128 0x3
 328 0078 F7050000 		.4byte	.LASF9
 329 007c 03       		.byte	0x3
 330 007d 38       		.byte	0x38
 331 007e 82000000 		.4byte	0x82
 332 0082 04       		.uleb128 0x4
 333 0083 04       		.byte	0x4
 334 0084 07       		.byte	0x7
 335 0085 AD050000 		.4byte	.LASF10
 336 0089 04       		.uleb128 0x4
 337 008a 08       		.byte	0x8
 338 008b 05       		.byte	0x5
 339 008c 67010000 		.4byte	.LASF11
 340 0090 03       		.uleb128 0x3
 341 0091 83040000 		.4byte	.LASF12
 342 0095 03       		.byte	0x3
 343 0096 4E       		.byte	0x4e
 344 0097 9B000000 		.4byte	0x9b
 345 009b 04       		.uleb128 0x4
 346 009c 08       		.byte	0x8
 347 009d 07       		.byte	0x7
 348 009e A9000000 		.4byte	.LASF13
 349 00a2 03       		.uleb128 0x3
ARM GAS  /tmp/ccF78qpO.s 			page 14


 350 00a3 62060000 		.4byte	.LASF14
 351 00a7 04       		.byte	0x4
 352 00a8 2A       		.byte	0x2a
 353 00a9 45000000 		.4byte	0x45
 354 00ad 03       		.uleb128 0x3
 355 00ae D9040000 		.4byte	.LASF15
 356 00b2 04       		.byte	0x4
 357 00b3 41       		.byte	0x41
 358 00b4 65000000 		.4byte	0x65
 359 00b8 03       		.uleb128 0x3
 360 00b9 7C050000 		.4byte	.LASF16
 361 00bd 04       		.byte	0x4
 362 00be 42       		.byte	0x42
 363 00bf 77000000 		.4byte	0x77
 364 00c3 03       		.uleb128 0x3
 365 00c4 3D000000 		.4byte	.LASF17
 366 00c8 04       		.byte	0x4
 367 00c9 4E       		.byte	0x4e
 368 00ca 90000000 		.4byte	0x90
 369 00ce 03       		.uleb128 0x3
 370 00cf 1B060000 		.4byte	.LASF18
 371 00d3 05       		.byte	0x5
 372 00d4 39       		.byte	0x39
 373 00d5 B8000000 		.4byte	0xb8
 374 00d9 03       		.uleb128 0x3
 375 00da 57010000 		.4byte	.LASF19
 376 00de 05       		.byte	0x5
 377 00df 3A       		.byte	0x3a
 378 00e0 C3000000 		.4byte	0xc3
 379 00e4 03       		.uleb128 0x3
 380 00e5 A5030000 		.4byte	.LASF20
 381 00e9 05       		.byte	0x5
 382 00ea 3C       		.byte	0x3c
 383 00eb A2000000 		.4byte	0xa2
 384 00ef 03       		.uleb128 0x3
 385 00f0 D6010000 		.4byte	.LASF21
 386 00f4 05       		.byte	0x5
 387 00f5 3D       		.byte	0x3d
 388 00f6 A2000000 		.4byte	0xa2
 389 00fa 03       		.uleb128 0x3
 390 00fb 99040000 		.4byte	.LASF22
 391 00ff 05       		.byte	0x5
 392 0100 3E       		.byte	0x3e
 393 0101 A2000000 		.4byte	0xa2
 394 0105 03       		.uleb128 0x3
 395 0106 C2040000 		.4byte	.LASF23
 396 010a 05       		.byte	0x5
 397 010b 40       		.byte	0x40
 398 010c B8000000 		.4byte	0xb8
 399 0110 03       		.uleb128 0x3
 400 0111 E4020000 		.4byte	.LASF24
 401 0115 05       		.byte	0x5
 402 0116 41       		.byte	0x41
 403 0117 AD000000 		.4byte	0xad
 404 011b 03       		.uleb128 0x3
 405 011c C6030000 		.4byte	.LASF25
 406 0120 05       		.byte	0x5
ARM GAS  /tmp/ccF78qpO.s 			page 15


 407 0121 43       		.byte	0x43
 408 0122 B8000000 		.4byte	0xb8
 409 0126 03       		.uleb128 0x3
 410 0127 54020000 		.4byte	.LASF26
 411 012b 05       		.byte	0x5
 412 012c 45       		.byte	0x45
 413 012d AD000000 		.4byte	0xad
 414 0131 03       		.uleb128 0x3
 415 0132 EF020000 		.4byte	.LASF27
 416 0136 05       		.byte	0x5
 417 0137 46       		.byte	0x46
 418 0138 B8000000 		.4byte	0xb8
 419 013c 03       		.uleb128 0x3
 420 013d D9050000 		.4byte	.LASF28
 421 0141 06       		.byte	0x6
 422 0142 33       		.byte	0x33
 423 0143 B8000000 		.4byte	0xb8
 424 0147 03       		.uleb128 0x3
 425 0148 C4050000 		.4byte	.LASF29
 426 014c 06       		.byte	0x6
 427 014d 3F       		.byte	0x3f
 428 014e 52010000 		.4byte	0x152
 429 0152 05       		.uleb128 0x5
 430 0153 DA020000 		.4byte	.LASF51
 431 0157 60       		.byte	0x60
 432 0158 07       		.byte	0x7
 433 0159 C2       		.byte	0xc2
 434 015a 58020000 		.4byte	0x258
 435 015e 06       		.uleb128 0x6
 436 015f 35050000 		.4byte	.LASF30
 437 0163 07       		.byte	0x7
 438 0164 C3       		.byte	0xc3
 439 0165 63020000 		.4byte	0x263
 440 0169 00       		.byte	0
 441 016a 06       		.uleb128 0x6
 442 016b BB040000 		.4byte	.LASF31
 443 016f 07       		.byte	0x7
 444 0170 C5       		.byte	0xc5
 445 0171 63020000 		.4byte	0x263
 446 0175 04       		.byte	0x4
 447 0176 06       		.uleb128 0x6
 448 0177 60010000 		.4byte	.LASF32
 449 017b 07       		.byte	0x7
 450 017c C7       		.byte	0xc7
 451 017d 05010000 		.4byte	0x105
 452 0181 08       		.byte	0x8
 453 0182 06       		.uleb128 0x6
 454 0183 CE060000 		.4byte	.LASF33
 455 0187 07       		.byte	0x7
 456 0188 C8       		.byte	0xc8
 457 0189 CC040000 		.4byte	0x4cc
 458 018d 0C       		.byte	0xc
 459 018e 06       		.uleb128 0x6
 460 018f E5010000 		.4byte	.LASF34
 461 0193 07       		.byte	0x7
 462 0194 CA       		.byte	0xca
 463 0195 63020000 		.4byte	0x263
ARM GAS  /tmp/ccF78qpO.s 			page 16


 464 0199 10       		.byte	0x10
 465 019a 06       		.uleb128 0x6
 466 019b 46040000 		.4byte	.LASF35
 467 019f 07       		.byte	0x7
 468 01a0 CB       		.byte	0xcb
 469 01a1 63020000 		.4byte	0x263
 470 01a5 14       		.byte	0x14
 471 01a6 06       		.uleb128 0x6
 472 01a7 71060000 		.4byte	.LASF36
 473 01ab 07       		.byte	0x7
 474 01ac D2       		.byte	0xd2
 475 01ad 70070000 		.4byte	0x770
 476 01b1 18       		.byte	0x18
 477 01b2 06       		.uleb128 0x6
 478 01b3 5A020000 		.4byte	.LASF37
 479 01b7 07       		.byte	0x7
 480 01b8 D8       		.byte	0xd8
 481 01b9 82070000 		.4byte	0x782
 482 01bd 1C       		.byte	0x1c
 483 01be 06       		.uleb128 0x6
 484 01bf 0E050000 		.4byte	.LASF38
 485 01c3 07       		.byte	0x7
 486 01c4 DD       		.byte	0xdd
 487 01c5 EF000000 		.4byte	0xef
 488 01c9 20       		.byte	0x20
 489 01ca 06       		.uleb128 0x6
 490 01cb 3C050000 		.4byte	.LASF39
 491 01cf 07       		.byte	0x7
 492 01d0 E1       		.byte	0xe1
 493 01d1 E4000000 		.4byte	0xe4
 494 01d5 21       		.byte	0x21
 495 01d6 06       		.uleb128 0x6
 496 01d7 4D060000 		.4byte	.LASF40
 497 01db 07       		.byte	0x7
 498 01dc E6       		.byte	0xe6
 499 01dd FA000000 		.4byte	0xfa
 500 01e1 22       		.byte	0x22
 501 01e2 07       		.uleb128 0x7
 502 01e3 705F7500 		.ascii	"p_u\000"
 503 01e7 07       		.byte	0x7
 504 01e8 3101     		.2byte	0x131
 505 01ea AB060000 		.4byte	0x6ab
 506 01ee 24       		.byte	0x24
 507 01ef 08       		.uleb128 0x8
 508 01f0 EE030000 		.4byte	.LASF41
 509 01f4 07       		.byte	0x7
 510 01f5 3601     		.2byte	0x136
 511 01f7 69020000 		.4byte	0x269
 512 01fb 28       		.byte	0x28
 513 01fc 08       		.uleb128 0x8
 514 01fd 81020000 		.4byte	.LASF42
 515 0201 07       		.byte	0x7
 516 0202 3C01     		.2byte	0x13c
 517 0204 8D020000 		.4byte	0x28d
 518 0208 2C       		.byte	0x2c
 519 0209 08       		.uleb128 0x8
 520 020a 9B060000 		.4byte	.LASF43
ARM GAS  /tmp/ccF78qpO.s 			page 17


 521 020e 07       		.byte	0x7
 522 020f 4001     		.2byte	0x140
 523 0211 10010000 		.4byte	0x110
 524 0215 34       		.byte	0x34
 525 0216 08       		.uleb128 0x8
 526 0217 71050000 		.4byte	.LASF44
 527 021b 07       		.byte	0x7
 528 021c 4601     		.2byte	0x146
 529 021e 1B010000 		.4byte	0x11b
 530 0222 38       		.byte	0x38
 531 0223 08       		.uleb128 0x8
 532 0224 FA040000 		.4byte	.LASF45
 533 0228 07       		.byte	0x7
 534 0229 4D01     		.2byte	0x14d
 535 022b 6A070000 		.4byte	0x76a
 536 022f 3C       		.byte	0x3c
 537 0230 08       		.uleb128 0x8
 538 0231 E3050000 		.4byte	.LASF46
 539 0235 07       		.byte	0x7
 540 0236 5101     		.2byte	0x151
 541 0238 05010000 		.4byte	0x105
 542 023c 40       		.byte	0x40
 543 023d 08       		.uleb128 0x8
 544 023e A0010000 		.4byte	.LASF47
 545 0242 07       		.byte	0x7
 546 0243 5801     		.2byte	0x158
 547 0245 40030000 		.4byte	0x340
 548 0249 44       		.byte	0x44
 549 024a 08       		.uleb128 0x8
 550 024b 44050000 		.4byte	.LASF48
 551 024f 07       		.byte	0x7
 552 0250 5E01     		.2byte	0x15e
 553 0252 5C060000 		.4byte	0x65c
 554 0256 48       		.byte	0x48
 555 0257 00       		.byte	0
 556 0258 03       		.uleb128 0x3
 557 0259 01040000 		.4byte	.LASF49
 558 025d 06       		.byte	0x6
 559 025e 44       		.byte	0x44
 560 025f 63020000 		.4byte	0x263
 561 0263 09       		.uleb128 0x9
 562 0264 04       		.byte	0x4
 563 0265 47010000 		.4byte	0x147
 564 0269 03       		.uleb128 0x3
 565 026a 7F060000 		.4byte	.LASF50
 566 026e 06       		.byte	0x6
 567 026f 49       		.byte	0x49
 568 0270 74020000 		.4byte	0x274
 569 0274 05       		.uleb128 0x5
 570 0275 9D050000 		.4byte	.LASF52
 571 0279 04       		.byte	0x4
 572 027a 07       		.byte	0x7
 573 027b B0       		.byte	0xb0
 574 027c 8D020000 		.4byte	0x28d
 575 0280 06       		.uleb128 0x6
 576 0281 35050000 		.4byte	.LASF30
 577 0285 07       		.byte	0x7
ARM GAS  /tmp/ccF78qpO.s 			page 18


 578 0286 B1       		.byte	0xb1
 579 0287 63020000 		.4byte	0x263
 580 028b 00       		.byte	0
 581 028c 00       		.byte	0
 582 028d 03       		.uleb128 0x3
 583 028e 34060000 		.4byte	.LASF53
 584 0292 06       		.byte	0x6
 585 0293 50       		.byte	0x50
 586 0294 98020000 		.4byte	0x298
 587 0298 05       		.uleb128 0x5
 588 0299 69000000 		.4byte	.LASF54
 589 029d 08       		.byte	0x8
 590 029e 07       		.byte	0x7
 591 029f B7       		.byte	0xb7
 592 02a0 BD020000 		.4byte	0x2bd
 593 02a4 06       		.uleb128 0x6
 594 02a5 35050000 		.4byte	.LASF30
 595 02a9 07       		.byte	0x7
 596 02aa B8       		.byte	0xb8
 597 02ab 63020000 		.4byte	0x263
 598 02af 00       		.byte	0
 599 02b0 06       		.uleb128 0x6
 600 02b1 BB040000 		.4byte	.LASF31
 601 02b5 07       		.byte	0x7
 602 02b6 B9       		.byte	0xb9
 603 02b7 63020000 		.4byte	0x263
 604 02bb 04       		.byte	0x4
 605 02bc 00       		.byte	0
 606 02bd 03       		.uleb128 0x3
 607 02be 1A000000 		.4byte	.LASF55
 608 02c2 06       		.byte	0x6
 609 02c3 57       		.byte	0x57
 610 02c4 C8020000 		.4byte	0x2c8
 611 02c8 0A       		.uleb128 0xa
 612 02c9 B8030000 		.4byte	.LASF56
 613 02cd 1C       		.byte	0x1c
 614 02ce 07       		.byte	0x7
 615 02cf 9001     		.2byte	0x190
 616 02d1 24030000 		.4byte	0x324
 617 02d5 08       		.uleb128 0x8
 618 02d6 8C050000 		.4byte	.LASF57
 619 02da 07       		.byte	0x7
 620 02db 9101     		.2byte	0x191
 621 02dd 8D020000 		.4byte	0x28d
 622 02e1 00       		.byte	0
 623 02e2 08       		.uleb128 0x8
 624 02e3 20050000 		.4byte	.LASF58
 625 02e7 07       		.byte	0x7
 626 02e8 9201     		.2byte	0x192
 627 02ea 05010000 		.4byte	0x105
 628 02ee 08       		.byte	0x8
 629 02ef 08       		.uleb128 0x8
 630 02f0 4E040000 		.4byte	.LASF59
 631 02f4 07       		.byte	0x7
 632 02f5 9401     		.2byte	0x194
 633 02f7 CC040000 		.4byte	0x4cc
 634 02fb 0C       		.byte	0xc
ARM GAS  /tmp/ccF78qpO.s 			page 19


 635 02fc 08       		.uleb128 0x8
 636 02fd FD010000 		.4byte	.LASF60
 637 0301 07       		.byte	0x7
 638 0302 9701     		.2byte	0x197
 639 0304 63020000 		.4byte	0x263
 640 0308 10       		.byte	0x10
 641 0309 08       		.uleb128 0x8
 642 030a 7B040000 		.4byte	.LASF61
 643 030e 07       		.byte	0x7
 644 030f 9801     		.2byte	0x198
 645 0311 63020000 		.4byte	0x263
 646 0315 14       		.byte	0x14
 647 0316 08       		.uleb128 0x8
 648 0317 71040000 		.4byte	.LASF62
 649 031b 07       		.byte	0x7
 650 031c 9B01     		.2byte	0x19b
 651 031e 63020000 		.4byte	0x263
 652 0322 18       		.byte	0x18
 653 0323 00       		.byte	0
 654 0324 03       		.uleb128 0x3
 655 0325 EE050000 		.4byte	.LASF63
 656 0329 06       		.byte	0x6
 657 032a 5C       		.byte	0x5c
 658 032b 2F030000 		.4byte	0x32f
 659 032f 09       		.uleb128 0x9
 660 0330 04       		.byte	0x4
 661 0331 35030000 		.4byte	0x335
 662 0335 0B       		.uleb128 0xb
 663 0336 40030000 		.4byte	0x340
 664 033a 0C       		.uleb128 0xc
 665 033b 40030000 		.4byte	0x340
 666 033f 00       		.byte	0
 667 0340 0D       		.uleb128 0xd
 668 0341 04       		.byte	0x4
 669 0342 03       		.uleb128 0x3
 670 0343 AB040000 		.4byte	.LASF64
 671 0347 06       		.byte	0x6
 672 0348 61       		.byte	0x61
 673 0349 4D030000 		.4byte	0x34d
 674 034d 0A       		.uleb128 0xa
 675 034e 53050000 		.4byte	.LASF65
 676 0352 14       		.byte	0x14
 677 0353 07       		.byte	0x7
 678 0354 6B01     		.2byte	0x16b
 679 0356 9C030000 		.4byte	0x39c
 680 035a 08       		.uleb128 0x8
 681 035b 72020000 		.4byte	.LASF66
 682 035f 07       		.byte	0x7
 683 0360 6C01     		.2byte	0x16c
 684 0362 88070000 		.4byte	0x788
 685 0366 00       		.byte	0
 686 0367 08       		.uleb128 0x8
 687 0368 0E020000 		.4byte	.LASF67
 688 036c 07       		.byte	0x7
 689 036d 6D01     		.2byte	0x16d
 690 036f 88070000 		.4byte	0x788
 691 0373 04       		.byte	0x4
ARM GAS  /tmp/ccF78qpO.s 			page 20


 692 0374 08       		.uleb128 0x8
 693 0375 94050000 		.4byte	.LASF68
 694 0379 07       		.byte	0x7
 695 037a 6E01     		.2byte	0x16e
 696 037c 3C010000 		.4byte	0x13c
 697 0380 08       		.byte	0x8
 698 0381 08       		.uleb128 0x8
 699 0382 D4060000 		.4byte	.LASF69
 700 0386 07       		.byte	0x7
 701 0387 6F01     		.2byte	0x16f
 702 0389 24030000 		.4byte	0x324
 703 038d 0C       		.byte	0xc
 704 038e 08       		.uleb128 0x8
 705 038f 23060000 		.4byte	.LASF70
 706 0393 07       		.byte	0x7
 707 0394 7101     		.2byte	0x171
 708 0396 40030000 		.4byte	0x340
 709 039a 10       		.byte	0x10
 710 039b 00       		.byte	0
 711 039c 03       		.uleb128 0x3
 712 039d F5000000 		.4byte	.LASF71
 713 03a1 06       		.byte	0x6
 714 03a2 66       		.byte	0x66
 715 03a3 A7030000 		.4byte	0x3a7
 716 03a7 0A       		.uleb128 0xa
 717 03a8 14040000 		.4byte	.LASF72
 718 03ac 10       		.byte	0x10
 719 03ad 07       		.byte	0x7
 720 03ae 7B01     		.2byte	0x17b
 721 03b0 E9030000 		.4byte	0x3e9
 722 03b4 08       		.uleb128 0x8
 723 03b5 72020000 		.4byte	.LASF66
 724 03b9 07       		.byte	0x7
 725 03ba 7C01     		.2byte	0x17c
 726 03bc 88070000 		.4byte	0x788
 727 03c0 00       		.byte	0
 728 03c1 08       		.uleb128 0x8
 729 03c2 0E020000 		.4byte	.LASF67
 730 03c6 07       		.byte	0x7
 731 03c7 7E01     		.2byte	0x17e
 732 03c9 88070000 		.4byte	0x788
 733 03cd 04       		.byte	0x4
 734 03ce 08       		.uleb128 0x8
 735 03cf 94050000 		.4byte	.LASF68
 736 03d3 07       		.byte	0x7
 737 03d4 8001     		.2byte	0x180
 738 03d6 3C010000 		.4byte	0x13c
 739 03da 08       		.byte	0x8
 740 03db 08       		.uleb128 0x8
 741 03dc 3A040000 		.4byte	.LASF73
 742 03e0 07       		.byte	0x7
 743 03e1 8801     		.2byte	0x188
 744 03e3 3C010000 		.4byte	0x13c
 745 03e7 0C       		.byte	0xc
 746 03e8 00       		.byte	0
 747 03e9 03       		.uleb128 0x3
 748 03ea 7A000000 		.4byte	.LASF74
ARM GAS  /tmp/ccF78qpO.s 			page 21


 749 03ee 06       		.byte	0x6
 750 03ef 6B       		.byte	0x6b
 751 03f0 F4030000 		.4byte	0x3f4
 752 03f4 0E       		.uleb128 0xe
 753 03f5 1D020000 		.4byte	.LASF75
 754 03f9 1404     		.2byte	0x414
 755 03fb 07       		.byte	0x7
 756 03fc A201     		.2byte	0x1a2
 757 03fe 37040000 		.4byte	0x437
 758 0402 08       		.uleb128 0x8
 759 0403 02060000 		.4byte	.LASF76
 760 0407 07       		.byte	0x7
 761 0408 AA01     		.2byte	0x1aa
 762 040a 8E070000 		.4byte	0x78e
 763 040e 00       		.byte	0
 764 040f 08       		.uleb128 0x8
 765 0410 54060000 		.4byte	.LASF77
 766 0414 07       		.byte	0x7
 767 0415 AF01     		.2byte	0x1af
 768 0417 26010000 		.4byte	0x126
 769 041b 04       		.byte	0x4
 770 041c 08       		.uleb128 0x8
 771 041d 3C020000 		.4byte	.LASF78
 772 0421 07       		.byte	0x7
 773 0422 B301     		.2byte	0x1b3
 774 0424 26010000 		.4byte	0x126
 775 0428 08       		.byte	0x8
 776 0429 08       		.uleb128 0x8
 777 042a 8E060000 		.4byte	.LASF79
 778 042e 07       		.byte	0x7
 779 042f B901     		.2byte	0x1b9
 780 0431 EE050000 		.4byte	0x5ee
 781 0435 0C       		.byte	0xc
 782 0436 00       		.byte	0
 783 0437 03       		.uleb128 0x3
 784 0438 F6020000 		.4byte	.LASF80
 785 043c 06       		.byte	0x6
 786 043d 70       		.byte	0x70
 787 043e 42040000 		.4byte	0x442
 788 0442 0E       		.uleb128 0xe
 789 0443 BC010000 		.4byte	.LASF81
 790 0447 D805     		.2byte	0x5d8
 791 0449 07       		.byte	0x7
 792 044a C201     		.2byte	0x1c2
 793 044c AF040000 		.4byte	0x4af
 794 0450 08       		.uleb128 0x8
 795 0451 5C060000 		.4byte	.LASF82
 796 0455 07       		.byte	0x7
 797 0456 C601     		.2byte	0x1c6
 798 0458 BD020000 		.4byte	0x2bd
 799 045c 00       		.byte	0
 800 045d 08       		.uleb128 0x8
 801 045e 16020000 		.4byte	.LASF83
 802 0462 07       		.byte	0x7
 803 0463 CA01     		.2byte	0x1ca
 804 0465 9C030000 		.4byte	0x39c
 805 0469 1C       		.byte	0x1c
ARM GAS  /tmp/ccF78qpO.s 			page 22


 806 046a 07       		.uleb128 0x7
 807 046b 64626700 		.ascii	"dbg\000"
 808 046f 07       		.byte	0x7
 809 0470 CE01     		.2byte	0x1ce
 810 0472 E9030000 		.4byte	0x3e9
 811 0476 2C       		.byte	0x2c
 812 0477 0F       		.uleb128 0xf
 813 0478 EA000000 		.4byte	.LASF84
 814 047c 07       		.byte	0x7
 815 047d D201     		.2byte	0x1d2
 816 047f 47010000 		.4byte	0x147
 817 0483 4004     		.2byte	0x440
 818 0485 10       		.uleb128 0x10
 819 0486 746D00   		.ascii	"tm\000"
 820 0489 07       		.byte	0x7
 821 048a D701     		.2byte	0x1d7
 822 048c 0E060000 		.4byte	0x60e
 823 0490 A004     		.2byte	0x4a0
 824 0492 0F       		.uleb128 0xf
 825 0493 46000000 		.4byte	.LASF85
 826 0497 07       		.byte	0x7
 827 0498 DD01     		.2byte	0x1dd
 828 049a A0060000 		.4byte	0x6a0
 829 049e A804     		.2byte	0x4a8
 830 04a0 0F       		.uleb128 0xf
 831 04a1 45020000 		.4byte	.LASF86
 832 04a5 07       		.byte	0x7
 833 04a6 E301     		.2byte	0x1e3
 834 04a8 93070000 		.4byte	0x793
 835 04ac E004     		.2byte	0x4e0
 836 04ae 00       		.byte	0
 837 04af 04       		.uleb128 0x4
 838 04b0 04       		.byte	0x4
 839 04b1 07       		.byte	0x7
 840 04b2 F8030000 		.4byte	.LASF87
 841 04b6 03       		.uleb128 0x3
 842 04b7 05020000 		.4byte	.LASF88
 843 04bb 08       		.byte	0x8
 844 04bc 65       		.byte	0x65
 845 04bd 40030000 		.4byte	0x340
 846 04c1 03       		.uleb128 0x3
 847 04c2 E3030000 		.4byte	.LASF89
 848 04c6 08       		.byte	0x8
 849 04c7 6D       		.byte	0x6d
 850 04c8 C3000000 		.4byte	0xc3
 851 04cc 05       		.uleb128 0x5
 852 04cd 13060000 		.4byte	.LASF90
 853 04d1 04       		.byte	0x4
 854 04d2 08       		.byte	0x8
 855 04d3 89       		.byte	0x89
 856 04d4 E5040000 		.4byte	0x4e5
 857 04d8 11       		.uleb128 0x11
 858 04d9 72313300 		.ascii	"r13\000"
 859 04dd 08       		.byte	0x8
 860 04de 8A       		.byte	0x8a
 861 04df 60050000 		.4byte	0x560
 862 04e3 00       		.byte	0
ARM GAS  /tmp/ccF78qpO.s 			page 23


 863 04e4 00       		.byte	0
 864 04e5 05       		.uleb128 0x5
 865 04e6 5D000000 		.4byte	.LASF91
 866 04ea 24       		.byte	0x24
 867 04eb 09       		.byte	0x9
 868 04ec FD       		.byte	0xfd
 869 04ed 60050000 		.4byte	0x560
 870 04f1 07       		.uleb128 0x7
 871 04f2 723400   		.ascii	"r4\000"
 872 04f5 09       		.byte	0x9
 873 04f6 1001     		.2byte	0x110
 874 04f8 B6040000 		.4byte	0x4b6
 875 04fc 00       		.byte	0
 876 04fd 07       		.uleb128 0x7
 877 04fe 723500   		.ascii	"r5\000"
 878 0501 09       		.byte	0x9
 879 0502 1101     		.2byte	0x111
 880 0504 B6040000 		.4byte	0x4b6
 881 0508 04       		.byte	0x4
 882 0509 07       		.uleb128 0x7
 883 050a 723600   		.ascii	"r6\000"
 884 050d 09       		.byte	0x9
 885 050e 1201     		.2byte	0x112
 886 0510 B6040000 		.4byte	0x4b6
 887 0514 08       		.byte	0x8
 888 0515 07       		.uleb128 0x7
 889 0516 723700   		.ascii	"r7\000"
 890 0519 09       		.byte	0x9
 891 051a 1301     		.2byte	0x113
 892 051c B6040000 		.4byte	0x4b6
 893 0520 0C       		.byte	0xc
 894 0521 07       		.uleb128 0x7
 895 0522 723800   		.ascii	"r8\000"
 896 0525 09       		.byte	0x9
 897 0526 1401     		.2byte	0x114
 898 0528 B6040000 		.4byte	0x4b6
 899 052c 10       		.byte	0x10
 900 052d 07       		.uleb128 0x7
 901 052e 723900   		.ascii	"r9\000"
 902 0531 09       		.byte	0x9
 903 0532 1501     		.2byte	0x115
 904 0534 B6040000 		.4byte	0x4b6
 905 0538 14       		.byte	0x14
 906 0539 07       		.uleb128 0x7
 907 053a 72313000 		.ascii	"r10\000"
 908 053e 09       		.byte	0x9
 909 053f 1601     		.2byte	0x116
 910 0541 B6040000 		.4byte	0x4b6
 911 0545 18       		.byte	0x18
 912 0546 07       		.uleb128 0x7
 913 0547 72313100 		.ascii	"r11\000"
 914 054b 09       		.byte	0x9
 915 054c 1701     		.2byte	0x117
 916 054e B6040000 		.4byte	0x4b6
 917 0552 1C       		.byte	0x1c
 918 0553 07       		.uleb128 0x7
 919 0554 6C7200   		.ascii	"lr\000"
ARM GAS  /tmp/ccF78qpO.s 			page 24


 920 0557 09       		.byte	0x9
 921 0558 1801     		.2byte	0x118
 922 055a B6040000 		.4byte	0x4b6
 923 055e 20       		.byte	0x20
 924 055f 00       		.byte	0
 925 0560 09       		.uleb128 0x9
 926 0561 04       		.byte	0x4
 927 0562 E5040000 		.4byte	0x4e5
 928 0566 12       		.uleb128 0x12
 929 0567 10       		.byte	0x10
 930 0568 0A       		.byte	0xa
 931 0569 51       		.byte	0x51
 932 056a 9F050000 		.4byte	0x59f
 933 056e 06       		.uleb128 0x6
 934 056f 27000000 		.4byte	.LASF92
 935 0573 0A       		.byte	0xa
 936 0574 55       		.byte	0x55
 937 0575 3C010000 		.4byte	0x13c
 938 0579 00       		.byte	0
 939 057a 06       		.uleb128 0x6
 940 057b DF010000 		.4byte	.LASF93
 941 057f 0A       		.byte	0xa
 942 0580 59       		.byte	0x59
 943 0581 63020000 		.4byte	0x263
 944 0585 04       		.byte	0x4
 945 0586 06       		.uleb128 0x6
 946 0587 9A020000 		.4byte	.LASF94
 947 058b 0A       		.byte	0xa
 948 058c 5D       		.byte	0x5d
 949 058d 40030000 		.4byte	0x340
 950 0591 08       		.byte	0x8
 951 0592 06       		.uleb128 0x6
 952 0593 D2000000 		.4byte	.LASF95
 953 0597 0A       		.byte	0xa
 954 0598 61       		.byte	0x61
 955 0599 A2000000 		.4byte	0xa2
 956 059d 0C       		.byte	0xc
 957 059e 00       		.byte	0
 958 059f 03       		.uleb128 0x3
 959 05a0 2B040000 		.4byte	.LASF96
 960 05a4 0A       		.byte	0xa
 961 05a5 62       		.byte	0x62
 962 05a6 66050000 		.4byte	0x566
 963 05aa 13       		.uleb128 0x13
 964 05ab 0804     		.2byte	0x408
 965 05ad 0A       		.byte	0xa
 966 05ae 67       		.byte	0x67
 967 05af D8050000 		.4byte	0x5d8
 968 05b3 06       		.uleb128 0x6
 969 05b4 F5010000 		.4byte	.LASF97
 970 05b8 0A       		.byte	0xa
 971 05b9 6B       		.byte	0x6b
 972 05ba 37000000 		.4byte	0x37
 973 05be 00       		.byte	0
 974 05bf 06       		.uleb128 0x6
 975 05c0 13000000 		.4byte	.LASF98
 976 05c4 0A       		.byte	0xa
ARM GAS  /tmp/ccF78qpO.s 			page 25


 977 05c5 6F       		.byte	0x6f
 978 05c6 D8050000 		.4byte	0x5d8
 979 05ca 04       		.byte	0x4
 980 05cb 06       		.uleb128 0x6
 981 05cc A1040000 		.4byte	.LASF99
 982 05d0 0A       		.byte	0xa
 983 05d1 73       		.byte	0x73
 984 05d2 DE050000 		.4byte	0x5de
 985 05d6 08       		.byte	0x8
 986 05d7 00       		.byte	0
 987 05d8 09       		.uleb128 0x9
 988 05d9 04       		.byte	0x4
 989 05da 9F050000 		.4byte	0x59f
 990 05de 14       		.uleb128 0x14
 991 05df 9F050000 		.4byte	0x59f
 992 05e3 EE050000 		.4byte	0x5ee
 993 05e7 15       		.uleb128 0x15
 994 05e8 AF040000 		.4byte	0x4af
 995 05ec 3F       		.byte	0x3f
 996 05ed 00       		.byte	0
 997 05ee 03       		.uleb128 0x3
 998 05ef C0000000 		.4byte	.LASF100
 999 05f3 0A       		.byte	0xa
 1000 05f4 74       		.byte	0x74
 1001 05f5 AA050000 		.4byte	0x5aa
 1002 05f9 12       		.uleb128 0x12
 1003 05fa 04       		.byte	0x4
 1004 05fb 0B       		.byte	0xb
 1005 05fc 38       		.byte	0x38
 1006 05fd 0E060000 		.4byte	0x60e
 1007 0601 06       		.uleb128 0x6
 1008 0602 0C060000 		.4byte	.LASF101
 1009 0606 0B       		.byte	0xb
 1010 0607 3C       		.byte	0x3c
 1011 0608 CE000000 		.4byte	0xce
 1012 060c 00       		.byte	0
 1013 060d 00       		.byte	0
 1014 060e 03       		.uleb128 0x3
 1015 060f 54040000 		.4byte	.LASF102
 1016 0613 0B       		.byte	0xb
 1017 0614 3D       		.byte	0x3d
 1018 0615 F9050000 		.4byte	0x5f9
 1019 0619 12       		.uleb128 0x12
 1020 061a 18       		.byte	0x18
 1021 061b 0B       		.byte	0xb
 1022 061c 48       		.byte	0x48
 1023 061d 5C060000 		.4byte	0x65c
 1024 0621 06       		.uleb128 0x6
 1025 0622 CD050000 		.4byte	.LASF103
 1026 0626 0B       		.byte	0xb
 1027 0627 49       		.byte	0x49
 1028 0628 CE000000 		.4byte	0xce
 1029 062c 00       		.byte	0
 1030 062d 06       		.uleb128 0x6
 1031 062e 89000000 		.4byte	.LASF104
 1032 0632 0B       		.byte	0xb
 1033 0633 4A       		.byte	0x4a
ARM GAS  /tmp/ccF78qpO.s 			page 26


 1034 0634 CE000000 		.4byte	0xce
 1035 0638 04       		.byte	0x4
 1036 0639 06       		.uleb128 0x6
 1037 063a EA020000 		.4byte	.LASF105
 1038 063e 0B       		.byte	0xb
 1039 063f 4B       		.byte	0x4b
 1040 0640 CE000000 		.4byte	0xce
 1041 0644 08       		.byte	0x8
 1042 0645 11       		.uleb128 0x11
 1043 0646 6E00     		.ascii	"n\000"
 1044 0648 0B       		.byte	0xb
 1045 0649 4C       		.byte	0x4c
 1046 064a 31010000 		.4byte	0x131
 1047 064e 0C       		.byte	0xc
 1048 064f 06       		.uleb128 0x6
 1049 0650 8E040000 		.4byte	.LASF106
 1050 0654 0B       		.byte	0xb
 1051 0655 4D       		.byte	0x4d
 1052 0656 D9000000 		.4byte	0xd9
 1053 065a 10       		.byte	0x10
 1054 065b 00       		.byte	0
 1055 065c 03       		.uleb128 0x3
 1056 065d 96000000 		.4byte	.LASF107
 1057 0661 0B       		.byte	0xb
 1058 0662 4E       		.byte	0x4e
 1059 0663 19060000 		.4byte	0x619
 1060 0667 12       		.uleb128 0x12
 1061 0668 38       		.byte	0x38
 1062 0669 0C       		.byte	0xc
 1063 066a 38       		.byte	0x38
 1064 066b A0060000 		.4byte	0x6a0
 1065 066f 06       		.uleb128 0x6
 1066 0670 94020000 		.4byte	.LASF108
 1067 0674 0C       		.byte	0xc
 1068 0675 39       		.byte	0x39
 1069 0676 31010000 		.4byte	0x131
 1070 067a 00       		.byte	0
 1071 067b 06       		.uleb128 0x6
 1072 067c CA040000 		.4byte	.LASF109
 1073 0680 0C       		.byte	0xc
 1074 0681 3A       		.byte	0x3a
 1075 0682 31010000 		.4byte	0x131
 1076 0686 04       		.byte	0x4
 1077 0687 06       		.uleb128 0x6
 1078 0688 A8060000 		.4byte	.LASF110
 1079 068c 0C       		.byte	0xc
 1080 068d 3B       		.byte	0x3b
 1081 068e 5C060000 		.4byte	0x65c
 1082 0692 08       		.byte	0x8
 1083 0693 06       		.uleb128 0x6
 1084 0694 AD030000 		.4byte	.LASF111
 1085 0698 0C       		.byte	0xc
 1086 0699 3D       		.byte	0x3d
 1087 069a 5C060000 		.4byte	0x65c
 1088 069e 20       		.byte	0x20
 1089 069f 00       		.byte	0
 1090 06a0 03       		.uleb128 0x3
ARM GAS  /tmp/ccF78qpO.s 			page 27


 1091 06a1 CB020000 		.4byte	.LASF112
 1092 06a5 0C       		.byte	0xc
 1093 06a6 3F       		.byte	0x3f
 1094 06a7 67060000 		.4byte	0x667
 1095 06ab 16       		.uleb128 0x16
 1096 06ac 04       		.byte	0x4
 1097 06ad 07       		.byte	0x7
 1098 06ae FA       		.byte	0xfa
 1099 06af 08070000 		.4byte	0x708
 1100 06b3 17       		.uleb128 0x17
 1101 06b4 36000000 		.4byte	.LASF113
 1102 06b8 07       		.byte	0x7
 1103 06b9 0101     		.2byte	0x101
 1104 06bb 10010000 		.4byte	0x110
 1105 06bf 17       		.uleb128 0x17
 1106 06c0 E1000000 		.4byte	.LASF114
 1107 06c4 07       		.byte	0x7
 1108 06c5 0801     		.2byte	0x108
 1109 06c7 10010000 		.4byte	0x110
 1110 06cb 17       		.uleb128 0x17
 1111 06cc 6A060000 		.4byte	.LASF115
 1112 06d0 07       		.byte	0x7
 1113 06d1 0F01     		.2byte	0x10f
 1114 06d3 40030000 		.4byte	0x340
 1115 06d7 17       		.uleb128 0x17
 1116 06d8 B6010000 		.4byte	.LASF116
 1117 06dc 07       		.byte	0x7
 1118 06dd 1601     		.2byte	0x116
 1119 06df 08070000 		.4byte	0x708
 1120 06e3 17       		.uleb128 0x17
 1121 06e4 7A020000 		.4byte	.LASF117
 1122 06e8 07       		.byte	0x7
 1123 06e9 1E01     		.2byte	0x11e
 1124 06eb 33070000 		.4byte	0x733
 1125 06ef 17       		.uleb128 0x17
 1126 06f0 85050000 		.4byte	.LASF118
 1127 06f4 07       		.byte	0x7
 1128 06f5 2701     		.2byte	0x127
 1129 06f7 6A070000 		.4byte	0x76a
 1130 06fb 17       		.uleb128 0x17
 1131 06fc 2E050000 		.4byte	.LASF119
 1132 0700 07       		.byte	0x7
 1133 0701 2F01     		.2byte	0x12f
 1134 0703 1B010000 		.4byte	0x11b
 1135 0707 00       		.byte	0
 1136 0708 09       		.uleb128 0x9
 1137 0709 04       		.byte	0x4
 1138 070a 58020000 		.4byte	0x258
 1139 070e 05       		.uleb128 0x5
 1140 070f 64050000 		.4byte	.LASF120
 1141 0713 0C       		.byte	0xc
 1142 0714 0D       		.byte	0xd
 1143 0715 34       		.byte	0x34
 1144 0716 33070000 		.4byte	0x733
 1145 071a 06       		.uleb128 0x6
 1146 071b ED010000 		.4byte	.LASF121
 1147 071f 0D       		.byte	0xd
ARM GAS  /tmp/ccF78qpO.s 			page 28


 1148 0720 35       		.byte	0x35
 1149 0721 8D020000 		.4byte	0x28d
 1150 0725 00       		.byte	0
 1151 0726 06       		.uleb128 0x6
 1152 0727 F4040000 		.4byte	.LASF122
 1153 072b 0D       		.byte	0xd
 1154 072c 37       		.byte	0x37
 1155 072d 26010000 		.4byte	0x126
 1156 0731 08       		.byte	0x8
 1157 0732 00       		.byte	0
 1158 0733 09       		.uleb128 0x9
 1159 0734 04       		.byte	0x4
 1160 0735 0E070000 		.4byte	0x70e
 1161 0739 05       		.uleb128 0x5
 1162 073a 44060000 		.4byte	.LASF123
 1163 073e 10       		.byte	0x10
 1164 073f 0E       		.byte	0xe
 1165 0740 39       		.byte	0x39
 1166 0741 6A070000 		.4byte	0x76a
 1167 0745 06       		.uleb128 0x6
 1168 0746 A8010000 		.4byte	.LASF124
 1169 074a 0E       		.byte	0xe
 1170 074b 3A       		.byte	0x3a
 1171 074c 8D020000 		.4byte	0x28d
 1172 0750 00       		.byte	0
 1173 0751 06       		.uleb128 0x6
 1174 0752 B3060000 		.4byte	.LASF125
 1175 0756 0E       		.byte	0xe
 1176 0757 3C       		.byte	0x3c
 1177 0758 63020000 		.4byte	0x263
 1178 075c 08       		.byte	0x8
 1179 075d 06       		.uleb128 0x6
 1180 075e D2050000 		.4byte	.LASF126
 1181 0762 0E       		.byte	0xe
 1182 0763 3E       		.byte	0x3e
 1183 0764 AE070000 		.4byte	0x7ae
 1184 0768 0C       		.byte	0xc
 1185 0769 00       		.byte	0
 1186 076a 09       		.uleb128 0x9
 1187 076b 04       		.byte	0x4
 1188 076c 39070000 		.4byte	0x739
 1189 0770 09       		.uleb128 0x9
 1190 0771 04       		.byte	0x4
 1191 0772 76070000 		.4byte	0x776
 1192 0776 18       		.uleb128 0x18
 1193 0777 7B070000 		.4byte	0x77b
 1194 077b 04       		.uleb128 0x4
 1195 077c 01       		.byte	0x1
 1196 077d 08       		.byte	0x8
 1197 077e BF050000 		.4byte	.LASF127
 1198 0782 09       		.uleb128 0x9
 1199 0783 04       		.byte	0x4
 1200 0784 C1040000 		.4byte	0x4c1
 1201 0788 09       		.uleb128 0x9
 1202 0789 04       		.byte	0x4
 1203 078a 42030000 		.4byte	0x342
 1204 078e 19       		.uleb128 0x19
ARM GAS  /tmp/ccF78qpO.s 			page 29


 1205 078f 70070000 		.4byte	0x770
 1206 0793 14       		.uleb128 0x14
 1207 0794 C1040000 		.4byte	0x4c1
 1208 0798 A3070000 		.4byte	0x7a3
 1209 079c 15       		.uleb128 0x15
 1210 079d AF040000 		.4byte	0x4af
 1211 07a1 1E       		.byte	0x1e
 1212 07a2 00       		.byte	0
 1213 07a3 03       		.uleb128 0x3
 1214 07a4 2D020000 		.4byte	.LASF128
 1215 07a8 0E       		.byte	0xe
 1216 07a9 34       		.byte	0x34
 1217 07aa 39070000 		.4byte	0x739
 1218 07ae 09       		.uleb128 0x9
 1219 07af 04       		.byte	0x4
 1220 07b0 A3070000 		.4byte	0x7a3
 1221 07b4 04       		.uleb128 0x4
 1222 07b5 01       		.byte	0x1
 1223 07b6 02       		.byte	0x2
 1224 07b7 D3040000 		.4byte	.LASF129
 1225 07bb 12       		.uleb128 0x12
 1226 07bc 1C       		.byte	0x1c
 1227 07bd 0F       		.byte	0xf
 1228 07be F5       		.byte	0xf5
 1229 07bf 1A080000 		.4byte	0x81a
 1230 07c3 06       		.uleb128 0x6
 1231 07c4 B0010000 		.4byte	.LASF130
 1232 07c8 0F       		.byte	0xf
 1233 07c9 F7       		.byte	0xf7
 1234 07ca B8000000 		.4byte	0xb8
 1235 07ce 00       		.byte	0
 1236 07cf 06       		.uleb128 0x6
 1237 07d0 A4020000 		.4byte	.LASF131
 1238 07d4 0F       		.byte	0xf
 1239 07d5 F9       		.byte	0xf9
 1240 07d6 B8000000 		.4byte	0xb8
 1241 07da 04       		.byte	0x4
 1242 07db 06       		.uleb128 0x6
 1243 07dc 8C020000 		.4byte	.LASF132
 1244 07e0 0F       		.byte	0xf
 1245 07e1 FB       		.byte	0xfb
 1246 07e2 B8000000 		.4byte	0xb8
 1247 07e6 08       		.byte	0x8
 1248 07e7 06       		.uleb128 0x6
 1249 07e8 DB000000 		.4byte	.LASF133
 1250 07ec 0F       		.byte	0xf
 1251 07ed FD       		.byte	0xfd
 1252 07ee B8000000 		.4byte	0xb8
 1253 07f2 0C       		.byte	0xc
 1254 07f3 11       		.uleb128 0x11
 1255 07f4 6F647200 		.ascii	"odr\000"
 1256 07f8 0F       		.byte	0xf
 1257 07f9 FF       		.byte	0xff
 1258 07fa B8000000 		.4byte	0xb8
 1259 07fe 10       		.byte	0x10
 1260 07ff 08       		.uleb128 0x8
 1261 0800 EF040000 		.4byte	.LASF134
ARM GAS  /tmp/ccF78qpO.s 			page 30


 1262 0804 0F       		.byte	0xf
 1263 0805 0101     		.2byte	0x101
 1264 0807 B8000000 		.4byte	0xb8
 1265 080b 14       		.byte	0x14
 1266 080c 08       		.uleb128 0x8
 1267 080d 65040000 		.4byte	.LASF135
 1268 0811 0F       		.byte	0xf
 1269 0812 0301     		.2byte	0x103
 1270 0814 B8000000 		.4byte	0xb8
 1271 0818 18       		.byte	0x18
 1272 0819 00       		.byte	0
 1273 081a 1A       		.uleb128 0x1a
 1274 081b 00000000 		.4byte	.LASF136
 1275 081f 0F       		.byte	0xf
 1276 0820 0401     		.2byte	0x104
 1277 0822 BB070000 		.4byte	0x7bb
 1278 0826 1B       		.uleb128 0x1b
 1279 0827 FC       		.byte	0xfc
 1280 0828 0F       		.byte	0xf
 1281 0829 0D01     		.2byte	0x10d
 1282 082b A5080000 		.4byte	0x8a5
 1283 082f 08       		.uleb128 0x8
 1284 0830 27050000 		.4byte	.LASF137
 1285 0834 0F       		.byte	0xf
 1286 0835 1001     		.2byte	0x110
 1287 0837 1A080000 		.4byte	0x81a
 1288 083b 00       		.byte	0
 1289 083c 08       		.uleb128 0x8
 1290 083d 35020000 		.4byte	.LASF138
 1291 0841 0F       		.byte	0xf
 1292 0842 1401     		.2byte	0x114
 1293 0844 1A080000 		.4byte	0x81a
 1294 0848 1C       		.byte	0x1c
 1295 0849 08       		.uleb128 0x8
 1296 084a 78060000 		.4byte	.LASF139
 1297 084e 0F       		.byte	0xf
 1298 084f 1801     		.2byte	0x118
 1299 0851 1A080000 		.4byte	0x81a
 1300 0855 38       		.byte	0x38
 1301 0856 08       		.uleb128 0x8
 1302 0857 6A040000 		.4byte	.LASF140
 1303 085b 0F       		.byte	0xf
 1304 085c 1C01     		.2byte	0x11c
 1305 085e 1A080000 		.4byte	0x81a
 1306 0862 54       		.byte	0x54
 1307 0863 08       		.uleb128 0x8
 1308 0864 CF010000 		.4byte	.LASF141
 1309 0868 0F       		.byte	0xf
 1310 0869 2001     		.2byte	0x120
 1311 086b 1A080000 		.4byte	0x81a
 1312 086f 70       		.byte	0x70
 1313 0870 08       		.uleb128 0x8
 1314 0871 A1060000 		.4byte	.LASF142
 1315 0875 0F       		.byte	0xf
 1316 0876 2401     		.2byte	0x124
 1317 0878 1A080000 		.4byte	0x81a
 1318 087c 8C       		.byte	0x8c
ARM GAS  /tmp/ccF78qpO.s 			page 31


 1319 087d 08       		.uleb128 0x8
 1320 087e DC030000 		.4byte	.LASF143
 1321 0882 0F       		.byte	0xf
 1322 0883 2801     		.2byte	0x128
 1323 0885 1A080000 		.4byte	0x81a
 1324 0889 A8       		.byte	0xa8
 1325 088a 08       		.uleb128 0x8
 1326 088b 8F000000 		.4byte	.LASF144
 1327 088f 0F       		.byte	0xf
 1328 0890 2C01     		.2byte	0x12c
 1329 0892 1A080000 		.4byte	0x81a
 1330 0896 C4       		.byte	0xc4
 1331 0897 08       		.uleb128 0x8
 1332 0898 4C050000 		.4byte	.LASF145
 1333 089c 0F       		.byte	0xf
 1334 089d 3001     		.2byte	0x130
 1335 089f 1A080000 		.4byte	0x81a
 1336 08a3 E0       		.byte	0xe0
 1337 08a4 00       		.byte	0
 1338 08a5 1A       		.uleb128 0x1a
 1339 08a6 2A060000 		.4byte	.LASF146
 1340 08aa 0F       		.byte	0xf
 1341 08ab 3A01     		.2byte	0x13a
 1342 08ad 26080000 		.4byte	0x826
 1343 08b1 1C       		.uleb128 0x1c
 1344 08b2 AB020000 		.4byte	.LASF147
 1345 08b6 01       		.byte	0x1
 1346 08b7 46       		.byte	0x46
 1347 08b8 00000000 		.4byte	.LFB272
 1348 08bc 08000000 		.4byte	.LFE272-.LFB272
 1349 08c0 01       		.uleb128 0x1
 1350 08c1 9C       		.byte	0x9c
 1351 08c2 1D       		.uleb128 0x1d
 1352 08c3 16050000 		.4byte	.LASF148
 1353 08c7 01       		.byte	0x1
 1354 08c8 7B       		.byte	0x7b
 1355 08c9 00000000 		.4byte	.LFB273
 1356 08cd 02000000 		.4byte	.LFE273-.LFB273
 1357 08d1 01       		.uleb128 0x1
 1358 08d2 9C       		.byte	0x9c
 1359 08d3 1E       		.uleb128 0x1e
 1360 08d4 0B010000 		.4byte	.LASF149
 1361 08d8 10       		.byte	0x10
 1362 08d9 FA06     		.2byte	0x6fa
 1363 08db DF080000 		.4byte	0x8df
 1364 08df 19       		.uleb128 0x19
 1365 08e0 AD000000 		.4byte	0xad
 1366 08e4 1F       		.uleb128 0x1f
 1367 08e5 636800   		.ascii	"ch\000"
 1368 08e8 07       		.byte	0x7
 1369 08e9 0902     		.2byte	0x209
 1370 08eb 37040000 		.4byte	0x437
 1371 08ef 20       		.uleb128 0x20
 1372 08f0 BB060000 		.4byte	.LASF150
 1373 08f4 01       		.byte	0x1
 1374 08f5 19       		.byte	0x19
 1375 08f6 00090000 		.4byte	0x900
ARM GAS  /tmp/ccF78qpO.s 			page 32


 1376 08fa 05       		.uleb128 0x5
 1377 08fb 03       		.byte	0x3
 1378 08fc 00000000 		.4byte	pal_default_config
 1379 0900 18       		.uleb128 0x18
 1380 0901 A5080000 		.4byte	0x8a5
 1381 0905 00       		.byte	0
 1382              		.section	.debug_abbrev,"",%progbits
 1383              	.Ldebug_abbrev0:
 1384 0000 01       		.uleb128 0x1
 1385 0001 11       		.uleb128 0x11
 1386 0002 01       		.byte	0x1
 1387 0003 25       		.uleb128 0x25
 1388 0004 0E       		.uleb128 0xe
 1389 0005 13       		.uleb128 0x13
 1390 0006 0B       		.uleb128 0xb
 1391 0007 03       		.uleb128 0x3
 1392 0008 0E       		.uleb128 0xe
 1393 0009 1B       		.uleb128 0x1b
 1394 000a 0E       		.uleb128 0xe
 1395 000b 55       		.uleb128 0x55
 1396 000c 17       		.uleb128 0x17
 1397 000d 11       		.uleb128 0x11
 1398 000e 01       		.uleb128 0x1
 1399 000f 10       		.uleb128 0x10
 1400 0010 17       		.uleb128 0x17
 1401 0011 00       		.byte	0
 1402 0012 00       		.byte	0
 1403 0013 02       		.uleb128 0x2
 1404 0014 24       		.uleb128 0x24
 1405 0015 00       		.byte	0
 1406 0016 0B       		.uleb128 0xb
 1407 0017 0B       		.uleb128 0xb
 1408 0018 3E       		.uleb128 0x3e
 1409 0019 0B       		.uleb128 0xb
 1410 001a 03       		.uleb128 0x3
 1411 001b 08       		.uleb128 0x8
 1412 001c 00       		.byte	0
 1413 001d 00       		.byte	0
 1414 001e 03       		.uleb128 0x3
 1415 001f 16       		.uleb128 0x16
 1416 0020 00       		.byte	0
 1417 0021 03       		.uleb128 0x3
 1418 0022 0E       		.uleb128 0xe
 1419 0023 3A       		.uleb128 0x3a
 1420 0024 0B       		.uleb128 0xb
 1421 0025 3B       		.uleb128 0x3b
 1422 0026 0B       		.uleb128 0xb
 1423 0027 49       		.uleb128 0x49
 1424 0028 13       		.uleb128 0x13
 1425 0029 00       		.byte	0
 1426 002a 00       		.byte	0
 1427 002b 04       		.uleb128 0x4
 1428 002c 24       		.uleb128 0x24
 1429 002d 00       		.byte	0
 1430 002e 0B       		.uleb128 0xb
 1431 002f 0B       		.uleb128 0xb
 1432 0030 3E       		.uleb128 0x3e
ARM GAS  /tmp/ccF78qpO.s 			page 33


 1433 0031 0B       		.uleb128 0xb
 1434 0032 03       		.uleb128 0x3
 1435 0033 0E       		.uleb128 0xe
 1436 0034 00       		.byte	0
 1437 0035 00       		.byte	0
 1438 0036 05       		.uleb128 0x5
 1439 0037 13       		.uleb128 0x13
 1440 0038 01       		.byte	0x1
 1441 0039 03       		.uleb128 0x3
 1442 003a 0E       		.uleb128 0xe
 1443 003b 0B       		.uleb128 0xb
 1444 003c 0B       		.uleb128 0xb
 1445 003d 3A       		.uleb128 0x3a
 1446 003e 0B       		.uleb128 0xb
 1447 003f 3B       		.uleb128 0x3b
 1448 0040 0B       		.uleb128 0xb
 1449 0041 01       		.uleb128 0x1
 1450 0042 13       		.uleb128 0x13
 1451 0043 00       		.byte	0
 1452 0044 00       		.byte	0
 1453 0045 06       		.uleb128 0x6
 1454 0046 0D       		.uleb128 0xd
 1455 0047 00       		.byte	0
 1456 0048 03       		.uleb128 0x3
 1457 0049 0E       		.uleb128 0xe
 1458 004a 3A       		.uleb128 0x3a
 1459 004b 0B       		.uleb128 0xb
 1460 004c 3B       		.uleb128 0x3b
 1461 004d 0B       		.uleb128 0xb
 1462 004e 49       		.uleb128 0x49
 1463 004f 13       		.uleb128 0x13
 1464 0050 38       		.uleb128 0x38
 1465 0051 0B       		.uleb128 0xb
 1466 0052 00       		.byte	0
 1467 0053 00       		.byte	0
 1468 0054 07       		.uleb128 0x7
 1469 0055 0D       		.uleb128 0xd
 1470 0056 00       		.byte	0
 1471 0057 03       		.uleb128 0x3
 1472 0058 08       		.uleb128 0x8
 1473 0059 3A       		.uleb128 0x3a
 1474 005a 0B       		.uleb128 0xb
 1475 005b 3B       		.uleb128 0x3b
 1476 005c 05       		.uleb128 0x5
 1477 005d 49       		.uleb128 0x49
 1478 005e 13       		.uleb128 0x13
 1479 005f 38       		.uleb128 0x38
 1480 0060 0B       		.uleb128 0xb
 1481 0061 00       		.byte	0
 1482 0062 00       		.byte	0
 1483 0063 08       		.uleb128 0x8
 1484 0064 0D       		.uleb128 0xd
 1485 0065 00       		.byte	0
 1486 0066 03       		.uleb128 0x3
 1487 0067 0E       		.uleb128 0xe
 1488 0068 3A       		.uleb128 0x3a
 1489 0069 0B       		.uleb128 0xb
ARM GAS  /tmp/ccF78qpO.s 			page 34


 1490 006a 3B       		.uleb128 0x3b
 1491 006b 05       		.uleb128 0x5
 1492 006c 49       		.uleb128 0x49
 1493 006d 13       		.uleb128 0x13
 1494 006e 38       		.uleb128 0x38
 1495 006f 0B       		.uleb128 0xb
 1496 0070 00       		.byte	0
 1497 0071 00       		.byte	0
 1498 0072 09       		.uleb128 0x9
 1499 0073 0F       		.uleb128 0xf
 1500 0074 00       		.byte	0
 1501 0075 0B       		.uleb128 0xb
 1502 0076 0B       		.uleb128 0xb
 1503 0077 49       		.uleb128 0x49
 1504 0078 13       		.uleb128 0x13
 1505 0079 00       		.byte	0
 1506 007a 00       		.byte	0
 1507 007b 0A       		.uleb128 0xa
 1508 007c 13       		.uleb128 0x13
 1509 007d 01       		.byte	0x1
 1510 007e 03       		.uleb128 0x3
 1511 007f 0E       		.uleb128 0xe
 1512 0080 0B       		.uleb128 0xb
 1513 0081 0B       		.uleb128 0xb
 1514 0082 3A       		.uleb128 0x3a
 1515 0083 0B       		.uleb128 0xb
 1516 0084 3B       		.uleb128 0x3b
 1517 0085 05       		.uleb128 0x5
 1518 0086 01       		.uleb128 0x1
 1519 0087 13       		.uleb128 0x13
 1520 0088 00       		.byte	0
 1521 0089 00       		.byte	0
 1522 008a 0B       		.uleb128 0xb
 1523 008b 15       		.uleb128 0x15
 1524 008c 01       		.byte	0x1
 1525 008d 27       		.uleb128 0x27
 1526 008e 19       		.uleb128 0x19
 1527 008f 01       		.uleb128 0x1
 1528 0090 13       		.uleb128 0x13
 1529 0091 00       		.byte	0
 1530 0092 00       		.byte	0
 1531 0093 0C       		.uleb128 0xc
 1532 0094 05       		.uleb128 0x5
 1533 0095 00       		.byte	0
 1534 0096 49       		.uleb128 0x49
 1535 0097 13       		.uleb128 0x13
 1536 0098 00       		.byte	0
 1537 0099 00       		.byte	0
 1538 009a 0D       		.uleb128 0xd
 1539 009b 0F       		.uleb128 0xf
 1540 009c 00       		.byte	0
 1541 009d 0B       		.uleb128 0xb
 1542 009e 0B       		.uleb128 0xb
 1543 009f 00       		.byte	0
 1544 00a0 00       		.byte	0
 1545 00a1 0E       		.uleb128 0xe
 1546 00a2 13       		.uleb128 0x13
ARM GAS  /tmp/ccF78qpO.s 			page 35


 1547 00a3 01       		.byte	0x1
 1548 00a4 03       		.uleb128 0x3
 1549 00a5 0E       		.uleb128 0xe
 1550 00a6 0B       		.uleb128 0xb
 1551 00a7 05       		.uleb128 0x5
 1552 00a8 3A       		.uleb128 0x3a
 1553 00a9 0B       		.uleb128 0xb
 1554 00aa 3B       		.uleb128 0x3b
 1555 00ab 05       		.uleb128 0x5
 1556 00ac 01       		.uleb128 0x1
 1557 00ad 13       		.uleb128 0x13
 1558 00ae 00       		.byte	0
 1559 00af 00       		.byte	0
 1560 00b0 0F       		.uleb128 0xf
 1561 00b1 0D       		.uleb128 0xd
 1562 00b2 00       		.byte	0
 1563 00b3 03       		.uleb128 0x3
 1564 00b4 0E       		.uleb128 0xe
 1565 00b5 3A       		.uleb128 0x3a
 1566 00b6 0B       		.uleb128 0xb
 1567 00b7 3B       		.uleb128 0x3b
 1568 00b8 05       		.uleb128 0x5
 1569 00b9 49       		.uleb128 0x49
 1570 00ba 13       		.uleb128 0x13
 1571 00bb 38       		.uleb128 0x38
 1572 00bc 05       		.uleb128 0x5
 1573 00bd 00       		.byte	0
 1574 00be 00       		.byte	0
 1575 00bf 10       		.uleb128 0x10
 1576 00c0 0D       		.uleb128 0xd
 1577 00c1 00       		.byte	0
 1578 00c2 03       		.uleb128 0x3
 1579 00c3 08       		.uleb128 0x8
 1580 00c4 3A       		.uleb128 0x3a
 1581 00c5 0B       		.uleb128 0xb
 1582 00c6 3B       		.uleb128 0x3b
 1583 00c7 05       		.uleb128 0x5
 1584 00c8 49       		.uleb128 0x49
 1585 00c9 13       		.uleb128 0x13
 1586 00ca 38       		.uleb128 0x38
 1587 00cb 05       		.uleb128 0x5
 1588 00cc 00       		.byte	0
 1589 00cd 00       		.byte	0
 1590 00ce 11       		.uleb128 0x11
 1591 00cf 0D       		.uleb128 0xd
 1592 00d0 00       		.byte	0
 1593 00d1 03       		.uleb128 0x3
 1594 00d2 08       		.uleb128 0x8
 1595 00d3 3A       		.uleb128 0x3a
 1596 00d4 0B       		.uleb128 0xb
 1597 00d5 3B       		.uleb128 0x3b
 1598 00d6 0B       		.uleb128 0xb
 1599 00d7 49       		.uleb128 0x49
 1600 00d8 13       		.uleb128 0x13
 1601 00d9 38       		.uleb128 0x38
 1602 00da 0B       		.uleb128 0xb
 1603 00db 00       		.byte	0
ARM GAS  /tmp/ccF78qpO.s 			page 36


 1604 00dc 00       		.byte	0
 1605 00dd 12       		.uleb128 0x12
 1606 00de 13       		.uleb128 0x13
 1607 00df 01       		.byte	0x1
 1608 00e0 0B       		.uleb128 0xb
 1609 00e1 0B       		.uleb128 0xb
 1610 00e2 3A       		.uleb128 0x3a
 1611 00e3 0B       		.uleb128 0xb
 1612 00e4 3B       		.uleb128 0x3b
 1613 00e5 0B       		.uleb128 0xb
 1614 00e6 01       		.uleb128 0x1
 1615 00e7 13       		.uleb128 0x13
 1616 00e8 00       		.byte	0
 1617 00e9 00       		.byte	0
 1618 00ea 13       		.uleb128 0x13
 1619 00eb 13       		.uleb128 0x13
 1620 00ec 01       		.byte	0x1
 1621 00ed 0B       		.uleb128 0xb
 1622 00ee 05       		.uleb128 0x5
 1623 00ef 3A       		.uleb128 0x3a
 1624 00f0 0B       		.uleb128 0xb
 1625 00f1 3B       		.uleb128 0x3b
 1626 00f2 0B       		.uleb128 0xb
 1627 00f3 01       		.uleb128 0x1
 1628 00f4 13       		.uleb128 0x13
 1629 00f5 00       		.byte	0
 1630 00f6 00       		.byte	0
 1631 00f7 14       		.uleb128 0x14
 1632 00f8 01       		.uleb128 0x1
 1633 00f9 01       		.byte	0x1
 1634 00fa 49       		.uleb128 0x49
 1635 00fb 13       		.uleb128 0x13
 1636 00fc 01       		.uleb128 0x1
 1637 00fd 13       		.uleb128 0x13
 1638 00fe 00       		.byte	0
 1639 00ff 00       		.byte	0
 1640 0100 15       		.uleb128 0x15
 1641 0101 21       		.uleb128 0x21
 1642 0102 00       		.byte	0
 1643 0103 49       		.uleb128 0x49
 1644 0104 13       		.uleb128 0x13
 1645 0105 2F       		.uleb128 0x2f
 1646 0106 0B       		.uleb128 0xb
 1647 0107 00       		.byte	0
 1648 0108 00       		.byte	0
 1649 0109 16       		.uleb128 0x16
 1650 010a 17       		.uleb128 0x17
 1651 010b 01       		.byte	0x1
 1652 010c 0B       		.uleb128 0xb
 1653 010d 0B       		.uleb128 0xb
 1654 010e 3A       		.uleb128 0x3a
 1655 010f 0B       		.uleb128 0xb
 1656 0110 3B       		.uleb128 0x3b
 1657 0111 0B       		.uleb128 0xb
 1658 0112 01       		.uleb128 0x1
 1659 0113 13       		.uleb128 0x13
 1660 0114 00       		.byte	0
ARM GAS  /tmp/ccF78qpO.s 			page 37


 1661 0115 00       		.byte	0
 1662 0116 17       		.uleb128 0x17
 1663 0117 0D       		.uleb128 0xd
 1664 0118 00       		.byte	0
 1665 0119 03       		.uleb128 0x3
 1666 011a 0E       		.uleb128 0xe
 1667 011b 3A       		.uleb128 0x3a
 1668 011c 0B       		.uleb128 0xb
 1669 011d 3B       		.uleb128 0x3b
 1670 011e 05       		.uleb128 0x5
 1671 011f 49       		.uleb128 0x49
 1672 0120 13       		.uleb128 0x13
 1673 0121 00       		.byte	0
 1674 0122 00       		.byte	0
 1675 0123 18       		.uleb128 0x18
 1676 0124 26       		.uleb128 0x26
 1677 0125 00       		.byte	0
 1678 0126 49       		.uleb128 0x49
 1679 0127 13       		.uleb128 0x13
 1680 0128 00       		.byte	0
 1681 0129 00       		.byte	0
 1682 012a 19       		.uleb128 0x19
 1683 012b 35       		.uleb128 0x35
 1684 012c 00       		.byte	0
 1685 012d 49       		.uleb128 0x49
 1686 012e 13       		.uleb128 0x13
 1687 012f 00       		.byte	0
 1688 0130 00       		.byte	0
 1689 0131 1A       		.uleb128 0x1a
 1690 0132 16       		.uleb128 0x16
 1691 0133 00       		.byte	0
 1692 0134 03       		.uleb128 0x3
 1693 0135 0E       		.uleb128 0xe
 1694 0136 3A       		.uleb128 0x3a
 1695 0137 0B       		.uleb128 0xb
 1696 0138 3B       		.uleb128 0x3b
 1697 0139 05       		.uleb128 0x5
 1698 013a 49       		.uleb128 0x49
 1699 013b 13       		.uleb128 0x13
 1700 013c 00       		.byte	0
 1701 013d 00       		.byte	0
 1702 013e 1B       		.uleb128 0x1b
 1703 013f 13       		.uleb128 0x13
 1704 0140 01       		.byte	0x1
 1705 0141 0B       		.uleb128 0xb
 1706 0142 0B       		.uleb128 0xb
 1707 0143 3A       		.uleb128 0x3a
 1708 0144 0B       		.uleb128 0xb
 1709 0145 3B       		.uleb128 0x3b
 1710 0146 05       		.uleb128 0x5
 1711 0147 01       		.uleb128 0x1
 1712 0148 13       		.uleb128 0x13
 1713 0149 00       		.byte	0
 1714 014a 00       		.byte	0
 1715 014b 1C       		.uleb128 0x1c
 1716 014c 2E       		.uleb128 0x2e
 1717 014d 00       		.byte	0
ARM GAS  /tmp/ccF78qpO.s 			page 38


 1718 014e 3F       		.uleb128 0x3f
 1719 014f 19       		.uleb128 0x19
 1720 0150 03       		.uleb128 0x3
 1721 0151 0E       		.uleb128 0xe
 1722 0152 3A       		.uleb128 0x3a
 1723 0153 0B       		.uleb128 0xb
 1724 0154 3B       		.uleb128 0x3b
 1725 0155 0B       		.uleb128 0xb
 1726 0156 27       		.uleb128 0x27
 1727 0157 19       		.uleb128 0x19
 1728 0158 11       		.uleb128 0x11
 1729 0159 01       		.uleb128 0x1
 1730 015a 12       		.uleb128 0x12
 1731 015b 06       		.uleb128 0x6
 1732 015c 40       		.uleb128 0x40
 1733 015d 18       		.uleb128 0x18
 1734 015e 9642     		.uleb128 0x2116
 1735 0160 19       		.uleb128 0x19
 1736 0161 00       		.byte	0
 1737 0162 00       		.byte	0
 1738 0163 1D       		.uleb128 0x1d
 1739 0164 2E       		.uleb128 0x2e
 1740 0165 00       		.byte	0
 1741 0166 3F       		.uleb128 0x3f
 1742 0167 19       		.uleb128 0x19
 1743 0168 03       		.uleb128 0x3
 1744 0169 0E       		.uleb128 0xe
 1745 016a 3A       		.uleb128 0x3a
 1746 016b 0B       		.uleb128 0xb
 1747 016c 3B       		.uleb128 0x3b
 1748 016d 0B       		.uleb128 0xb
 1749 016e 27       		.uleb128 0x27
 1750 016f 19       		.uleb128 0x19
 1751 0170 11       		.uleb128 0x11
 1752 0171 01       		.uleb128 0x1
 1753 0172 12       		.uleb128 0x12
 1754 0173 06       		.uleb128 0x6
 1755 0174 40       		.uleb128 0x40
 1756 0175 18       		.uleb128 0x18
 1757 0176 9742     		.uleb128 0x2117
 1758 0178 19       		.uleb128 0x19
 1759 0179 00       		.byte	0
 1760 017a 00       		.byte	0
 1761 017b 1E       		.uleb128 0x1e
 1762 017c 34       		.uleb128 0x34
 1763 017d 00       		.byte	0
 1764 017e 03       		.uleb128 0x3
 1765 017f 0E       		.uleb128 0xe
 1766 0180 3A       		.uleb128 0x3a
 1767 0181 0B       		.uleb128 0xb
 1768 0182 3B       		.uleb128 0x3b
 1769 0183 05       		.uleb128 0x5
 1770 0184 49       		.uleb128 0x49
 1771 0185 13       		.uleb128 0x13
 1772 0186 3F       		.uleb128 0x3f
 1773 0187 19       		.uleb128 0x19
 1774 0188 3C       		.uleb128 0x3c
ARM GAS  /tmp/ccF78qpO.s 			page 39


 1775 0189 19       		.uleb128 0x19
 1776 018a 00       		.byte	0
 1777 018b 00       		.byte	0
 1778 018c 1F       		.uleb128 0x1f
 1779 018d 34       		.uleb128 0x34
 1780 018e 00       		.byte	0
 1781 018f 03       		.uleb128 0x3
 1782 0190 08       		.uleb128 0x8
 1783 0191 3A       		.uleb128 0x3a
 1784 0192 0B       		.uleb128 0xb
 1785 0193 3B       		.uleb128 0x3b
 1786 0194 05       		.uleb128 0x5
 1787 0195 49       		.uleb128 0x49
 1788 0196 13       		.uleb128 0x13
 1789 0197 3F       		.uleb128 0x3f
 1790 0198 19       		.uleb128 0x19
 1791 0199 3C       		.uleb128 0x3c
 1792 019a 19       		.uleb128 0x19
 1793 019b 00       		.byte	0
 1794 019c 00       		.byte	0
 1795 019d 20       		.uleb128 0x20
 1796 019e 34       		.uleb128 0x34
 1797 019f 00       		.byte	0
 1798 01a0 03       		.uleb128 0x3
 1799 01a1 0E       		.uleb128 0xe
 1800 01a2 3A       		.uleb128 0x3a
 1801 01a3 0B       		.uleb128 0xb
 1802 01a4 3B       		.uleb128 0x3b
 1803 01a5 0B       		.uleb128 0xb
 1804 01a6 49       		.uleb128 0x49
 1805 01a7 13       		.uleb128 0x13
 1806 01a8 3F       		.uleb128 0x3f
 1807 01a9 19       		.uleb128 0x19
 1808 01aa 02       		.uleb128 0x2
 1809 01ab 18       		.uleb128 0x18
 1810 01ac 00       		.byte	0
 1811 01ad 00       		.byte	0
 1812 01ae 00       		.byte	0
 1813              		.section	.debug_aranges,"",%progbits
 1814 0000 24000000 		.4byte	0x24
 1815 0004 0200     		.2byte	0x2
 1816 0006 00000000 		.4byte	.Ldebug_info0
 1817 000a 04       		.byte	0x4
 1818 000b 00       		.byte	0
 1819 000c 0000     		.2byte	0
 1820 000e 0000     		.2byte	0
 1821 0010 00000000 		.4byte	.LFB272
 1822 0014 08000000 		.4byte	.LFE272-.LFB272
 1823 0018 00000000 		.4byte	.LFB273
 1824 001c 02000000 		.4byte	.LFE273-.LFB273
 1825 0020 00000000 		.4byte	0
 1826 0024 00000000 		.4byte	0
 1827              		.section	.debug_ranges,"",%progbits
 1828              	.Ldebug_ranges0:
 1829 0000 00000000 		.4byte	.LFB272
 1830 0004 08000000 		.4byte	.LFE272
 1831 0008 00000000 		.4byte	.LFB273
ARM GAS  /tmp/ccF78qpO.s 			page 40


 1832 000c 02000000 		.4byte	.LFE273
 1833 0010 00000000 		.4byte	0
 1834 0014 00000000 		.4byte	0
 1835              		.section	.debug_line,"",%progbits
 1836              	.Ldebug_line0:
 1837 0000 76020000 		.section	.debug_str,"MS",%progbits,1
 1837      02004D02 
 1837      00000201 
 1837      FB0E0D00 
 1837      01010101 
 1838              	.LASF136:
 1839 0000 73746D33 		.ascii	"stm32_gpio_setup_t\000"
 1839      325F6770 
 1839      696F5F73 
 1839      65747570 
 1839      5F7400
 1840              	.LASF98:
 1841 0013 74625F70 		.ascii	"tb_ptr\000"
 1841      747200
 1842              	.LASF55:
 1843 001a 72656164 		.ascii	"ready_list_t\000"
 1843      795F6C69 
 1843      73745F74 
 1843      00
 1844              	.LASF92:
 1845 0027 73655F74 		.ascii	"se_time\000"
 1845      696D6500 
 1846              	.LASF2:
 1847 002f 73697A65 		.ascii	"size_t\000"
 1847      5F7400
 1848              	.LASF113:
 1849 0036 7264796D 		.ascii	"rdymsg\000"
 1849      736700
 1850              	.LASF17:
 1851 003d 75696E74 		.ascii	"uint64_t\000"
 1851      36345F74 
 1851      00
 1852              	.LASF85:
 1853 0046 6B65726E 		.ascii	"kernel_stats\000"
 1853      656C5F73 
 1853      74617473 
 1853      00
 1854              	.LASF3:
 1855 0053 5F5F7569 		.ascii	"__uint8_t\000"
 1855      6E74385F 
 1855      7400
 1856              	.LASF91:
 1857 005d 706F7274 		.ascii	"port_intctx\000"
 1857      5F696E74 
 1857      63747800 
 1858              	.LASF54:
 1859 0069 63685F74 		.ascii	"ch_threads_queue\000"
 1859      68726561 
 1859      64735F71 
 1859      75657565 
 1859      00
 1860              	.LASF74:
ARM GAS  /tmp/ccF78qpO.s 			page 41


 1861 007a 73797374 		.ascii	"system_debug_t\000"
 1861      656D5F64 
 1861      65627567 
 1861      5F7400
 1862              	.LASF104:
 1863 0089 776F7273 		.ascii	"worst\000"
 1863      7400
 1864              	.LASF144:
 1865 008f 50484461 		.ascii	"PHData\000"
 1865      746100
 1866              	.LASF107:
 1867 0096 74696D65 		.ascii	"time_measurement_t\000"
 1867      5F6D6561 
 1867      73757265 
 1867      6D656E74 
 1867      5F7400
 1868              	.LASF13:
 1869 00a9 6C6F6E67 		.ascii	"long long unsigned int\000"
 1869      206C6F6E 
 1869      6720756E 
 1869      7369676E 
 1869      65642069 
 1870              	.LASF100:
 1871 00c0 63685F74 		.ascii	"ch_trace_buffer_t\000"
 1871      72616365 
 1871      5F627566 
 1871      6665725F 
 1871      7400
 1872              	.LASF95:
 1873 00d2 73655F73 		.ascii	"se_state\000"
 1873      74617465 
 1873      00
 1874              	.LASF133:
 1875 00db 70757064 		.ascii	"pupdr\000"
 1875      7200
 1876              	.LASF114:
 1877 00e1 65786974 		.ascii	"exitcode\000"
 1877      636F6465 
 1877      00
 1878              	.LASF84:
 1879 00ea 6D61696E 		.ascii	"mainthread\000"
 1879      74687265 
 1879      616400
 1880              	.LASF71:
 1881 00f5 76697274 		.ascii	"virtual_timers_list_t\000"
 1881      75616C5F 
 1881      74696D65 
 1881      72735F6C 
 1881      6973745F 
 1882              	.LASF149:
 1883 010b 49544D5F 		.ascii	"ITM_RxBuffer\000"
 1883      52784275 
 1883      66666572 
 1883      00
 1884              	.LASF152:
 1885 0118 6C69622F 		.ascii	"lib/ChibiOS_16.1.4//os/hal/boards/ST_STM32F4_DISCOV"
 1885      43686962 
ARM GAS  /tmp/ccF78qpO.s 			page 42


 1885      694F535F 
 1885      31362E31 
 1885      2E342F2F 
 1886 014b 4552592F 		.ascii	"ERY/board.c\000"
 1886      626F6172 
 1886      642E6300 
 1887              	.LASF19:
 1888 0157 72747469 		.ascii	"rttime_t\000"
 1888      6D655F74 
 1888      00
 1889              	.LASF32:
 1890 0160 705F7072 		.ascii	"p_prio\000"
 1890      696F00
 1891              	.LASF11:
 1892 0167 6C6F6E67 		.ascii	"long long int\000"
 1892      206C6F6E 
 1892      6720696E 
 1892      7400
 1893              	.LASF1:
 1894 0175 7369676E 		.ascii	"signed char\000"
 1894      65642063 
 1894      68617200 
 1895              	.LASF153:
 1896 0181 2F686F6D 		.ascii	"/home/jerker/git/AutoTux/stm32\000"
 1896      652F6A65 
 1896      726B6572 
 1896      2F676974 
 1896      2F417574 
 1897              	.LASF47:
 1898 01a0 705F6D70 		.ascii	"p_mpool\000"
 1898      6F6F6C00 
 1899              	.LASF124:
 1900 01a8 6D5F7175 		.ascii	"m_queue\000"
 1900      65756500 
 1901              	.LASF130:
 1902 01b0 6D6F6465 		.ascii	"moder\000"
 1902      7200
 1903              	.LASF116:
 1904 01b6 77747472 		.ascii	"wttrp\000"
 1904      7000
 1905              	.LASF81:
 1906 01bc 63685F73 		.ascii	"ch_system\000"
 1906      79737465 
 1906      6D00
 1907              	.LASF8:
 1908 01c6 6C6F6E67 		.ascii	"long int\000"
 1908      20696E74 
 1908      00
 1909              	.LASF141:
 1910 01cf 50454461 		.ascii	"PEData\000"
 1910      746100
 1911              	.LASF21:
 1912 01d6 74737461 		.ascii	"tstate_t\000"
 1912      74655F74 
 1912      00
 1913              	.LASF93:
 1914 01df 73655F74 		.ascii	"se_tp\000"
ARM GAS  /tmp/ccF78qpO.s 			page 43


 1914      7000
 1915              	.LASF34:
 1916 01e5 705F6E65 		.ascii	"p_newer\000"
 1916      77657200 
 1917              	.LASF121:
 1918 01ed 735F7175 		.ascii	"s_queue\000"
 1918      65756500 
 1919              	.LASF97:
 1920 01f5 74625F73 		.ascii	"tb_size\000"
 1920      697A6500 
 1921              	.LASF60:
 1922 01fd 725F6E65 		.ascii	"r_newer\000"
 1922      77657200 
 1923              	.LASF88:
 1924 0205 72656761 		.ascii	"regarm_t\000"
 1924      726D5F74 
 1924      00
 1925              	.LASF67:
 1926 020e 76745F70 		.ascii	"vt_prev\000"
 1926      72657600 
 1927              	.LASF83:
 1928 0216 76746C69 		.ascii	"vtlist\000"
 1928      737400
 1929              	.LASF75:
 1930 021d 63685F73 		.ascii	"ch_system_debug\000"
 1930      79737465 
 1930      6D5F6465 
 1930      62756700 
 1931              	.LASF128:
 1932 022d 6D757465 		.ascii	"mutex_t\000"
 1932      785F7400 
 1933              	.LASF138:
 1934 0235 50424461 		.ascii	"PBData\000"
 1934      746100
 1935              	.LASF78:
 1936 023c 6C6F636B 		.ascii	"lock_cnt\000"
 1936      5F636E74 
 1936      00
 1937              	.LASF86:
 1938 0245 69646C65 		.ascii	"idle_thread_wa\000"
 1938      5F746872 
 1938      6561645F 
 1938      776100
 1939              	.LASF26:
 1940 0254 636E745F 		.ascii	"cnt_t\000"
 1940      7400
 1941              	.LASF37:
 1942 025a 705F7374 		.ascii	"p_stklimit\000"
 1942      6B6C696D 
 1942      697400
 1943              	.LASF0:
 1944 0265 756E7369 		.ascii	"unsigned int\000"
 1944      676E6564 
 1944      20696E74 
 1944      00
 1945              	.LASF66:
 1946 0272 76745F6E 		.ascii	"vt_next\000"
ARM GAS  /tmp/ccF78qpO.s 			page 44


 1946      65787400 
 1947              	.LASF117:
 1948 027a 77747365 		.ascii	"wtsemp\000"
 1948      6D7000
 1949              	.LASF42:
 1950 0281 705F6D73 		.ascii	"p_msgqueue\000"
 1950      67717565 
 1950      756500
 1951              	.LASF132:
 1952 028c 6F737065 		.ascii	"ospeedr\000"
 1952      65647200 
 1953              	.LASF108:
 1954 0294 6E5F6972 		.ascii	"n_irq\000"
 1954      7100
 1955              	.LASF94:
 1956 029a 73655F77 		.ascii	"se_wtobjp\000"
 1956      746F626A 
 1956      7000
 1957              	.LASF131:
 1958 02a4 6F747970 		.ascii	"otyper\000"
 1958      657200
 1959              	.LASF147:
 1960 02ab 5F5F6561 		.ascii	"__early_init\000"
 1960      726C795F 
 1960      696E6974 
 1960      00
 1961              	.LASF6:
 1962 02b8 73686F72 		.ascii	"short unsigned int\000"
 1962      7420756E 
 1962      7369676E 
 1962      65642069 
 1962      6E7400
 1963              	.LASF112:
 1964 02cb 6B65726E 		.ascii	"kernel_stats_t\000"
 1964      656C5F73 
 1964      74617473 
 1964      5F7400
 1965              	.LASF51:
 1966 02da 63685F74 		.ascii	"ch_thread\000"
 1966      68726561 
 1966      6400
 1967              	.LASF24:
 1968 02e4 6D73675F 		.ascii	"msg_t\000"
 1968      7400
 1969              	.LASF105:
 1970 02ea 6C617374 		.ascii	"last\000"
 1970      00
 1971              	.LASF27:
 1972 02ef 75636E74 		.ascii	"ucnt_t\000"
 1972      5F7400
 1973              	.LASF80:
 1974 02f6 63685F73 		.ascii	"ch_system_t\000"
 1974      79737465 
 1974      6D5F7400 
 1975              	.LASF151:
 1976 0302 474E5520 		.ascii	"GNU C 4.8.2 -mcpu=cortex-m4 -mno-thumb-interwork -m"
 1976      4320342E 
ARM GAS  /tmp/ccF78qpO.s 			page 45


 1976      382E3220 
 1976      2D6D6370 
 1976      753D636F 
 1977 0335 7468756D 		.ascii	"thumb -ggdb -O0 -fomit-frame-pointer -falign-functi"
 1977      62202D67 
 1977      67646220 
 1977      2D4F3020 
 1977      2D666F6D 
 1978 0368 6F6E733D 		.ascii	"ons=16 -ffunction-sections -fdata-sections -fno-com"
 1978      3136202D 
 1978      6666756E 
 1978      6374696F 
 1978      6E2D7365 
 1979 039b 6D6F6E20 		.ascii	"mon -flto\000"
 1979      2D666C74 
 1979      6F00
 1980              	.LASF20:
 1981 03a5 746D6F64 		.ascii	"tmode_t\000"
 1981      655F7400 
 1982              	.LASF111:
 1983 03ad 6D5F6372 		.ascii	"m_crit_isr\000"
 1983      69745F69 
 1983      737200
 1984              	.LASF56:
 1985 03b8 63685F72 		.ascii	"ch_ready_list\000"
 1985      65616479 
 1985      5F6C6973 
 1985      7400
 1986              	.LASF25:
 1987 03c6 6576656E 		.ascii	"eventmask_t\000"
 1987      746D6173 
 1987      6B5F7400 
 1988              	.LASF7:
 1989 03d2 5F5F696E 		.ascii	"__int32_t\000"
 1989      7433325F 
 1989      7400
 1990              	.LASF143:
 1991 03dc 50474461 		.ascii	"PGData\000"
 1991      746100
 1992              	.LASF89:
 1993 03e3 73746B61 		.ascii	"stkalign_t\000"
 1993      6C69676E 
 1993      5F7400
 1994              	.LASF41:
 1995 03ee 705F7761 		.ascii	"p_waiting\000"
 1995      6974696E 
 1995      6700
 1996              	.LASF87:
 1997 03f8 73697A65 		.ascii	"sizetype\000"
 1997      74797065 
 1997      00
 1998              	.LASF49:
 1999 0401 74687265 		.ascii	"thread_reference_t\000"
 1999      61645F72 
 1999      65666572 
 1999      656E6365 
 1999      5F7400
ARM GAS  /tmp/ccF78qpO.s 			page 46


 2000              	.LASF72:
 2001 0414 63685F76 		.ascii	"ch_virtual_timers_list\000"
 2001      69727475 
 2001      616C5F74 
 2001      696D6572 
 2001      735F6C69 
 2002              	.LASF96:
 2003 042b 63685F73 		.ascii	"ch_swc_event_t\000"
 2003      77635F65 
 2003      76656E74 
 2003      5F7400
 2004              	.LASF73:
 2005 043a 76745F6C 		.ascii	"vt_lasttime\000"
 2005      61737474 
 2005      696D6500 
 2006              	.LASF35:
 2007 0446 705F6F6C 		.ascii	"p_older\000"
 2007      64657200 
 2008              	.LASF59:
 2009 044e 725F6374 		.ascii	"r_ctx\000"
 2009      7800
 2010              	.LASF102:
 2011 0454 746D5F63 		.ascii	"tm_calibration_t\000"
 2011      616C6962 
 2011      72617469 
 2011      6F6E5F74 
 2011      00
 2012              	.LASF135:
 2013 0465 61667268 		.ascii	"afrh\000"
 2013      00
 2014              	.LASF140:
 2015 046a 50444461 		.ascii	"PDData\000"
 2015      746100
 2016              	.LASF62:
 2017 0471 725F6375 		.ascii	"r_current\000"
 2017      7272656E 
 2017      7400
 2018              	.LASF61:
 2019 047b 725F6F6C 		.ascii	"r_older\000"
 2019      64657200 
 2020              	.LASF12:
 2021 0483 5F5F7569 		.ascii	"__uint64_t\000"
 2021      6E743634 
 2021      5F7400
 2022              	.LASF106:
 2023 048e 63756D75 		.ascii	"cumulative\000"
 2023      6C617469 
 2023      766500
 2024              	.LASF22:
 2025 0499 74726566 		.ascii	"trefs_t\000"
 2025      735F7400 
 2026              	.LASF99:
 2027 04a1 74625F62 		.ascii	"tb_buffer\000"
 2027      75666665 
 2027      7200
 2028              	.LASF64:
 2029 04ab 76697274 		.ascii	"virtual_timer_t\000"
ARM GAS  /tmp/ccF78qpO.s 			page 47


 2029      75616C5F 
 2029      74696D65 
 2029      725F7400 
 2030              	.LASF31:
 2031 04bb 705F7072 		.ascii	"p_prev\000"
 2031      657600
 2032              	.LASF23:
 2033 04c2 74707269 		.ascii	"tprio_t\000"
 2033      6F5F7400 
 2034              	.LASF109:
 2035 04ca 6E5F6374 		.ascii	"n_ctxswc\000"
 2035      78737763 
 2035      00
 2036              	.LASF129:
 2037 04d3 5F426F6F 		.ascii	"_Bool\000"
 2037      6C00
 2038              	.LASF15:
 2039 04d9 696E7433 		.ascii	"int32_t\000"
 2039      325F7400 
 2040              	.LASF4:
 2041 04e1 756E7369 		.ascii	"unsigned char\000"
 2041      676E6564 
 2041      20636861 
 2041      7200
 2042              	.LASF134:
 2043 04ef 6166726C 		.ascii	"afrl\000"
 2043      00
 2044              	.LASF122:
 2045 04f4 735F636E 		.ascii	"s_cnt\000"
 2045      7400
 2046              	.LASF45:
 2047 04fa 705F6D74 		.ascii	"p_mtxlist\000"
 2047      786C6973 
 2047      7400
 2048              	.LASF5:
 2049 0504 73686F72 		.ascii	"short int\000"
 2049      7420696E 
 2049      7400
 2050              	.LASF38:
 2051 050e 705F7374 		.ascii	"p_state\000"
 2051      61746500 
 2052              	.LASF148:
 2053 0516 626F6172 		.ascii	"boardInit\000"
 2053      64496E69 
 2053      7400
 2054              	.LASF58:
 2055 0520 725F7072 		.ascii	"r_prio\000"
 2055      696F00
 2056              	.LASF137:
 2057 0527 50414461 		.ascii	"PAData\000"
 2057      746100
 2058              	.LASF119:
 2059 052e 65776D61 		.ascii	"ewmask\000"
 2059      736B00
 2060              	.LASF30:
 2061 0535 705F6E65 		.ascii	"p_next\000"
 2061      787400
ARM GAS  /tmp/ccF78qpO.s 			page 48


 2062              	.LASF39:
 2063 053c 705F666C 		.ascii	"p_flags\000"
 2063      61677300 
 2064              	.LASF48:
 2065 0544 705F7374 		.ascii	"p_stats\000"
 2065      61747300 
 2066              	.LASF145:
 2067 054c 50494461 		.ascii	"PIData\000"
 2067      746100
 2068              	.LASF65:
 2069 0553 63685F76 		.ascii	"ch_virtual_timer\000"
 2069      69727475 
 2069      616C5F74 
 2069      696D6572 
 2069      00
 2070              	.LASF120:
 2071 0564 63685F73 		.ascii	"ch_semaphore\000"
 2071      656D6170 
 2071      686F7265 
 2071      00
 2072              	.LASF44:
 2073 0571 705F6570 		.ascii	"p_epending\000"
 2073      656E6469 
 2073      6E6700
 2074              	.LASF16:
 2075 057c 75696E74 		.ascii	"uint32_t\000"
 2075      33325F74 
 2075      00
 2076              	.LASF118:
 2077 0585 77746D74 		.ascii	"wtmtxp\000"
 2077      787000
 2078              	.LASF57:
 2079 058c 725F7175 		.ascii	"r_queue\000"
 2079      65756500 
 2080              	.LASF68:
 2081 0594 76745F64 		.ascii	"vt_delta\000"
 2081      656C7461 
 2081      00
 2082              	.LASF52:
 2083 059d 63685F74 		.ascii	"ch_threads_list\000"
 2083      68726561 
 2083      64735F6C 
 2083      69737400 
 2084              	.LASF10:
 2085 05ad 6C6F6E67 		.ascii	"long unsigned int\000"
 2085      20756E73 
 2085      69676E65 
 2085      6420696E 
 2085      7400
 2086              	.LASF127:
 2087 05bf 63686172 		.ascii	"char\000"
 2087      00
 2088              	.LASF29:
 2089 05c4 74687265 		.ascii	"thread_t\000"
 2089      61645F74 
 2089      00
 2090              	.LASF103:
ARM GAS  /tmp/ccF78qpO.s 			page 49


 2091 05cd 62657374 		.ascii	"best\000"
 2091      00
 2092              	.LASF126:
 2093 05d2 6D5F6E65 		.ascii	"m_next\000"
 2093      787400
 2094              	.LASF28:
 2095 05d9 73797374 		.ascii	"systime_t\000"
 2095      696D655F 
 2095      7400
 2096              	.LASF46:
 2097 05e3 705F7265 		.ascii	"p_realprio\000"
 2097      616C7072 
 2097      696F00
 2098              	.LASF63:
 2099 05ee 76746675 		.ascii	"vtfunc_t\000"
 2099      6E635F74 
 2099      00
 2100              	.LASF9:
 2101 05f7 5F5F7569 		.ascii	"__uint32_t\000"
 2101      6E743332 
 2101      5F7400
 2102              	.LASF76:
 2103 0602 70616E69 		.ascii	"panic_msg\000"
 2103      635F6D73 
 2103      6700
 2104              	.LASF101:
 2105 060c 6F666673 		.ascii	"offset\000"
 2105      657400
 2106              	.LASF90:
 2107 0613 636F6E74 		.ascii	"context\000"
 2107      65787400 
 2108              	.LASF18:
 2109 061b 7274636E 		.ascii	"rtcnt_t\000"
 2109      745F7400 
 2110              	.LASF70:
 2111 0623 76745F70 		.ascii	"vt_par\000"
 2111      617200
 2112              	.LASF146:
 2113 062a 50414C43 		.ascii	"PALConfig\000"
 2113      6F6E6669 
 2113      6700
 2114              	.LASF53:
 2115 0634 74687265 		.ascii	"threads_queue_t\000"
 2115      6164735F 
 2115      71756575 
 2115      655F7400 
 2116              	.LASF123:
 2117 0644 63685F6D 		.ascii	"ch_mutex\000"
 2117      75746578 
 2117      00
 2118              	.LASF40:
 2119 064d 705F7265 		.ascii	"p_refs\000"
 2119      667300
 2120              	.LASF77:
 2121 0654 6973725F 		.ascii	"isr_cnt\000"
 2121      636E7400 
 2122              	.LASF82:
ARM GAS  /tmp/ccF78qpO.s 			page 50


 2123 065c 726C6973 		.ascii	"rlist\000"
 2123      7400
 2124              	.LASF14:
 2125 0662 75696E74 		.ascii	"uint8_t\000"
 2125      385F7400 
 2126              	.LASF115:
 2127 066a 77746F62 		.ascii	"wtobjp\000"
 2127      6A7000
 2128              	.LASF36:
 2129 0671 705F6E61 		.ascii	"p_name\000"
 2129      6D6500
 2130              	.LASF139:
 2131 0678 50434461 		.ascii	"PCData\000"
 2131      746100
 2132              	.LASF50:
 2133 067f 74687265 		.ascii	"threads_list_t\000"
 2133      6164735F 
 2133      6C697374 
 2133      5F7400
 2134              	.LASF79:
 2135 068e 74726163 		.ascii	"trace_buffer\000"
 2135      655F6275 
 2135      66666572 
 2135      00
 2136              	.LASF43:
 2137 069b 705F6D73 		.ascii	"p_msg\000"
 2137      6700
 2138              	.LASF142:
 2139 06a1 50464461 		.ascii	"PFData\000"
 2139      746100
 2140              	.LASF110:
 2141 06a8 6D5F6372 		.ascii	"m_crit_thd\000"
 2141      69745F74 
 2141      686400
 2142              	.LASF125:
 2143 06b3 6D5F6F77 		.ascii	"m_owner\000"
 2143      6E657200 
 2144              	.LASF150:
 2145 06bb 70616C5F 		.ascii	"pal_default_config\000"
 2145      64656661 
 2145      756C745F 
 2145      636F6E66 
 2145      696700
 2146              	.LASF33:
 2147 06ce 705F6374 		.ascii	"p_ctx\000"
 2147      7800
 2148              	.LASF69:
 2149 06d4 76745F66 		.ascii	"vt_func\000"
 2149      756E6300 
 2150              		.comm	__gnu_lto_v1,1,1
 2151              		.ident	"GCC: (4.8.2-14ubuntu1+6) 4.8.2"
ARM GAS  /tmp/ccF78qpO.s 			page 51


DEFINED SYMBOLS
                            *ABS*:0000000000000000 board.c
     /tmp/ccF78qpO.s:145    .rodata.pal_default_config:0000000000000000 pal_default_config
     /tmp/ccF78qpO.s:142    .rodata.pal_default_config:0000000000000000 $d
     /tmp/ccF78qpO.s:210    .text.__early_init:0000000000000000 $t
     /tmp/ccF78qpO.s:216    .text.__early_init:0000000000000000 __early_init
     /tmp/ccF78qpO.s:235    .text.boardInit:0000000000000000 $t
     /tmp/ccF78qpO.s:241    .text.boardInit:0000000000000000 boardInit
                            *COM*:0000000000000001 __gnu_lto_v1
                     .debug_frame:0000000000000010 $d

UNDEFINED SYMBOLS
stm32_clock_init
