ARM GAS  /tmp/ccpGG1FB.s 			page 1


   1              		.syntax unified
   2              		.cpu cortex-m4
   3              		.fpu softvfp
   4              		.eabi_attribute 20, 1
   5              		.eabi_attribute 21, 1
   6              		.eabi_attribute 23, 3
   7              		.eabi_attribute 24, 1
   8              		.eabi_attribute 25, 1
   9              		.eabi_attribute 26, 1
  10              		.eabi_attribute 30, 6
  11              		.eabi_attribute 34, 1
  12              		.eabi_attribute 18, 4
  13              		.thumb
  14              		.file	"hal.c"
  15              		.text
  16              	.Ltext0:
  17              		.section	.gnu.lto_.inline.b5c7ec3cc9fa72cb,"",%progbits
  18 0000 789C6362 		.ascii	"x\234cb`b\300\006\274\2404P\226\031\210\231\230\026"
  18      6062C006 
  18      BCA03450 
  18      96198899 
  18      9816
  19 0012 C833B040 		.ascii	"\3103\260@\32422p\237d@\023\342\302$\230\270Q\270\014"
  19      D4323270 
  19      9F644013 
  19      E2C22498 
  19      B851B80C 
  20 0026 00A3FC03 		.ascii	"\000\243\374\003\014"
  20      0C
  21              		.text
  22              		.section	.gnu.lto_osalInit.b5c7ec3cc9fa72cb,"",%progbits
  23 0000 789C6362 		.ascii	"x\234cb`b@\007\"@\354\013\304: \0163\003#P\005#\023"
  23      60624007 
  23      2240EC0B 
  23      C43A200E 
  23      33032350 
  24 0017 232390C3 		.ascii	"##\220\303\310P\317\304X\037\311\010V\266\236\351\300"
  24      C850CFC4 
  24      581FC908 
  24      56B69EE9 
  24      C0
  25 0028 83FFFFD7 		.ascii	"\203\377\377\327M\272\267t\017\343\017&\220\030+CKC"
  25      4DBAB774 
  25      0FE30F26 
  25      90182B43 
  25      4B43
  26 003a C3040506 		.ascii	"\303\004\005\006\206d\260\212\0200\031\012\322\317|"
  26      8664B08A 
  26      1030190A 
  26      D2CF7C
  27 0049 91813191 		.ascii	"\221\2011\221q!#+\334\222\020\220\201 \273\265r2\223"
  27      7121232B 
  27      DC921090 
  27      8120BBB5 
  27      723293
  28 005c F49D3332 		.ascii	"\364\23532\2232\375\203\343\015\315\364\014\365L\364"
  28      9332FD83 
ARM GAS  /tmp/ccpGG1FB.s 			page 2


  28      E30DCDF4 
  28      0CF54CF4 
  29 006c F5F38BF5 		.ascii	"\365\363\213\3653\022s\200\024\220(*\001\323z\031\014"
  29      33127380 
  29      1490282A 
  29      01D37A19 
  29      0C
  30 007d 0091BA1D 		.ascii	"\000\221\272\035\346"
  30      E6
  31              		.text
  32              		.section	.gnu.lto_halInit.b5c7ec3cc9fa72cb,"",%progbits
  33 0000 789C6362 		.ascii	"x\234cb`b@\007\"@\234\316\310\300\240\016\342030\002"
  33      60624007 
  33      22409CCE 
  33      C8C0A00E 
  33      E2303330 
  34 0015 55303231 		.ascii	"U021\002\005\030\030\031\352\231\030\353#\031\301\312"
  34      02051818 
  34      19EA9918 
  34      EB2319C1 
  34      CA
  35 0026 D6331D78 		.ascii	"\3263\035x\360\377\377\272\017\033\037\316c\024\002"
  35      F0FFFFBA 
  35      0F1B1FCE 
  35      631402
  36 0035 09B132B4 		.ascii	"\011\2612\26444LP``H\006+\010\001\223\241 \355\314\347"
  36      34344C50 
  36      60604806 
  36      2B080193 
  36      A120EDCC 
  37 004a 199A1FFC 		.ascii	"\031\232\037\3746Kd\\\310\310\012\024\253f\370\325\320"
  37      364B645C 
  37      C8C80A14 
  37      AB66F8D5 
  37      D0
  38 005b D12090C9 		.ascii	"\321 \220\311\010T\0111+\023D\203\024\375\263\303\246"
  38      08540931 
  38      2B134483 
  38      14FDB3C3 
  38      A6
  39 006c 88095951 		.ascii	"\210\011YQ\313\203\316d\014EL\311\214\314`E \021\211"
  39      CB83CE64 
  39      0C454CC9 
  39      8CCC6045 
  39      201189
  40 007f 4C46E65C 		.ascii	"LF\346\\F\006\250\242LF\026\210\331\367\016\263a3\234"
  40      4606A8A2 
  40      4C461688 
  40      D9F70EB3 
  40      61339C
  41 0092 05C5050B 		.ascii	"\005\305\005\013\3360cS\304\212\352\314\336Vvl\252\330"
  41      DE306353 
  41      C48AEACC 
  41      DE56766C 
  41      AAD8
  42 00a4 5055CD59 		.ascii	"PU\315Y\212\325Bv\204\252\213\014\215\017\346\251\302"
  42      8AD54276 
ARM GAS  /tmp/ccpGG1FB.s 			page 3


  42      84AA8B0C 
  42      8D0FE6A9 
  42      C2
  43 00b5 14414008 		.ascii	"\024A@\010H\002\344c\325\234\314$}\347\214\314\244L"
  43      4802E463 
  43      D59CCC24 
  43      7DE78CCC 
  43      A44C
  44 00c7 FFE07843 		.ascii	"\377\340xC3=C=\023}\375\374b\375\214\304\034\375\342"
  44      333D433D 
  44      137DFDFC 
  44      62FD8CC4 
  44      1CFDE2
  45 00da A26410AD 		.ascii	"\242d\020\255\227\314\000\000\212\355^/"
  45      97CC0000 
  45      8AED5E2F 
  46              		.text
  47              		.section	.gnu.lto_.symbol_nodes.b5c7ec3cc9fa72cb,"",%progbits
  48 0000 789C45C8 		.ascii	"x\234E\310\261\021\202@\024\204\341}{\034\330\246\225"
  48      B1118240 
  48      1484E17D 
  48      7B1CD8A6 
  48      95
  49 0011 2C030921 		.ascii	",\003\011!\242h\001\224`\011\344\204\3062T@\003\214"
  49      A2680194 
  49      6009E484 
  49      C6325440 
  49      038C
  50 0023 E7C1702F 		.ascii	"\347\301p/\371\336\277\004\361\306q\\M@;\001R\337\\"
  50      F9DEBF04 
  50      F1C6715C 
  50      4D403B01 
  50      52DF5C
  51 0036 D95276E4 		.ascii	"\331Rv\344\2471\177g\370`/\212\373Z\226fO\312\245\352"
  51      A7317F67 
  51      F8602F8A 
  51      FB5A9666 
  51      4FCAA5EA 
  52 004a A92CD583 		.ascii	"\251,\325\203\362\251:*Ou\243\212\263\234\001\325w\013"
  52      F2A93A2A 
  52      4F75A38A 
  52      B39C01D5 
  52      770B
  53 005c 5E30440B 		.ascii	"^0D\013\214\321\034K\324\243\236\377f\030\242\016c\020"
  53      8CD11C4B 
  53      D4A39EFF 
  53      6618A20E 
  53      6310
  54 006e 3FC26F35 		.ascii	"?\302o5\316"
  54      CE
  55              		.text
  56              		.section	.gnu.lto_.refs.b5c7ec3cc9fa72cb,"",%progbits
  57 0000 789C6362 		.ascii	"x\234cb`b`e\200\000FF&&\006\000\000\245\000\020"
  57      60626065 
  57      80004646 
  57      26260600 
  57      00A50010 
ARM GAS  /tmp/ccpGG1FB.s 			page 4


  58              		.text
  59              		.section	.gnu.lto_.decls.b5c7ec3cc9fa72cb,"",%progbits
  60 0000 789CA596 		.ascii	"x\234\245\226ql\023U\034\307\337\273v[+s3K$[\324\254"
  60      716C1355 
  60      1CC7DFBB 
  60      765B2B73 
  60      334B245B 
  61 0016 98CCE822 		.ascii	"\230\314\350\"\253\014b4\032\0247\030K\246[\030\030"
  61      AB0C6234 
  61      1A143718 
  61      4BA65B18 
  61      18
  62 0027 FDEB726B 		.ascii	"\375\353rk;zI\3276wW\305\277x\0142\221H\354\214,N\010"
  62      3B7A49D7 
  62      367757C5 
  62      BF780C32 
  62      9148EC8C 
  63 003e 74300613 		.ascii	"t0\006\023\2259Q\246\220q,\220LC\334(Q\324i\326I\024"
  63      953951A6 
  63      90712C90 
  63      4C43DC28 
  63      51D469D6 
  64 0054 04FE588C 		.ascii	"\004\376X\214,D\027\353{\357\356\332\273\356\256\273"
  64      2C4417EB 
  64      7BEFEEDA 
  64      BBEEAEBB 
  65 0064 C597FC7E 		.ascii	"\305\227\374~\277\327\336\357\367\371}\337\273\327\353"
  65      BFD7DEEF 
  65      F7F97DDF 
  65      BBD7EB
  66 0073 31800117 		.ascii	"1\200\001\027\000\000i<\\\305\000L1\0008\360\347\265"
  66      0000693C 
  66      5CC5004C 
  66      310038F0 
  66      E7B5
  67 0085 203B5CD8 		.ascii	" ;\\\330\372\260\015`\033\304v\002\333\307\330Nb\373"
  67      FAB00D60 
  67      1BC47602 
  67      DBC7D84E 
  67      62FB
  68 0097 14DB756C 		.ascii	"\024\333ul\020\333\037\3008\372ts\230\363Y\033\204Y"
  68      10DB1FC0 
  68      38FA7473 
  68      98F3591B 
  68      8459
  69 00a9 80ED16B6 		.ascii	"\200\355\026\266\303\330nc;\205mX\327{@\255\275\256"
  69      C3D86E63 
  69      3B856D58 
  69      D77B40AD 
  69      BDAE
  70 00bb F63BA9F6 		.ascii	"\366;\251\366?\241\3521\353]\011\016\"y2u\364\327kL"
  70      3FA1EA31 
  70      EB5D090E 
  70      22793275 
  70      F4D76B4C 
  71 00cf 2F927721 		.ascii	"/\222w!\274<\004=\313\301>\204G\242\013!(qp\355\375"
  71      BC3C043D 
ARM GAS  /tmp/ccpGG1FB.s 			page 5


  71      CBC13E84 
  71      47A20B21 
  71      287170ED 
  72 00e4 E015C8C1 		.ascii	"\340\025\310\301\0227\360\320I\261\0338i5\007\017\303"
  72      1237F0D0 
  72      49B11B38 
  72      6935070F 
  72      C3
  73 00f5 E5EA6C8B 		.ascii	"\345\352l\213C!2`%\004\325`\020\327\307\021\032{\300"
  73      43213260 
  73      2504D560 
  73      10D7C711 
  73      1A7BC0
  74 0108 6431003C 		.ascii	"d1\000<\002\216\222\006\3508rP<\001\364\301J}\012\007"
  74      028E9206 
  74      E8387250 
  74      3C01F4C1 
  74      4A7D0A07 
  75 011c 8F402657 		.ascii	"\217@&WjBN\3753\363Y\005Jt\312\351\364\271\347U\001"
  75      6A424EFD 
  75      33F35905 
  75      4A74CAE9 
  75      F4B9E755 
  76 0131 0CF0413C 		.ascii	"\014\360A<\355\207\325y\033\014\34468\266\260A*\236"
  76      ED87D579 
  76      1B0CE436 
  76      38B6B041 
  76      2A9E
  77 0143 3AFDE6D5 		.ascii	":\375\346\325\035\260{gb\034\315\246\323\245\231\026"
  77      1DB07B67 
  77      621CCDA6 
  77      D3A59916 
  78 0153 EFC1DC1E 		.ascii	"\357\301\334\036\012\344CS\310\334\236\271\307{\321"
  78      0AE44353 
  78      C8DC9EB9 
  78      C77BD1
  79 0162 18D9D0ED 		.ascii	"\030\331\320\355\031\304\224\005\342#S\304\007\357\374"
  79      19C49405 
  79      E22353C4 
  79      07EFFC
  80 0171 C52C40F4 		.ascii	"\305,@\3640\346\210OL\021\363\311\237+\026 \306-\020"
  80      30E6884F 
  80      4C11F3C9 
  80      9F2B1620 
  80      C62D10
  81 0184 43A688C9 		.ascii	"C\246\210\311\357\177+\317 \354\237\213a\365\\8\000"
  81      EF7F2BCF 
  81      20EC9F8B 
  81      61F55C38 
  81      00
  82 0195 852E037B 		.ascii	"\205.\003{\020\352$\205\033\307K\312@7\245`\310x\011"
  82      10EA2485 
  82      1BC74BCA 
  82      4037A560 
  82      C87809
  83 01a8 D010A952 		.ascii	"\320\020\251R\2151O\016j\025\350\307\007H\276s\005z"
  83      8D314F0E 
ARM GAS  /tmp/ccpGG1FB.s 			page 6


  83      6A15E8C7 
  83      0748BE73 
  83      057A
  84 01ba D47C8F75 		.ascii	"\324|\217u2\007\277\200U`\361<\2229\002\313\324\345"
  84      3207BF80 
  84      5560F13C 
  84      923902CB 
  84      D4E5
  85 01cc D316483E 		.ascii	"\323\026H>\223,FN\345{`\2621\352X\001\022$\371r\362"
  85      932C464E 
  85      E57B60B2 
  85      31EA5801 
  85      1224F972 
  86 01e1 00448931 		.ascii	"\000D\2111h\326\013j\275\036\314\352\357MB\017\007\317"
  86      68D60B6A 
  86      BD1ECCEA 
  86      EF4D420F 
  86      07CF
  87 01f3 E07C06EC 		.ascii	"\340|\006\354u\0307~Q\006\2213\232+wj\202\312\035\265"
  87      7518377E 
  87      51069133 
  87      9A2B776A 
  87      82CA1DB5 
  88 0207 21B7539E 		.ascii	"!\267S\236\2368PA\344\272\301\356\354\376\003\323\273"
  88      9E385041 
  88      E4BAC1EE 
  88      ECFE03D3 
  88      BB
  89 0218 A6084E75 		.ascii	"\246\010Nu\357\277x\036v\342[\303\301\363\270\214\001"
  89      EFBF781E 
  89      76E25BC3 
  89      C1F3B88C 
  89      01
  90 0229 A339AAED 		.ascii	"\2439\252\355\243\016\035<\3734B.\016^\240\240;9 \016"
  90      A30E1D3C 
  90      FB34422E 
  90      0E5EA0A0 
  90      3B39200E 
  91 023d 16B98D27 		.ascii	"\026\271\215'\020\177\326\022\010\215^V'\344\271[\012"
  91      107FD612 
  91      088D5E56 
  91      27E4B95B 
  91      0A
  92 024e 969ACE00 		.ascii	"\226\232\316\000\344\204\352&\232\011U\247\312P\023"
  92      E484EA26 
  92      9A0955A7 
  92      CA5013
  93 025d 0C1B888F 		.ascii	"\014\033\210\217\377\274\203<\030\035\332vt-\031\350"
  93      FFBC833C 
  93      181DDA76 
  93      742D19E8 
  94 026d 31DC91B9 		.ascii	"1\334\221\271\211\3428\247\301\366\332\201\271,\325"
  94      89E238A7 
  94      C1F6DA81 
  94      B92CD5
  95 027c C97FEB61 		.ascii	"\311\177\353a\373\226\0143*\373W\017\333o\007v\237\265"
  95      FB960C33 
ARM GAS  /tmp/ccpGG1FB.s 			page 7


  95      2AFB570F 
  95      DB6F0776 
  95      9FB5
  96 028e B277933A 		.ascii	"\262w\223:\330\241%\303\214\312z\364\260~;\260r\023"
  96      D8A125C3 
  96      8CCA7AF4 
  96      B07E3BB0 
  96      7213
  97 02a0 656643FF 		.ascii	"efC\377\373\342\3409\374\020\341\240\014W`?N\3757\324"
  97      FBE2E039 
  97      FC10E1A0 
  97      0C57603F 
  97      4EFD37D4 
  98 02b4 5FA2FE5B 		.ascii	"_\242\376[\352'\251Ob\237\031\014\030\244\232F\262\232"
  98      EA27A94F 
  98      629F190C 
  98      18A49A46 
  98      B29A
  99 02c6 8CBFE3C5 		.ascii	"\214\277\343\305\216\031\222\177\330D\026\250<&\206"
  99      8E19927F 
  99      D84416A8 
  99      3C2686
 100 02d5 6CC10C2B 		.ascii	"l\301\014+\364\030`\263:\330i[\260\247\254\225\335\325"
 100      F41860B3 
 100      3AD8695B 
 100      B0A7AC95 
 100      DDD5
 101 02e7 C1466DC1 		.ascii	"\301Fm\301Z\254\225\305[\263\260\213\266`Qke\357\353"
 101      5AAC95C5 
 101      5BB3B08B 
 101      B660516B 
 101      65EFEB
 102 02fa 60976CC1 		.ascii	"`\227l\301vCkiC:\332\025[\264\343\320Z\333\210\216\366"
 102      76436B69 
 102      433ADA15 
 102      5BB4E3D0 
 102      5ADB888E 
 103 030f 932D9A9C 		.ascii	"\223-\232\234G\333\244\2166c\213\2262\323\246;\365\312"
 103      47DBA48E 
 103      36638B96 
 103      32D3A63B 
 103      F5CA
 104 0321 79FF929E 		.ascii	"y\377\222\236\367\257\350\211\376\216\372\253\324\377"
 104      F7AFE889 
 104      FE8EFAAB 
 104      D4FF
 105 032f 48FD14F5 		.ascii	"H\375\024\365\277P?M\375\014\365\327\214g\377\2063\367"
 105      BF503F4D 
 105      FD0CF5D7 
 105      8C67FF86 
 105      33F7
 106 0341 B1AEFC93 		.ascii	"\261\256\374\223\352\272e\377r\301\377\355g\365\276"
 106      EABA65FF 
 106      72C1FFED 
 106      67F5BE
 107 0350 710A2ECB 		.ascii	"q\012.\313\366\323^E\251\276?s\364iI\277\233\276\356"
 107      F6D35E45 
ARM GAS  /tmp/ccpGG1FB.s 			page 8


 107      A9BE3F73 
 107      F46949BF 
 107      9BBEEE
 108 0363 74DF94DF 		.ascii	"t\337\224\337\206;\217t\311\361\035\251\364\366J\355"
 108      863B8F74 
 108      C9F11DA9 
 108      F4F64AED 
 109 0373 9DE96C81 		.ascii	"\235\351l\2019\344\206\021\3620\350C\263\361\324\345"
 109      39E48611 
 109      F230E843 
 109      B3F1D4E5 
 110 0383 9EE9F291 		.ascii	"\236\351\362\221N\264\353-\204\356\246a\032\377w|N\357"
 110      4EB4EB2D 
 110      84EEA661 
 110      1AFF777C 
 110      4EEF
 111 0395 DDD7198A 		.ascii	"\335\327\031\212\365\353\311\315,\321\360\322\244(\261"
 111      F5EBC9CD 
 111      2CD1F0D2 
 111      A428B1
 112 03a4 5AFEADEC 		.ascii	"Z\376\255\354\362s\252\206\363T\335\316V\201\352\020"
 112      F273AA86 
 112      F354DDCE 
 112      5681EA10 
 113 03b4 DFE6AD0B 		.ascii	"\337\346\255\013\362m|s+\273\352\311\232U5k\274\336"
 113      F26D7C73 
 113      2BBBEAC9 
 113      9A55356B 
 113      BCDE
 114 03c6 88E80D72 		.ascii	"\210\350\015r!\034\260\023$\032k\202\300Ebc\230\227"
 114      211CB013 
 114      241A6B82 
 114      C0456263 
 114      9897
 115 03d8 0A1B5EDA 		.ascii	"\012\033^\332\342\251\003UyJE\301Gb\215\017\024\005"
 115      E2A90355 
 115      794A45C1 
 115      47628D0F 
 115      1405
 116 03ea 95A247F3 		.ascii	"\225\242G\363d\363a_(\346\017xE\011\267)\024%\222\377"
 116      64F3615F 
 116      28E60F78 
 116      4509B729 
 116      142592FF 
 117 03fe 5C9EFCB6 		.ascii	"\\\236\374\266\010'\370Eo\353f\266u\363\213\253k7\254"
 117      0827F845 
 117      6FEB66B6 
 117      75F38BAB 
 117      6B37AC
 118 0411 61EB1B5B 		.ascii	"a\353\033[\353\232_^\277\351U\345\032\306\270\351\204"
 118      EB9A5F5E 
 118      BFE955E5 
 118      1AC6B8E9 
 118      84
 119 0422 909EB0D3 		.ascii	"\220\236\260\3239 \360\\\210\215\211m\270\264H\364\307"
 119      3920F05C 
 119      888D896D 
ARM GAS  /tmp/ccpGG1FB.s 			page 9


 119      B8B448F4 
 119      C7
 120 0433 48E16336 		.ascii	"H\341c6\012\325\012\034H\305\263y*\242\021A\"\232\261"
 120      0AD50A1C 
 120      48C5B379 
 120      2AA21141 
 120      229AB1
 121 0446 606F5353 		.ascii	"`oSS\275\267\241\245\261\371\265Zo\024\267\015\205\210"
 121      BDB7A1A5 
 121      B1F9B55A 
 121      6F14B70D 
 121      8588
 122 0458 E23251EA 		.ascii	"\3422Q\352X]\313n\215\362\021V\014H\261(+=\204\371B"
 122      585DCB6E 
 122      8DF21156 
 122      0C48B128 
 122      2B3D84F9 
 123 046d A65738F0 		.ascii	"\246W8\360:\341\213\222\237\017\223\235r\305p\304\025"
 123      3AE18B92 
 123      9F0F939D 
 123      72C570C4 
 123      15
 124 047e D24AB3B4 		.ascii	"\322J\263\264\016\316\027\344\303\001/\353\017\264s"
 124      0ECE17E4 
 124      C3012FEB 
 124      0FB473
 125 048d B190C44A 		.ascii	"\261\220\304JoD\003\".\273\207e\265\302\202\216\210"
 125      6F440322 
 125      2EBB8765 
 125      B5C2828E 
 125      88
 126 049e 3F201446 		.ascii	"? \024F\310%\241(\"F\003\001\277P\020\215E\375\202#"
 126      C825A128 
 126      22460301 
 126      BF50108D 
 126      45FD8223 
 127 04b2 E2179C5C 		.ascii	"\342\027\234\\\273\020\".X\330\262\256\236\223\270\302"
 127      BB10222E 
 127      58D8B2AE 
 127      9E93B8C2 
 128 04c2 96179450 		.ascii	"\226\027\224P\247\204z%\254W\302\006%4(a\243\022\032"
 128      A7847A25 
 128      AC57C206 
 128      25342861 
 128      A3121A
 129 04d5 4970B7AC 		.ascii	"Ip\267\254k\252\213\204\333\371\255\367\262\352\202"
 129      6BAA8B84 
 129      DBF9ADF7 
 129      B2EA82
 130 04e4 591EEFD7 		.ascii	"Y\036\357\32736\367K\275\315\333\266\221+\352v\025\007"
 130      3336F74B 
 130      BDCDDBB6 
 130      912BEA76 
 130      1507
 131 04f6 75A03242 		.ascii	"u\2402B\325\026\352\243\235\376\003\260SKl"
 131      D516EAA3 
 131      9DFE03B0 
ARM GAS  /tmp/ccpGG1FB.s 			page 10


 131      534B6C
 132              		.text
 133              		.section	.gnu.lto_.symtab.b5c7ec3cc9fa72cb,"",%progbits
 134 0000 68616C49 		.ascii	"halInit\000\000\000\000\000\000\000\000\000\000\000"
 134      6E697400 
 134      00000000 
 134      00000000 
 134      0000
 135 0012 00A60000 		.ascii	"\000\246\000\000\000pal_default_config\000\000\002\000"
 135      0070616C 
 135      5F646566 
 135      61756C74 
 135      5F636F6E 
 136 002d 00000000 		.ascii	"\000\000\000\000\000\000\000\000\351\000\000\000stI"
 136      00000000 
 136      E9000000 
 136      737449
 137 003c 6E697400 		.ascii	"nit\000\000\002\000\000\000\000\000\000\000\000\000"
 137      00020000 
 137      00000000 
 137      000000
 138 004b A9000000 		.ascii	"\251\000\000\000boardInit\000\000\002\000\000\000\000"
 138      626F6172 
 138      64496E69 
 138      74000002 
 138      00000000 
 139 005f 00000000 		.ascii	"\000\000\000\000\000\253\000\000\000sduInit\000\000"
 139      00AB0000 
 139      00736475 
 139      496E6974 
 139      0000
 140 0071 02000000 		.ascii	"\002\000\000\000\000\000\000\000\000\000\255\000\000"
 140      00000000 
 140      0000AD00 
 140      00
 141 007e 00757362 		.ascii	"\000usbInit\000\000\002\000\000\000\000\000\000\000"
 141      496E6974 
 141      00000200 
 141      00000000 
 141      0000
 142 0090 0000AF00 		.ascii	"\000\000\257\000\000\000_pal_lld_init\000\000\002\000"
 142      00005F70 
 142      616C5F6C 
 142      6C645F69 
 142      6E697400 
 143 00a7 00000000 		.ascii	"\000\000\000\000\000\000\000\000\261\000\000\000hal"
 143      00000000 
 143      B1000000 
 143      68616C
 144 00b6 5F6C6C64 		.ascii	"_lld_init\000\000\002\000\000\000\000\000\000\000\000"
 144      5F696E69 
 144      74000002 
 144      00000000 
 144      00000000 
 145 00ca 00E70000 		.ascii	"\000\347\000\000\000"
 145      00
 146              		.text
ARM GAS  /tmp/ccpGG1FB.s 			page 11


 147              		.section	.gnu.lto_.opts,"",%progbits
 148 0000 272D6D63 		.ascii	"'-mcpu=cortex-m4' '-mno-thumb-interwork' '-mthumb' "
 148      70753D63 
 148      6F727465 
 148      782D6D34 
 148      2720272D 
 149 0033 272D6767 		.ascii	"'-ggdb' '-O0' '-fomit-frame-pointer' '-falign-funct"
 149      64622720 
 149      272D4F30 
 149      2720272D 
 149      666F6D69 
 150 0066 696F6E73 		.ascii	"ions=16' '-ffunction-sections' '-fdata-sections' '-"
 150      3D313627 
 150      20272D66 
 150      66756E63 
 150      74696F6E 
 151 0099 666E6F2D 		.ascii	"fno-common' '-flto'\000"
 151      636F6D6D 
 151      6F6E2720 
 151      272D666C 
 151      746F2700 
 152              		.text
 153              		.cfi_sections	.debug_frame
 154              		.section	.text.osalInit,"ax",%progbits
 155              		.align	2
 156              		.p2align 4,,15
 157              		.thumb
 158              		.thumb_func
 159              		.type	osalInit, %function
 160              	osalInit:
 161              	.LFB241:
 162              		.file 1 "lib/ChibiOS_16.1.4//os/hal/osal/rt/osal.h"
 163              		.loc 1 449 0
 164              		.cfi_startproc
 165              		@ args = 0, pretend = 0, frame = 0
 166              		@ frame_needed = 0, uses_anonymous_args = 0
 167              		@ link register save eliminated.
 168              		.loc 1 451 0
 169 0000 7047     		bx	lr
 170              		.cfi_endproc
 171              	.LFE241:
 172              		.size	osalInit, .-osalInit
 173 0002 00BFAFF3 		.section	.text.halInit,"ax",%progbits
 173      0080AFF3 
 173      0080AFF3 
 173      0080
 174              		.align	2
 175              		.p2align 4,,15
 176              		.global	halInit
 177              		.thumb
 178              		.thumb_func
 179              		.type	halInit, %function
 180              	halInit:
 181              	.LFB272:
 182              		.file 2 "lib/ChibiOS_16.1.4//os/hal/src/hal.c"
 183              		.loc 2 56 0
 184              		.cfi_startproc
ARM GAS  /tmp/ccpGG1FB.s 			page 12


 185              		@ args = 0, pretend = 0, frame = 0
 186              		@ frame_needed = 0, uses_anonymous_args = 0
 187 0000 08B5     		push	{r3, lr}
 188              		.cfi_def_cfa_offset 8
 189              		.cfi_offset 3, -8
 190              		.cfi_offset 14, -4
 191              		.loc 2 59 0
 192 0002 FFF7FEFF 		bl	osalInit
 193              		.loc 2 62 0
 194 0006 FFF7FEFF 		bl	hal_lld_init
 195              		.loc 2 65 0
 196 000a 40F20000 		movw	r0, #:lower16:pal_default_config
 197 000e C0F20000 		movt	r0, #:upper16:pal_default_config
 198 0012 FFF7FEFF 		bl	_pal_lld_init
 199              		.loc 2 110 0
 200 0016 FFF7FEFF 		bl	usbInit
 201              		.loc 2 116 0
 202 001a FFF7FEFF 		bl	sduInit
 203              		.loc 2 133 0
 204 001e FFF7FEFF 		bl	boardInit
 205              		.loc 2 140 0
 206 0022 FFF7FEFF 		bl	stInit
 207              		.loc 2 142 0
 208 0026 08BD     		pop	{r3, pc}
 209              		.cfi_endproc
 210              	.LFE272:
 211              		.size	halInit, .-halInit
 212 0028 AFF30080 		.text
 212      AFF30080 
 213              	.Letext0:
 214              		.file 3 "/usr/include/newlib/machine/_default_types.h"
 215              		.file 4 "/usr/include/newlib/stdint.h"
 216              		.file 5 "lib/ChibiOS_16.1.4//os/rt/ports/ARMCMx/compilers/GCC/chtypes.h"
 217              		.file 6 "lib/ChibiOS_16.1.4//os/rt/include/chsystypes.h"
 218              		.file 7 "lib/ChibiOS_16.1.4//os/rt/include/chschd.h"
 219              		.file 8 "lib/ChibiOS_16.1.4//os/rt/ports/ARMCMx/chcore.h"
 220              		.file 9 "lib/ChibiOS_16.1.4//os/rt/ports/ARMCMx/chcore_v7m.h"
 221              		.file 10 "lib/ChibiOS_16.1.4//os/rt/include/chdebug.h"
 222              		.file 11 "lib/ChibiOS_16.1.4//os/rt/include/chtm.h"
 223              		.file 12 "lib/ChibiOS_16.1.4//os/rt/include/chstats.h"
 224              		.file 13 "lib/ChibiOS_16.1.4//os/rt/include/chsem.h"
 225              		.file 14 "lib/ChibiOS_16.1.4//os/rt/include/chmtx.h"
 226              		.file 15 "lib/ChibiOS_16.1.4//os/hal/ports/STM32/LLD/GPIOv2/pal_lld.h"
 227              		.file 16 "lib/ChibiOS_16.1.4//os/ext/CMSIS/include/core_cm4.h"
 228              		.section	.debug_info,"",%progbits
 229              	.Ldebug_info0:
 230 0000 F3080000 		.4byte	0x8f3
 231 0004 0400     		.2byte	0x4
 232 0006 00000000 		.4byte	.Ldebug_abbrev0
 233 000a 04       		.byte	0x4
 234 000b 01       		.uleb128 0x1
 235 000c B7020000 		.4byte	.LASF148
 236 0010 01       		.byte	0x1
 237 0011 90060000 		.4byte	.LASF149
 238 0015 41010000 		.4byte	.LASF150
 239 0019 00000000 		.4byte	.Ldebug_ranges0+0
 240 001d 00000000 		.4byte	0
ARM GAS  /tmp/ccpGG1FB.s 			page 13


 241 0021 00000000 		.4byte	.Ldebug_line0
 242 0025 02       		.uleb128 0x2
 243 0026 04       		.byte	0x4
 244 0027 05       		.byte	0x5
 245 0028 696E7400 		.ascii	"int\000"
 246 002c 03       		.uleb128 0x3
 247 002d 04       		.byte	0x4
 248 002e 07       		.byte	0x7
 249 002f 1F020000 		.4byte	.LASF0
 250 0033 03       		.uleb128 0x3
 251 0034 01       		.byte	0x1
 252 0035 06       		.byte	0x6
 253 0036 35010000 		.4byte	.LASF1
 254 003a 04       		.uleb128 0x4
 255 003b 52000000 		.4byte	.LASF5
 256 003f 03       		.byte	0x3
 257 0040 1C       		.byte	0x1c
 258 0041 45000000 		.4byte	0x45
 259 0045 03       		.uleb128 0x3
 260 0046 01       		.byte	0x1
 261 0047 08       		.byte	0x8
 262 0048 9F040000 		.4byte	.LASF2
 263 004c 03       		.uleb128 0x3
 264 004d 02       		.byte	0x2
 265 004e 05       		.byte	0x5
 266 004f C2040000 		.4byte	.LASF3
 267 0053 03       		.uleb128 0x3
 268 0054 02       		.byte	0x2
 269 0055 07       		.byte	0x7
 270 0056 6D020000 		.4byte	.LASF4
 271 005a 04       		.uleb128 0x4
 272 005b 87030000 		.4byte	.LASF6
 273 005f 03       		.byte	0x3
 274 0060 37       		.byte	0x37
 275 0061 65000000 		.4byte	0x65
 276 0065 03       		.uleb128 0x3
 277 0066 04       		.byte	0x4
 278 0067 05       		.byte	0x5
 279 0068 80010000 		.4byte	.LASF7
 280 006c 04       		.uleb128 0x4
 281 006d AB050000 		.4byte	.LASF8
 282 0071 03       		.byte	0x3
 283 0072 38       		.byte	0x38
 284 0073 77000000 		.4byte	0x77
 285 0077 03       		.uleb128 0x3
 286 0078 04       		.byte	0x4
 287 0079 07       		.byte	0x7
 288 007a 61050000 		.4byte	.LASF9
 289 007e 03       		.uleb128 0x3
 290 007f 08       		.byte	0x8
 291 0080 05       		.byte	0x5
 292 0081 27010000 		.4byte	.LASF10
 293 0085 04       		.uleb128 0x4
 294 0086 38040000 		.4byte	.LASF11
 295 008a 03       		.byte	0x3
 296 008b 4E       		.byte	0x4e
 297 008c 90000000 		.4byte	0x90
ARM GAS  /tmp/ccpGG1FB.s 			page 14


 298 0090 03       		.uleb128 0x3
 299 0091 08       		.byte	0x8
 300 0092 07       		.byte	0x7
 301 0093 A8000000 		.4byte	.LASF12
 302 0097 04       		.uleb128 0x4
 303 0098 16060000 		.4byte	.LASF13
 304 009c 04       		.byte	0x4
 305 009d 2A       		.byte	0x2a
 306 009e 3A000000 		.4byte	0x3a
 307 00a2 04       		.uleb128 0x4
 308 00a3 97040000 		.4byte	.LASF14
 309 00a7 04       		.byte	0x4
 310 00a8 41       		.byte	0x41
 311 00a9 5A000000 		.4byte	0x5a
 312 00ad 04       		.uleb128 0x4
 313 00ae 30050000 		.4byte	.LASF15
 314 00b2 04       		.byte	0x4
 315 00b3 42       		.byte	0x42
 316 00b4 6C000000 		.4byte	0x6c
 317 00b8 04       		.uleb128 0x4
 318 00b9 3C000000 		.4byte	.LASF16
 319 00bd 04       		.byte	0x4
 320 00be 4E       		.byte	0x4e
 321 00bf 85000000 		.4byte	0x85
 322 00c3 04       		.uleb128 0x4
 323 00c4 CF050000 		.4byte	.LASF17
 324 00c8 05       		.byte	0x5
 325 00c9 39       		.byte	0x39
 326 00ca AD000000 		.4byte	0xad
 327 00ce 04       		.uleb128 0x4
 328 00cf 17010000 		.4byte	.LASF18
 329 00d3 05       		.byte	0x5
 330 00d4 3A       		.byte	0x3a
 331 00d5 B8000000 		.4byte	0xb8
 332 00d9 04       		.uleb128 0x4
 333 00da 5A030000 		.4byte	.LASF19
 334 00de 05       		.byte	0x5
 335 00df 3C       		.byte	0x3c
 336 00e0 97000000 		.4byte	0x97
 337 00e4 04       		.uleb128 0x4
 338 00e5 90010000 		.4byte	.LASF20
 339 00e9 05       		.byte	0x5
 340 00ea 3D       		.byte	0x3d
 341 00eb 97000000 		.4byte	0x97
 342 00ef 04       		.uleb128 0x4
 343 00f0 4E040000 		.4byte	.LASF21
 344 00f4 05       		.byte	0x5
 345 00f5 3E       		.byte	0x3e
 346 00f6 97000000 		.4byte	0x97
 347 00fa 04       		.uleb128 0x4
 348 00fb 80040000 		.4byte	.LASF22
 349 00ff 05       		.byte	0x5
 350 0100 40       		.byte	0x40
 351 0101 AD000000 		.4byte	0xad
 352 0105 04       		.uleb128 0x4
 353 0106 99020000 		.4byte	.LASF23
 354 010a 05       		.byte	0x5
ARM GAS  /tmp/ccpGG1FB.s 			page 15


 355 010b 41       		.byte	0x41
 356 010c A2000000 		.4byte	0xa2
 357 0110 04       		.uleb128 0x4
 358 0111 7B030000 		.4byte	.LASF24
 359 0115 05       		.byte	0x5
 360 0116 43       		.byte	0x43
 361 0117 AD000000 		.4byte	0xad
 362 011b 04       		.uleb128 0x4
 363 011c 0E020000 		.4byte	.LASF25
 364 0120 05       		.byte	0x5
 365 0121 45       		.byte	0x45
 366 0122 A2000000 		.4byte	0xa2
 367 0126 04       		.uleb128 0x4
 368 0127 A4020000 		.4byte	.LASF26
 369 012b 05       		.byte	0x5
 370 012c 46       		.byte	0x46
 371 012d AD000000 		.4byte	0xad
 372 0131 04       		.uleb128 0x4
 373 0132 8D050000 		.4byte	.LASF27
 374 0136 06       		.byte	0x6
 375 0137 33       		.byte	0x33
 376 0138 AD000000 		.4byte	0xad
 377 013c 04       		.uleb128 0x4
 378 013d 78050000 		.4byte	.LASF28
 379 0141 06       		.byte	0x6
 380 0142 3F       		.byte	0x3f
 381 0143 47010000 		.4byte	0x147
 382 0147 05       		.uleb128 0x5
 383 0148 8F020000 		.4byte	.LASF50
 384 014c 60       		.byte	0x60
 385 014d 07       		.byte	0x7
 386 014e C2       		.byte	0xc2
 387 014f 4D020000 		.4byte	0x24d
 388 0153 06       		.uleb128 0x6
 389 0154 E9040000 		.4byte	.LASF29
 390 0158 07       		.byte	0x7
 391 0159 C3       		.byte	0xc3
 392 015a 58020000 		.4byte	0x258
 393 015e 00       		.byte	0
 394 015f 06       		.uleb128 0x6
 395 0160 70040000 		.4byte	.LASF30
 396 0164 07       		.byte	0x7
 397 0165 C5       		.byte	0xc5
 398 0166 58020000 		.4byte	0x258
 399 016a 04       		.byte	0x4
 400 016b 06       		.uleb128 0x6
 401 016c 20010000 		.4byte	.LASF31
 402 0170 07       		.byte	0x7
 403 0171 C7       		.byte	0xc7
 404 0172 FA000000 		.4byte	0xfa
 405 0176 08       		.byte	0x8
 406 0177 06       		.uleb128 0x6
 407 0178 82060000 		.4byte	.LASF32
 408 017c 07       		.byte	0x7
 409 017d C8       		.byte	0xc8
 410 017e C1040000 		.4byte	0x4c1
 411 0182 0C       		.byte	0xc
ARM GAS  /tmp/ccpGG1FB.s 			page 16


 412 0183 06       		.uleb128 0x6
 413 0184 9F010000 		.4byte	.LASF33
 414 0188 07       		.byte	0x7
 415 0189 CA       		.byte	0xca
 416 018a 58020000 		.4byte	0x258
 417 018e 10       		.byte	0x10
 418 018f 06       		.uleb128 0x6
 419 0190 FB030000 		.4byte	.LASF34
 420 0194 07       		.byte	0x7
 421 0195 CB       		.byte	0xcb
 422 0196 58020000 		.4byte	0x258
 423 019a 14       		.byte	0x14
 424 019b 06       		.uleb128 0x6
 425 019c 25060000 		.4byte	.LASF35
 426 01a0 07       		.byte	0x7
 427 01a1 D2       		.byte	0xd2
 428 01a2 65070000 		.4byte	0x765
 429 01a6 18       		.byte	0x18
 430 01a7 06       		.uleb128 0x6
 431 01a8 14020000 		.4byte	.LASF36
 432 01ac 07       		.byte	0x7
 433 01ad D8       		.byte	0xd8
 434 01ae 77070000 		.4byte	0x777
 435 01b2 1C       		.byte	0x1c
 436 01b3 06       		.uleb128 0x6
 437 01b4 CC040000 		.4byte	.LASF37
 438 01b8 07       		.byte	0x7
 439 01b9 DD       		.byte	0xdd
 440 01ba E4000000 		.4byte	0xe4
 441 01be 20       		.byte	0x20
 442 01bf 06       		.uleb128 0x6
 443 01c0 F0040000 		.4byte	.LASF38
 444 01c4 07       		.byte	0x7
 445 01c5 E1       		.byte	0xe1
 446 01c6 D9000000 		.4byte	0xd9
 447 01ca 21       		.byte	0x21
 448 01cb 06       		.uleb128 0x6
 449 01cc 01060000 		.4byte	.LASF39
 450 01d0 07       		.byte	0x7
 451 01d1 E6       		.byte	0xe6
 452 01d2 EF000000 		.4byte	0xef
 453 01d6 22       		.byte	0x22
 454 01d7 07       		.uleb128 0x7
 455 01d8 705F7500 		.ascii	"p_u\000"
 456 01dc 07       		.byte	0x7
 457 01dd 3101     		.2byte	0x131
 458 01df A0060000 		.4byte	0x6a0
 459 01e3 24       		.byte	0x24
 460 01e4 08       		.uleb128 0x8
 461 01e5 A3030000 		.4byte	.LASF40
 462 01e9 07       		.byte	0x7
 463 01ea 3601     		.2byte	0x136
 464 01ec 5E020000 		.4byte	0x25e
 465 01f0 28       		.byte	0x28
 466 01f1 08       		.uleb128 0x8
 467 01f2 3B020000 		.4byte	.LASF41
 468 01f6 07       		.byte	0x7
ARM GAS  /tmp/ccpGG1FB.s 			page 17


 469 01f7 3C01     		.2byte	0x13c
 470 01f9 82020000 		.4byte	0x282
 471 01fd 2C       		.byte	0x2c
 472 01fe 08       		.uleb128 0x8
 473 01ff 4F060000 		.4byte	.LASF42
 474 0203 07       		.byte	0x7
 475 0204 4001     		.2byte	0x140
 476 0206 05010000 		.4byte	0x105
 477 020a 34       		.byte	0x34
 478 020b 08       		.uleb128 0x8
 479 020c 25050000 		.4byte	.LASF43
 480 0210 07       		.byte	0x7
 481 0211 4601     		.2byte	0x146
 482 0213 10010000 		.4byte	0x110
 483 0217 38       		.byte	0x38
 484 0218 08       		.uleb128 0x8
 485 0219 B8040000 		.4byte	.LASF44
 486 021d 07       		.byte	0x7
 487 021e 4D01     		.2byte	0x14d
 488 0220 5F070000 		.4byte	0x75f
 489 0224 3C       		.byte	0x3c
 490 0225 08       		.uleb128 0x8
 491 0226 97050000 		.4byte	.LASF45
 492 022a 07       		.byte	0x7
 493 022b 5101     		.2byte	0x151
 494 022d FA000000 		.4byte	0xfa
 495 0231 40       		.byte	0x40
 496 0232 08       		.uleb128 0x8
 497 0233 60010000 		.4byte	.LASF46
 498 0237 07       		.byte	0x7
 499 0238 5801     		.2byte	0x158
 500 023a 35030000 		.4byte	0x335
 501 023e 44       		.byte	0x44
 502 023f 08       		.uleb128 0x8
 503 0240 F8040000 		.4byte	.LASF47
 504 0244 07       		.byte	0x7
 505 0245 5E01     		.2byte	0x15e
 506 0247 51060000 		.4byte	0x651
 507 024b 48       		.byte	0x48
 508 024c 00       		.byte	0
 509 024d 04       		.uleb128 0x4
 510 024e B6030000 		.4byte	.LASF48
 511 0252 06       		.byte	0x6
 512 0253 44       		.byte	0x44
 513 0254 58020000 		.4byte	0x258
 514 0258 09       		.uleb128 0x9
 515 0259 04       		.byte	0x4
 516 025a 3C010000 		.4byte	0x13c
 517 025e 04       		.uleb128 0x4
 518 025f 33060000 		.4byte	.LASF49
 519 0263 06       		.byte	0x6
 520 0264 49       		.byte	0x49
 521 0265 69020000 		.4byte	0x269
 522 0269 05       		.uleb128 0x5
 523 026a 51050000 		.4byte	.LASF51
 524 026e 04       		.byte	0x4
 525 026f 07       		.byte	0x7
ARM GAS  /tmp/ccpGG1FB.s 			page 18


 526 0270 B0       		.byte	0xb0
 527 0271 82020000 		.4byte	0x282
 528 0275 06       		.uleb128 0x6
 529 0276 E9040000 		.4byte	.LASF29
 530 027a 07       		.byte	0x7
 531 027b B1       		.byte	0xb1
 532 027c 58020000 		.4byte	0x258
 533 0280 00       		.byte	0
 534 0281 00       		.byte	0
 535 0282 04       		.uleb128 0x4
 536 0283 E8050000 		.4byte	.LASF52
 537 0287 06       		.byte	0x6
 538 0288 50       		.byte	0x50
 539 0289 8D020000 		.4byte	0x28d
 540 028d 05       		.uleb128 0x5
 541 028e 68000000 		.4byte	.LASF53
 542 0292 08       		.byte	0x8
 543 0293 07       		.byte	0x7
 544 0294 B7       		.byte	0xb7
 545 0295 B2020000 		.4byte	0x2b2
 546 0299 06       		.uleb128 0x6
 547 029a E9040000 		.4byte	.LASF29
 548 029e 07       		.byte	0x7
 549 029f B8       		.byte	0xb8
 550 02a0 58020000 		.4byte	0x258
 551 02a4 00       		.byte	0
 552 02a5 06       		.uleb128 0x6
 553 02a6 70040000 		.4byte	.LASF30
 554 02aa 07       		.byte	0x7
 555 02ab B9       		.byte	0xb9
 556 02ac 58020000 		.4byte	0x258
 557 02b0 04       		.byte	0x4
 558 02b1 00       		.byte	0
 559 02b2 04       		.uleb128 0x4
 560 02b3 1A000000 		.4byte	.LASF54
 561 02b7 06       		.byte	0x6
 562 02b8 57       		.byte	0x57
 563 02b9 BD020000 		.4byte	0x2bd
 564 02bd 0A       		.uleb128 0xa
 565 02be 6D030000 		.4byte	.LASF55
 566 02c2 1C       		.byte	0x1c
 567 02c3 07       		.byte	0x7
 568 02c4 9001     		.2byte	0x190
 569 02c6 19030000 		.4byte	0x319
 570 02ca 08       		.uleb128 0x8
 571 02cb 40050000 		.4byte	.LASF56
 572 02cf 07       		.byte	0x7
 573 02d0 9101     		.2byte	0x191
 574 02d2 82020000 		.4byte	0x282
 575 02d6 00       		.byte	0
 576 02d7 08       		.uleb128 0x8
 577 02d8 D4040000 		.4byte	.LASF57
 578 02dc 07       		.byte	0x7
 579 02dd 9201     		.2byte	0x192
 580 02df FA000000 		.4byte	0xfa
 581 02e3 08       		.byte	0x8
 582 02e4 08       		.uleb128 0x8
ARM GAS  /tmp/ccpGG1FB.s 			page 19


 583 02e5 03040000 		.4byte	.LASF58
 584 02e9 07       		.byte	0x7
 585 02ea 9401     		.2byte	0x194
 586 02ec C1040000 		.4byte	0x4c1
 587 02f0 0C       		.byte	0xc
 588 02f1 08       		.uleb128 0x8
 589 02f2 B7010000 		.4byte	.LASF59
 590 02f6 07       		.byte	0x7
 591 02f7 9701     		.2byte	0x197
 592 02f9 58020000 		.4byte	0x258
 593 02fd 10       		.byte	0x10
 594 02fe 08       		.uleb128 0x8
 595 02ff 30040000 		.4byte	.LASF60
 596 0303 07       		.byte	0x7
 597 0304 9801     		.2byte	0x198
 598 0306 58020000 		.4byte	0x258
 599 030a 14       		.byte	0x14
 600 030b 08       		.uleb128 0x8
 601 030c 26040000 		.4byte	.LASF61
 602 0310 07       		.byte	0x7
 603 0311 9B01     		.2byte	0x19b
 604 0313 58020000 		.4byte	0x258
 605 0317 18       		.byte	0x18
 606 0318 00       		.byte	0
 607 0319 04       		.uleb128 0x4
 608 031a A2050000 		.4byte	.LASF62
 609 031e 06       		.byte	0x6
 610 031f 5C       		.byte	0x5c
 611 0320 24030000 		.4byte	0x324
 612 0324 09       		.uleb128 0x9
 613 0325 04       		.byte	0x4
 614 0326 2A030000 		.4byte	0x32a
 615 032a 0B       		.uleb128 0xb
 616 032b 35030000 		.4byte	0x335
 617 032f 0C       		.uleb128 0xc
 618 0330 35030000 		.4byte	0x335
 619 0334 00       		.byte	0
 620 0335 0D       		.uleb128 0xd
 621 0336 04       		.byte	0x4
 622 0337 04       		.uleb128 0x4
 623 0338 60040000 		.4byte	.LASF63
 624 033c 06       		.byte	0x6
 625 033d 61       		.byte	0x61
 626 033e 42030000 		.4byte	0x342
 627 0342 0A       		.uleb128 0xa
 628 0343 07050000 		.4byte	.LASF64
 629 0347 14       		.byte	0x14
 630 0348 07       		.byte	0x7
 631 0349 6B01     		.2byte	0x16b
 632 034b 91030000 		.4byte	0x391
 633 034f 08       		.uleb128 0x8
 634 0350 2C020000 		.4byte	.LASF65
 635 0354 07       		.byte	0x7
 636 0355 6C01     		.2byte	0x16c
 637 0357 7D070000 		.4byte	0x77d
 638 035b 00       		.byte	0
 639 035c 08       		.uleb128 0x8
ARM GAS  /tmp/ccpGG1FB.s 			page 20


 640 035d C8010000 		.4byte	.LASF66
 641 0361 07       		.byte	0x7
 642 0362 6D01     		.2byte	0x16d
 643 0364 7D070000 		.4byte	0x77d
 644 0368 04       		.byte	0x4
 645 0369 08       		.uleb128 0x8
 646 036a 48050000 		.4byte	.LASF67
 647 036e 07       		.byte	0x7
 648 036f 6E01     		.2byte	0x16e
 649 0371 31010000 		.4byte	0x131
 650 0375 08       		.byte	0x8
 651 0376 08       		.uleb128 0x8
 652 0377 88060000 		.4byte	.LASF68
 653 037b 07       		.byte	0x7
 654 037c 6F01     		.2byte	0x16f
 655 037e 19030000 		.4byte	0x319
 656 0382 0C       		.byte	0xc
 657 0383 08       		.uleb128 0x8
 658 0384 D7050000 		.4byte	.LASF69
 659 0388 07       		.byte	0x7
 660 0389 7101     		.2byte	0x171
 661 038b 35030000 		.4byte	0x335
 662 038f 10       		.byte	0x10
 663 0390 00       		.byte	0
 664 0391 04       		.uleb128 0x4
 665 0392 F4000000 		.4byte	.LASF70
 666 0396 06       		.byte	0x6
 667 0397 66       		.byte	0x66
 668 0398 9C030000 		.4byte	0x39c
 669 039c 0A       		.uleb128 0xa
 670 039d C9030000 		.4byte	.LASF71
 671 03a1 10       		.byte	0x10
 672 03a2 07       		.byte	0x7
 673 03a3 7B01     		.2byte	0x17b
 674 03a5 DE030000 		.4byte	0x3de
 675 03a9 08       		.uleb128 0x8
 676 03aa 2C020000 		.4byte	.LASF65
 677 03ae 07       		.byte	0x7
 678 03af 7C01     		.2byte	0x17c
 679 03b1 7D070000 		.4byte	0x77d
 680 03b5 00       		.byte	0
 681 03b6 08       		.uleb128 0x8
 682 03b7 C8010000 		.4byte	.LASF66
 683 03bb 07       		.byte	0x7
 684 03bc 7E01     		.2byte	0x17e
 685 03be 7D070000 		.4byte	0x77d
 686 03c2 04       		.byte	0x4
 687 03c3 08       		.uleb128 0x8
 688 03c4 48050000 		.4byte	.LASF67
 689 03c8 07       		.byte	0x7
 690 03c9 8001     		.2byte	0x180
 691 03cb 31010000 		.4byte	0x131
 692 03cf 08       		.byte	0x8
 693 03d0 08       		.uleb128 0x8
 694 03d1 EF030000 		.4byte	.LASF72
 695 03d5 07       		.byte	0x7
 696 03d6 8801     		.2byte	0x188
ARM GAS  /tmp/ccpGG1FB.s 			page 21


 697 03d8 31010000 		.4byte	0x131
 698 03dc 0C       		.byte	0xc
 699 03dd 00       		.byte	0
 700 03de 04       		.uleb128 0x4
 701 03df 79000000 		.4byte	.LASF73
 702 03e3 06       		.byte	0x6
 703 03e4 6B       		.byte	0x6b
 704 03e5 E9030000 		.4byte	0x3e9
 705 03e9 0E       		.uleb128 0xe
 706 03ea D7010000 		.4byte	.LASF74
 707 03ee 1404     		.2byte	0x414
 708 03f0 07       		.byte	0x7
 709 03f1 A201     		.2byte	0x1a2
 710 03f3 2C040000 		.4byte	0x42c
 711 03f7 08       		.uleb128 0x8
 712 03f8 B6050000 		.4byte	.LASF75
 713 03fc 07       		.byte	0x7
 714 03fd AA01     		.2byte	0x1aa
 715 03ff 83070000 		.4byte	0x783
 716 0403 00       		.byte	0
 717 0404 08       		.uleb128 0x8
 718 0405 08060000 		.4byte	.LASF76
 719 0409 07       		.byte	0x7
 720 040a AF01     		.2byte	0x1af
 721 040c 1B010000 		.4byte	0x11b
 722 0410 04       		.byte	0x4
 723 0411 08       		.uleb128 0x8
 724 0412 F6010000 		.4byte	.LASF77
 725 0416 07       		.byte	0x7
 726 0417 B301     		.2byte	0x1b3
 727 0419 1B010000 		.4byte	0x11b
 728 041d 08       		.byte	0x8
 729 041e 08       		.uleb128 0x8
 730 041f 42060000 		.4byte	.LASF78
 731 0423 07       		.byte	0x7
 732 0424 B901     		.2byte	0x1b9
 733 0426 E3050000 		.4byte	0x5e3
 734 042a 0C       		.byte	0xc
 735 042b 00       		.byte	0
 736 042c 04       		.uleb128 0x4
 737 042d AB020000 		.4byte	.LASF79
 738 0431 06       		.byte	0x6
 739 0432 70       		.byte	0x70
 740 0433 37040000 		.4byte	0x437
 741 0437 0E       		.uleb128 0xe
 742 0438 76010000 		.4byte	.LASF80
 743 043c D805     		.2byte	0x5d8
 744 043e 07       		.byte	0x7
 745 043f C201     		.2byte	0x1c2
 746 0441 A4040000 		.4byte	0x4a4
 747 0445 08       		.uleb128 0x8
 748 0446 10060000 		.4byte	.LASF81
 749 044a 07       		.byte	0x7
 750 044b C601     		.2byte	0x1c6
 751 044d B2020000 		.4byte	0x2b2
 752 0451 00       		.byte	0
 753 0452 08       		.uleb128 0x8
ARM GAS  /tmp/ccpGG1FB.s 			page 22


 754 0453 D0010000 		.4byte	.LASF82
 755 0457 07       		.byte	0x7
 756 0458 CA01     		.2byte	0x1ca
 757 045a 91030000 		.4byte	0x391
 758 045e 1C       		.byte	0x1c
 759 045f 07       		.uleb128 0x7
 760 0460 64626700 		.ascii	"dbg\000"
 761 0464 07       		.byte	0x7
 762 0465 CE01     		.2byte	0x1ce
 763 0467 DE030000 		.4byte	0x3de
 764 046b 2C       		.byte	0x2c
 765 046c 0F       		.uleb128 0xf
 766 046d E9000000 		.4byte	.LASF83
 767 0471 07       		.byte	0x7
 768 0472 D201     		.2byte	0x1d2
 769 0474 3C010000 		.4byte	0x13c
 770 0478 4004     		.2byte	0x440
 771 047a 10       		.uleb128 0x10
 772 047b 746D00   		.ascii	"tm\000"
 773 047e 07       		.byte	0x7
 774 047f D701     		.2byte	0x1d7
 775 0481 03060000 		.4byte	0x603
 776 0485 A004     		.2byte	0x4a0
 777 0487 0F       		.uleb128 0xf
 778 0488 45000000 		.4byte	.LASF84
 779 048c 07       		.byte	0x7
 780 048d DD01     		.2byte	0x1dd
 781 048f 95060000 		.4byte	0x695
 782 0493 A804     		.2byte	0x4a8
 783 0495 0F       		.uleb128 0xf
 784 0496 FF010000 		.4byte	.LASF85
 785 049a 07       		.byte	0x7
 786 049b E301     		.2byte	0x1e3
 787 049d 88070000 		.4byte	0x788
 788 04a1 E004     		.2byte	0x4e0
 789 04a3 00       		.byte	0
 790 04a4 03       		.uleb128 0x3
 791 04a5 04       		.byte	0x4
 792 04a6 07       		.byte	0x7
 793 04a7 AD030000 		.4byte	.LASF86
 794 04ab 04       		.uleb128 0x4
 795 04ac BF010000 		.4byte	.LASF87
 796 04b0 08       		.byte	0x8
 797 04b1 65       		.byte	0x65
 798 04b2 35030000 		.4byte	0x335
 799 04b6 04       		.uleb128 0x4
 800 04b7 98030000 		.4byte	.LASF88
 801 04bb 08       		.byte	0x8
 802 04bc 6D       		.byte	0x6d
 803 04bd B8000000 		.4byte	0xb8
 804 04c1 05       		.uleb128 0x5
 805 04c2 C7050000 		.4byte	.LASF89
 806 04c6 04       		.byte	0x4
 807 04c7 08       		.byte	0x8
 808 04c8 89       		.byte	0x89
 809 04c9 DA040000 		.4byte	0x4da
 810 04cd 11       		.uleb128 0x11
ARM GAS  /tmp/ccpGG1FB.s 			page 23


 811 04ce 72313300 		.ascii	"r13\000"
 812 04d2 08       		.byte	0x8
 813 04d3 8A       		.byte	0x8a
 814 04d4 55050000 		.4byte	0x555
 815 04d8 00       		.byte	0
 816 04d9 00       		.byte	0
 817 04da 05       		.uleb128 0x5
 818 04db 5C000000 		.4byte	.LASF90
 819 04df 24       		.byte	0x24
 820 04e0 09       		.byte	0x9
 821 04e1 FD       		.byte	0xfd
 822 04e2 55050000 		.4byte	0x555
 823 04e6 07       		.uleb128 0x7
 824 04e7 723400   		.ascii	"r4\000"
 825 04ea 09       		.byte	0x9
 826 04eb 1001     		.2byte	0x110
 827 04ed AB040000 		.4byte	0x4ab
 828 04f1 00       		.byte	0
 829 04f2 07       		.uleb128 0x7
 830 04f3 723500   		.ascii	"r5\000"
 831 04f6 09       		.byte	0x9
 832 04f7 1101     		.2byte	0x111
 833 04f9 AB040000 		.4byte	0x4ab
 834 04fd 04       		.byte	0x4
 835 04fe 07       		.uleb128 0x7
 836 04ff 723600   		.ascii	"r6\000"
 837 0502 09       		.byte	0x9
 838 0503 1201     		.2byte	0x112
 839 0505 AB040000 		.4byte	0x4ab
 840 0509 08       		.byte	0x8
 841 050a 07       		.uleb128 0x7
 842 050b 723700   		.ascii	"r7\000"
 843 050e 09       		.byte	0x9
 844 050f 1301     		.2byte	0x113
 845 0511 AB040000 		.4byte	0x4ab
 846 0515 0C       		.byte	0xc
 847 0516 07       		.uleb128 0x7
 848 0517 723800   		.ascii	"r8\000"
 849 051a 09       		.byte	0x9
 850 051b 1401     		.2byte	0x114
 851 051d AB040000 		.4byte	0x4ab
 852 0521 10       		.byte	0x10
 853 0522 07       		.uleb128 0x7
 854 0523 723900   		.ascii	"r9\000"
 855 0526 09       		.byte	0x9
 856 0527 1501     		.2byte	0x115
 857 0529 AB040000 		.4byte	0x4ab
 858 052d 14       		.byte	0x14
 859 052e 07       		.uleb128 0x7
 860 052f 72313000 		.ascii	"r10\000"
 861 0533 09       		.byte	0x9
 862 0534 1601     		.2byte	0x116
 863 0536 AB040000 		.4byte	0x4ab
 864 053a 18       		.byte	0x18
 865 053b 07       		.uleb128 0x7
 866 053c 72313100 		.ascii	"r11\000"
 867 0540 09       		.byte	0x9
ARM GAS  /tmp/ccpGG1FB.s 			page 24


 868 0541 1701     		.2byte	0x117
 869 0543 AB040000 		.4byte	0x4ab
 870 0547 1C       		.byte	0x1c
 871 0548 07       		.uleb128 0x7
 872 0549 6C7200   		.ascii	"lr\000"
 873 054c 09       		.byte	0x9
 874 054d 1801     		.2byte	0x118
 875 054f AB040000 		.4byte	0x4ab
 876 0553 20       		.byte	0x20
 877 0554 00       		.byte	0
 878 0555 09       		.uleb128 0x9
 879 0556 04       		.byte	0x4
 880 0557 DA040000 		.4byte	0x4da
 881 055b 12       		.uleb128 0x12
 882 055c 10       		.byte	0x10
 883 055d 0A       		.byte	0xa
 884 055e 51       		.byte	0x51
 885 055f 94050000 		.4byte	0x594
 886 0563 06       		.uleb128 0x6
 887 0564 27000000 		.4byte	.LASF91
 888 0568 0A       		.byte	0xa
 889 0569 55       		.byte	0x55
 890 056a 31010000 		.4byte	0x131
 891 056e 00       		.byte	0
 892 056f 06       		.uleb128 0x6
 893 0570 99010000 		.4byte	.LASF92
 894 0574 0A       		.byte	0xa
 895 0575 59       		.byte	0x59
 896 0576 58020000 		.4byte	0x258
 897 057a 04       		.byte	0x4
 898 057b 06       		.uleb128 0x6
 899 057c 5C020000 		.4byte	.LASF93
 900 0580 0A       		.byte	0xa
 901 0581 5D       		.byte	0x5d
 902 0582 35030000 		.4byte	0x335
 903 0586 08       		.byte	0x8
 904 0587 06       		.uleb128 0x6
 905 0588 D1000000 		.4byte	.LASF94
 906 058c 0A       		.byte	0xa
 907 058d 61       		.byte	0x61
 908 058e 97000000 		.4byte	0x97
 909 0592 0C       		.byte	0xc
 910 0593 00       		.byte	0
 911 0594 04       		.uleb128 0x4
 912 0595 E0030000 		.4byte	.LASF95
 913 0599 0A       		.byte	0xa
 914 059a 62       		.byte	0x62
 915 059b 5B050000 		.4byte	0x55b
 916 059f 13       		.uleb128 0x13
 917 05a0 0804     		.2byte	0x408
 918 05a2 0A       		.byte	0xa
 919 05a3 67       		.byte	0x67
 920 05a4 CD050000 		.4byte	0x5cd
 921 05a8 06       		.uleb128 0x6
 922 05a9 AF010000 		.4byte	.LASF96
 923 05ad 0A       		.byte	0xa
 924 05ae 6B       		.byte	0x6b
ARM GAS  /tmp/ccpGG1FB.s 			page 25


 925 05af 2C000000 		.4byte	0x2c
 926 05b3 00       		.byte	0
 927 05b4 06       		.uleb128 0x6
 928 05b5 13000000 		.4byte	.LASF97
 929 05b9 0A       		.byte	0xa
 930 05ba 6F       		.byte	0x6f
 931 05bb CD050000 		.4byte	0x5cd
 932 05bf 04       		.byte	0x4
 933 05c0 06       		.uleb128 0x6
 934 05c1 56040000 		.4byte	.LASF98
 935 05c5 0A       		.byte	0xa
 936 05c6 73       		.byte	0x73
 937 05c7 D3050000 		.4byte	0x5d3
 938 05cb 08       		.byte	0x8
 939 05cc 00       		.byte	0
 940 05cd 09       		.uleb128 0x9
 941 05ce 04       		.byte	0x4
 942 05cf 94050000 		.4byte	0x594
 943 05d3 14       		.uleb128 0x14
 944 05d4 94050000 		.4byte	0x594
 945 05d8 E3050000 		.4byte	0x5e3
 946 05dc 15       		.uleb128 0x15
 947 05dd A4040000 		.4byte	0x4a4
 948 05e1 3F       		.byte	0x3f
 949 05e2 00       		.byte	0
 950 05e3 04       		.uleb128 0x4
 951 05e4 BF000000 		.4byte	.LASF99
 952 05e8 0A       		.byte	0xa
 953 05e9 74       		.byte	0x74
 954 05ea 9F050000 		.4byte	0x59f
 955 05ee 12       		.uleb128 0x12
 956 05ef 04       		.byte	0x4
 957 05f0 0B       		.byte	0xb
 958 05f1 38       		.byte	0x38
 959 05f2 03060000 		.4byte	0x603
 960 05f6 06       		.uleb128 0x6
 961 05f7 C0050000 		.4byte	.LASF100
 962 05fb 0B       		.byte	0xb
 963 05fc 3C       		.byte	0x3c
 964 05fd C3000000 		.4byte	0xc3
 965 0601 00       		.byte	0
 966 0602 00       		.byte	0
 967 0603 04       		.uleb128 0x4
 968 0604 09040000 		.4byte	.LASF101
 969 0608 0B       		.byte	0xb
 970 0609 3D       		.byte	0x3d
 971 060a EE050000 		.4byte	0x5ee
 972 060e 12       		.uleb128 0x12
 973 060f 18       		.byte	0x18
 974 0610 0B       		.byte	0xb
 975 0611 48       		.byte	0x48
 976 0612 51060000 		.4byte	0x651
 977 0616 06       		.uleb128 0x6
 978 0617 81050000 		.4byte	.LASF102
 979 061b 0B       		.byte	0xb
 980 061c 49       		.byte	0x49
 981 061d C3000000 		.4byte	0xc3
ARM GAS  /tmp/ccpGG1FB.s 			page 26


 982 0621 00       		.byte	0
 983 0622 06       		.uleb128 0x6
 984 0623 88000000 		.4byte	.LASF103
 985 0627 0B       		.byte	0xb
 986 0628 4A       		.byte	0x4a
 987 0629 C3000000 		.4byte	0xc3
 988 062d 04       		.byte	0x4
 989 062e 06       		.uleb128 0x6
 990 062f 9F020000 		.4byte	.LASF104
 991 0633 0B       		.byte	0xb
 992 0634 4B       		.byte	0x4b
 993 0635 C3000000 		.4byte	0xc3
 994 0639 08       		.byte	0x8
 995 063a 11       		.uleb128 0x11
 996 063b 6E00     		.ascii	"n\000"
 997 063d 0B       		.byte	0xb
 998 063e 4C       		.byte	0x4c
 999 063f 26010000 		.4byte	0x126
 1000 0643 0C       		.byte	0xc
 1001 0644 06       		.uleb128 0x6
 1002 0645 43040000 		.4byte	.LASF105
 1003 0649 0B       		.byte	0xb
 1004 064a 4D       		.byte	0x4d
 1005 064b CE000000 		.4byte	0xce
 1006 064f 10       		.byte	0x10
 1007 0650 00       		.byte	0
 1008 0651 04       		.uleb128 0x4
 1009 0652 95000000 		.4byte	.LASF106
 1010 0656 0B       		.byte	0xb
 1011 0657 4E       		.byte	0x4e
 1012 0658 0E060000 		.4byte	0x60e
 1013 065c 12       		.uleb128 0x12
 1014 065d 38       		.byte	0x38
 1015 065e 0C       		.byte	0xc
 1016 065f 38       		.byte	0x38
 1017 0660 95060000 		.4byte	0x695
 1018 0664 06       		.uleb128 0x6
 1019 0665 56020000 		.4byte	.LASF107
 1020 0669 0C       		.byte	0xc
 1021 066a 39       		.byte	0x39
 1022 066b 26010000 		.4byte	0x126
 1023 066f 00       		.byte	0
 1024 0670 06       		.uleb128 0x6
 1025 0671 88040000 		.4byte	.LASF108
 1026 0675 0C       		.byte	0xc
 1027 0676 3A       		.byte	0x3a
 1028 0677 26010000 		.4byte	0x126
 1029 067b 04       		.byte	0x4
 1030 067c 06       		.uleb128 0x6
 1031 067d 5C060000 		.4byte	.LASF109
 1032 0681 0C       		.byte	0xc
 1033 0682 3B       		.byte	0x3b
 1034 0683 51060000 		.4byte	0x651
 1035 0687 08       		.byte	0x8
 1036 0688 06       		.uleb128 0x6
 1037 0689 62030000 		.4byte	.LASF110
 1038 068d 0C       		.byte	0xc
ARM GAS  /tmp/ccpGG1FB.s 			page 27


 1039 068e 3D       		.byte	0x3d
 1040 068f 51060000 		.4byte	0x651
 1041 0693 20       		.byte	0x20
 1042 0694 00       		.byte	0
 1043 0695 04       		.uleb128 0x4
 1044 0696 80020000 		.4byte	.LASF111
 1045 069a 0C       		.byte	0xc
 1046 069b 3F       		.byte	0x3f
 1047 069c 5C060000 		.4byte	0x65c
 1048 06a0 16       		.uleb128 0x16
 1049 06a1 04       		.byte	0x4
 1050 06a2 07       		.byte	0x7
 1051 06a3 FA       		.byte	0xfa
 1052 06a4 FD060000 		.4byte	0x6fd
 1053 06a8 17       		.uleb128 0x17
 1054 06a9 35000000 		.4byte	.LASF112
 1055 06ad 07       		.byte	0x7
 1056 06ae 0101     		.2byte	0x101
 1057 06b0 05010000 		.4byte	0x105
 1058 06b4 17       		.uleb128 0x17
 1059 06b5 E0000000 		.4byte	.LASF113
 1060 06b9 07       		.byte	0x7
 1061 06ba 0801     		.2byte	0x108
 1062 06bc 05010000 		.4byte	0x105
 1063 06c0 17       		.uleb128 0x17
 1064 06c1 1E060000 		.4byte	.LASF114
 1065 06c5 07       		.byte	0x7
 1066 06c6 0F01     		.2byte	0x10f
 1067 06c8 35030000 		.4byte	0x335
 1068 06cc 17       		.uleb128 0x17
 1069 06cd 2F000000 		.4byte	.LASF115
 1070 06d1 07       		.byte	0x7
 1071 06d2 1601     		.2byte	0x116
 1072 06d4 FD060000 		.4byte	0x6fd
 1073 06d8 17       		.uleb128 0x17
 1074 06d9 34020000 		.4byte	.LASF116
 1075 06dd 07       		.byte	0x7
 1076 06de 1E01     		.2byte	0x11e
 1077 06e0 28070000 		.4byte	0x728
 1078 06e4 17       		.uleb128 0x17
 1079 06e5 39050000 		.4byte	.LASF117
 1080 06e9 07       		.byte	0x7
 1081 06ea 2701     		.2byte	0x127
 1082 06ec 5F070000 		.4byte	0x75f
 1083 06f0 17       		.uleb128 0x17
 1084 06f1 E2040000 		.4byte	.LASF118
 1085 06f5 07       		.byte	0x7
 1086 06f6 2F01     		.2byte	0x12f
 1087 06f8 10010000 		.4byte	0x110
 1088 06fc 00       		.byte	0
 1089 06fd 09       		.uleb128 0x9
 1090 06fe 04       		.byte	0x4
 1091 06ff 4D020000 		.4byte	0x24d
 1092 0703 05       		.uleb128 0x5
 1093 0704 18050000 		.4byte	.LASF119
 1094 0708 0C       		.byte	0xc
 1095 0709 0D       		.byte	0xd
ARM GAS  /tmp/ccpGG1FB.s 			page 28


 1096 070a 34       		.byte	0x34
 1097 070b 28070000 		.4byte	0x728
 1098 070f 06       		.uleb128 0x6
 1099 0710 A7010000 		.4byte	.LASF120
 1100 0714 0D       		.byte	0xd
 1101 0715 35       		.byte	0x35
 1102 0716 82020000 		.4byte	0x282
 1103 071a 00       		.byte	0
 1104 071b 06       		.uleb128 0x6
 1105 071c B2040000 		.4byte	.LASF121
 1106 0720 0D       		.byte	0xd
 1107 0721 37       		.byte	0x37
 1108 0722 1B010000 		.4byte	0x11b
 1109 0726 08       		.byte	0x8
 1110 0727 00       		.byte	0
 1111 0728 09       		.uleb128 0x9
 1112 0729 04       		.byte	0x4
 1113 072a 03070000 		.4byte	0x703
 1114 072e 05       		.uleb128 0x5
 1115 072f F8050000 		.4byte	.LASF122
 1116 0733 10       		.byte	0x10
 1117 0734 0E       		.byte	0xe
 1118 0735 39       		.byte	0x39
 1119 0736 5F070000 		.4byte	0x75f
 1120 073a 06       		.uleb128 0x6
 1121 073b 68010000 		.4byte	.LASF123
 1122 073f 0E       		.byte	0xe
 1123 0740 3A       		.byte	0x3a
 1124 0741 82020000 		.4byte	0x282
 1125 0745 00       		.byte	0
 1126 0746 06       		.uleb128 0x6
 1127 0747 67060000 		.4byte	.LASF124
 1128 074b 0E       		.byte	0xe
 1129 074c 3C       		.byte	0x3c
 1130 074d 58020000 		.4byte	0x258
 1131 0751 08       		.byte	0x8
 1132 0752 06       		.uleb128 0x6
 1133 0753 86050000 		.4byte	.LASF125
 1134 0757 0E       		.byte	0xe
 1135 0758 3E       		.byte	0x3e
 1136 0759 A3070000 		.4byte	0x7a3
 1137 075d 0C       		.byte	0xc
 1138 075e 00       		.byte	0
 1139 075f 09       		.uleb128 0x9
 1140 0760 04       		.byte	0x4
 1141 0761 2E070000 		.4byte	0x72e
 1142 0765 09       		.uleb128 0x9
 1143 0766 04       		.byte	0x4
 1144 0767 6B070000 		.4byte	0x76b
 1145 076b 18       		.uleb128 0x18
 1146 076c 70070000 		.4byte	0x770
 1147 0770 03       		.uleb128 0x3
 1148 0771 01       		.byte	0x1
 1149 0772 08       		.byte	0x8
 1150 0773 73050000 		.4byte	.LASF126
 1151 0777 09       		.uleb128 0x9
 1152 0778 04       		.byte	0x4
ARM GAS  /tmp/ccpGG1FB.s 			page 29


 1153 0779 B6040000 		.4byte	0x4b6
 1154 077d 09       		.uleb128 0x9
 1155 077e 04       		.byte	0x4
 1156 077f 37030000 		.4byte	0x337
 1157 0783 19       		.uleb128 0x19
 1158 0784 65070000 		.4byte	0x765
 1159 0788 14       		.uleb128 0x14
 1160 0789 B6040000 		.4byte	0x4b6
 1161 078d 98070000 		.4byte	0x798
 1162 0791 15       		.uleb128 0x15
 1163 0792 A4040000 		.4byte	0x4a4
 1164 0796 1E       		.byte	0x1e
 1165 0797 00       		.byte	0
 1166 0798 04       		.uleb128 0x4
 1167 0799 E7010000 		.4byte	.LASF127
 1168 079d 0E       		.byte	0xe
 1169 079e 34       		.byte	0x34
 1170 079f 2E070000 		.4byte	0x72e
 1171 07a3 09       		.uleb128 0x9
 1172 07a4 04       		.byte	0x4
 1173 07a5 98070000 		.4byte	0x798
 1174 07a9 03       		.uleb128 0x3
 1175 07aa 01       		.byte	0x1
 1176 07ab 02       		.byte	0x2
 1177 07ac 91040000 		.4byte	.LASF128
 1178 07b0 12       		.uleb128 0x12
 1179 07b1 1C       		.byte	0x1c
 1180 07b2 0F       		.byte	0xf
 1181 07b3 F5       		.byte	0xf5
 1182 07b4 0F080000 		.4byte	0x80f
 1183 07b8 06       		.uleb128 0x6
 1184 07b9 70010000 		.4byte	.LASF129
 1185 07bd 0F       		.byte	0xf
 1186 07be F7       		.byte	0xf7
 1187 07bf AD000000 		.4byte	0xad
 1188 07c3 00       		.byte	0
 1189 07c4 06       		.uleb128 0x6
 1190 07c5 66020000 		.4byte	.LASF130
 1191 07c9 0F       		.byte	0xf
 1192 07ca F9       		.byte	0xf9
 1193 07cb AD000000 		.4byte	0xad
 1194 07cf 04       		.byte	0x4
 1195 07d0 06       		.uleb128 0x6
 1196 07d1 4E020000 		.4byte	.LASF131
 1197 07d5 0F       		.byte	0xf
 1198 07d6 FB       		.byte	0xfb
 1199 07d7 AD000000 		.4byte	0xad
 1200 07db 08       		.byte	0x8
 1201 07dc 06       		.uleb128 0x6
 1202 07dd DA000000 		.4byte	.LASF132
 1203 07e1 0F       		.byte	0xf
 1204 07e2 FD       		.byte	0xfd
 1205 07e3 AD000000 		.4byte	0xad
 1206 07e7 0C       		.byte	0xc
 1207 07e8 11       		.uleb128 0x11
 1208 07e9 6F647200 		.ascii	"odr\000"
 1209 07ed 0F       		.byte	0xf
ARM GAS  /tmp/ccpGG1FB.s 			page 30


 1210 07ee FF       		.byte	0xff
 1211 07ef AD000000 		.4byte	0xad
 1212 07f3 10       		.byte	0x10
 1213 07f4 08       		.uleb128 0x8
 1214 07f5 AD040000 		.4byte	.LASF133
 1215 07f9 0F       		.byte	0xf
 1216 07fa 0101     		.2byte	0x101
 1217 07fc AD000000 		.4byte	0xad
 1218 0800 14       		.byte	0x14
 1219 0801 08       		.uleb128 0x8
 1220 0802 1A040000 		.4byte	.LASF134
 1221 0806 0F       		.byte	0xf
 1222 0807 0301     		.2byte	0x103
 1223 0809 AD000000 		.4byte	0xad
 1224 080d 18       		.byte	0x18
 1225 080e 00       		.byte	0
 1226 080f 1A       		.uleb128 0x1a
 1227 0810 00000000 		.4byte	.LASF135
 1228 0814 0F       		.byte	0xf
 1229 0815 0401     		.2byte	0x104
 1230 0817 B0070000 		.4byte	0x7b0
 1231 081b 1B       		.uleb128 0x1b
 1232 081c FC       		.byte	0xfc
 1233 081d 0F       		.byte	0xf
 1234 081e 0D01     		.2byte	0x10d
 1235 0820 9A080000 		.4byte	0x89a
 1236 0824 08       		.uleb128 0x8
 1237 0825 DB040000 		.4byte	.LASF136
 1238 0829 0F       		.byte	0xf
 1239 082a 1001     		.2byte	0x110
 1240 082c 0F080000 		.4byte	0x80f
 1241 0830 00       		.byte	0
 1242 0831 08       		.uleb128 0x8
 1243 0832 EF010000 		.4byte	.LASF137
 1244 0836 0F       		.byte	0xf
 1245 0837 1401     		.2byte	0x114
 1246 0839 0F080000 		.4byte	0x80f
 1247 083d 1C       		.byte	0x1c
 1248 083e 08       		.uleb128 0x8
 1249 083f 2C060000 		.4byte	.LASF138
 1250 0843 0F       		.byte	0xf
 1251 0844 1801     		.2byte	0x118
 1252 0846 0F080000 		.4byte	0x80f
 1253 084a 38       		.byte	0x38
 1254 084b 08       		.uleb128 0x8
 1255 084c 1F040000 		.4byte	.LASF139
 1256 0850 0F       		.byte	0xf
 1257 0851 1C01     		.2byte	0x11c
 1258 0853 0F080000 		.4byte	0x80f
 1259 0857 54       		.byte	0x54
 1260 0858 08       		.uleb128 0x8
 1261 0859 89010000 		.4byte	.LASF140
 1262 085d 0F       		.byte	0xf
 1263 085e 2001     		.2byte	0x120
 1264 0860 0F080000 		.4byte	0x80f
 1265 0864 70       		.byte	0x70
 1266 0865 08       		.uleb128 0x8
ARM GAS  /tmp/ccpGG1FB.s 			page 31


 1267 0866 55060000 		.4byte	.LASF141
 1268 086a 0F       		.byte	0xf
 1269 086b 2401     		.2byte	0x124
 1270 086d 0F080000 		.4byte	0x80f
 1271 0871 8C       		.byte	0x8c
 1272 0872 08       		.uleb128 0x8
 1273 0873 91030000 		.4byte	.LASF142
 1274 0877 0F       		.byte	0xf
 1275 0878 2801     		.2byte	0x128
 1276 087a 0F080000 		.4byte	0x80f
 1277 087e A8       		.byte	0xa8
 1278 087f 08       		.uleb128 0x8
 1279 0880 8E000000 		.4byte	.LASF143
 1280 0884 0F       		.byte	0xf
 1281 0885 2C01     		.2byte	0x12c
 1282 0887 0F080000 		.4byte	0x80f
 1283 088b C4       		.byte	0xc4
 1284 088c 08       		.uleb128 0x8
 1285 088d 00050000 		.4byte	.LASF144
 1286 0891 0F       		.byte	0xf
 1287 0892 3001     		.2byte	0x130
 1288 0894 0F080000 		.4byte	0x80f
 1289 0898 E0       		.byte	0xe0
 1290 0899 00       		.byte	0
 1291 089a 1A       		.uleb128 0x1a
 1292 089b DE050000 		.4byte	.LASF145
 1293 089f 0F       		.byte	0xf
 1294 08a0 3A01     		.2byte	0x13a
 1295 08a2 1B080000 		.4byte	0x81b
 1296 08a6 1C       		.uleb128 0x1c
 1297 08a7 77040000 		.4byte	.LASF151
 1298 08ab 01       		.byte	0x1
 1299 08ac C101     		.2byte	0x1c1
 1300 08ae 00000000 		.4byte	.LFB241
 1301 08b2 02000000 		.4byte	.LFE241-.LFB241
 1302 08b6 01       		.uleb128 0x1
 1303 08b7 9C       		.byte	0x9c
 1304 08b8 1D       		.uleb128 0x1d
 1305 08b9 46020000 		.4byte	.LASF152
 1306 08bd 02       		.byte	0x2
 1307 08be 38       		.byte	0x38
 1308 08bf 00000000 		.4byte	.LFB272
 1309 08c3 28000000 		.4byte	.LFE272-.LFB272
 1310 08c7 01       		.uleb128 0x1
 1311 08c8 9C       		.byte	0x9c
 1312 08c9 1E       		.uleb128 0x1e
 1313 08ca 0A010000 		.4byte	.LASF146
 1314 08ce 10       		.byte	0x10
 1315 08cf FA06     		.2byte	0x6fa
 1316 08d1 D5080000 		.4byte	0x8d5
 1317 08d5 19       		.uleb128 0x19
 1318 08d6 A2000000 		.4byte	0xa2
 1319 08da 1F       		.uleb128 0x1f
 1320 08db 636800   		.ascii	"ch\000"
 1321 08de 07       		.byte	0x7
 1322 08df 0902     		.2byte	0x209
 1323 08e1 2C040000 		.4byte	0x42c
ARM GAS  /tmp/ccpGG1FB.s 			page 32


 1324 08e5 1E       		.uleb128 0x1e
 1325 08e6 6F060000 		.4byte	.LASF147
 1326 08ea 0F       		.byte	0xf
 1327 08eb 1E02     		.2byte	0x21e
 1328 08ed F1080000 		.4byte	0x8f1
 1329 08f1 18       		.uleb128 0x18
 1330 08f2 9A080000 		.4byte	0x89a
 1331 08f6 00       		.byte	0
 1332              		.section	.debug_abbrev,"",%progbits
 1333              	.Ldebug_abbrev0:
 1334 0000 01       		.uleb128 0x1
 1335 0001 11       		.uleb128 0x11
 1336 0002 01       		.byte	0x1
 1337 0003 25       		.uleb128 0x25
 1338 0004 0E       		.uleb128 0xe
 1339 0005 13       		.uleb128 0x13
 1340 0006 0B       		.uleb128 0xb
 1341 0007 03       		.uleb128 0x3
 1342 0008 0E       		.uleb128 0xe
 1343 0009 1B       		.uleb128 0x1b
 1344 000a 0E       		.uleb128 0xe
 1345 000b 55       		.uleb128 0x55
 1346 000c 17       		.uleb128 0x17
 1347 000d 11       		.uleb128 0x11
 1348 000e 01       		.uleb128 0x1
 1349 000f 10       		.uleb128 0x10
 1350 0010 17       		.uleb128 0x17
 1351 0011 00       		.byte	0
 1352 0012 00       		.byte	0
 1353 0013 02       		.uleb128 0x2
 1354 0014 24       		.uleb128 0x24
 1355 0015 00       		.byte	0
 1356 0016 0B       		.uleb128 0xb
 1357 0017 0B       		.uleb128 0xb
 1358 0018 3E       		.uleb128 0x3e
 1359 0019 0B       		.uleb128 0xb
 1360 001a 03       		.uleb128 0x3
 1361 001b 08       		.uleb128 0x8
 1362 001c 00       		.byte	0
 1363 001d 00       		.byte	0
 1364 001e 03       		.uleb128 0x3
 1365 001f 24       		.uleb128 0x24
 1366 0020 00       		.byte	0
 1367 0021 0B       		.uleb128 0xb
 1368 0022 0B       		.uleb128 0xb
 1369 0023 3E       		.uleb128 0x3e
 1370 0024 0B       		.uleb128 0xb
 1371 0025 03       		.uleb128 0x3
 1372 0026 0E       		.uleb128 0xe
 1373 0027 00       		.byte	0
 1374 0028 00       		.byte	0
 1375 0029 04       		.uleb128 0x4
 1376 002a 16       		.uleb128 0x16
 1377 002b 00       		.byte	0
 1378 002c 03       		.uleb128 0x3
 1379 002d 0E       		.uleb128 0xe
 1380 002e 3A       		.uleb128 0x3a
ARM GAS  /tmp/ccpGG1FB.s 			page 33


 1381 002f 0B       		.uleb128 0xb
 1382 0030 3B       		.uleb128 0x3b
 1383 0031 0B       		.uleb128 0xb
 1384 0032 49       		.uleb128 0x49
 1385 0033 13       		.uleb128 0x13
 1386 0034 00       		.byte	0
 1387 0035 00       		.byte	0
 1388 0036 05       		.uleb128 0x5
 1389 0037 13       		.uleb128 0x13
 1390 0038 01       		.byte	0x1
 1391 0039 03       		.uleb128 0x3
 1392 003a 0E       		.uleb128 0xe
 1393 003b 0B       		.uleb128 0xb
 1394 003c 0B       		.uleb128 0xb
 1395 003d 3A       		.uleb128 0x3a
 1396 003e 0B       		.uleb128 0xb
 1397 003f 3B       		.uleb128 0x3b
 1398 0040 0B       		.uleb128 0xb
 1399 0041 01       		.uleb128 0x1
 1400 0042 13       		.uleb128 0x13
 1401 0043 00       		.byte	0
 1402 0044 00       		.byte	0
 1403 0045 06       		.uleb128 0x6
 1404 0046 0D       		.uleb128 0xd
 1405 0047 00       		.byte	0
 1406 0048 03       		.uleb128 0x3
 1407 0049 0E       		.uleb128 0xe
 1408 004a 3A       		.uleb128 0x3a
 1409 004b 0B       		.uleb128 0xb
 1410 004c 3B       		.uleb128 0x3b
 1411 004d 0B       		.uleb128 0xb
 1412 004e 49       		.uleb128 0x49
 1413 004f 13       		.uleb128 0x13
 1414 0050 38       		.uleb128 0x38
 1415 0051 0B       		.uleb128 0xb
 1416 0052 00       		.byte	0
 1417 0053 00       		.byte	0
 1418 0054 07       		.uleb128 0x7
 1419 0055 0D       		.uleb128 0xd
 1420 0056 00       		.byte	0
 1421 0057 03       		.uleb128 0x3
 1422 0058 08       		.uleb128 0x8
 1423 0059 3A       		.uleb128 0x3a
 1424 005a 0B       		.uleb128 0xb
 1425 005b 3B       		.uleb128 0x3b
 1426 005c 05       		.uleb128 0x5
 1427 005d 49       		.uleb128 0x49
 1428 005e 13       		.uleb128 0x13
 1429 005f 38       		.uleb128 0x38
 1430 0060 0B       		.uleb128 0xb
 1431 0061 00       		.byte	0
 1432 0062 00       		.byte	0
 1433 0063 08       		.uleb128 0x8
 1434 0064 0D       		.uleb128 0xd
 1435 0065 00       		.byte	0
 1436 0066 03       		.uleb128 0x3
 1437 0067 0E       		.uleb128 0xe
ARM GAS  /tmp/ccpGG1FB.s 			page 34


 1438 0068 3A       		.uleb128 0x3a
 1439 0069 0B       		.uleb128 0xb
 1440 006a 3B       		.uleb128 0x3b
 1441 006b 05       		.uleb128 0x5
 1442 006c 49       		.uleb128 0x49
 1443 006d 13       		.uleb128 0x13
 1444 006e 38       		.uleb128 0x38
 1445 006f 0B       		.uleb128 0xb
 1446 0070 00       		.byte	0
 1447 0071 00       		.byte	0
 1448 0072 09       		.uleb128 0x9
 1449 0073 0F       		.uleb128 0xf
 1450 0074 00       		.byte	0
 1451 0075 0B       		.uleb128 0xb
 1452 0076 0B       		.uleb128 0xb
 1453 0077 49       		.uleb128 0x49
 1454 0078 13       		.uleb128 0x13
 1455 0079 00       		.byte	0
 1456 007a 00       		.byte	0
 1457 007b 0A       		.uleb128 0xa
 1458 007c 13       		.uleb128 0x13
 1459 007d 01       		.byte	0x1
 1460 007e 03       		.uleb128 0x3
 1461 007f 0E       		.uleb128 0xe
 1462 0080 0B       		.uleb128 0xb
 1463 0081 0B       		.uleb128 0xb
 1464 0082 3A       		.uleb128 0x3a
 1465 0083 0B       		.uleb128 0xb
 1466 0084 3B       		.uleb128 0x3b
 1467 0085 05       		.uleb128 0x5
 1468 0086 01       		.uleb128 0x1
 1469 0087 13       		.uleb128 0x13
 1470 0088 00       		.byte	0
 1471 0089 00       		.byte	0
 1472 008a 0B       		.uleb128 0xb
 1473 008b 15       		.uleb128 0x15
 1474 008c 01       		.byte	0x1
 1475 008d 27       		.uleb128 0x27
 1476 008e 19       		.uleb128 0x19
 1477 008f 01       		.uleb128 0x1
 1478 0090 13       		.uleb128 0x13
 1479 0091 00       		.byte	0
 1480 0092 00       		.byte	0
 1481 0093 0C       		.uleb128 0xc
 1482 0094 05       		.uleb128 0x5
 1483 0095 00       		.byte	0
 1484 0096 49       		.uleb128 0x49
 1485 0097 13       		.uleb128 0x13
 1486 0098 00       		.byte	0
 1487 0099 00       		.byte	0
 1488 009a 0D       		.uleb128 0xd
 1489 009b 0F       		.uleb128 0xf
 1490 009c 00       		.byte	0
 1491 009d 0B       		.uleb128 0xb
 1492 009e 0B       		.uleb128 0xb
 1493 009f 00       		.byte	0
 1494 00a0 00       		.byte	0
ARM GAS  /tmp/ccpGG1FB.s 			page 35


 1495 00a1 0E       		.uleb128 0xe
 1496 00a2 13       		.uleb128 0x13
 1497 00a3 01       		.byte	0x1
 1498 00a4 03       		.uleb128 0x3
 1499 00a5 0E       		.uleb128 0xe
 1500 00a6 0B       		.uleb128 0xb
 1501 00a7 05       		.uleb128 0x5
 1502 00a8 3A       		.uleb128 0x3a
 1503 00a9 0B       		.uleb128 0xb
 1504 00aa 3B       		.uleb128 0x3b
 1505 00ab 05       		.uleb128 0x5
 1506 00ac 01       		.uleb128 0x1
 1507 00ad 13       		.uleb128 0x13
 1508 00ae 00       		.byte	0
 1509 00af 00       		.byte	0
 1510 00b0 0F       		.uleb128 0xf
 1511 00b1 0D       		.uleb128 0xd
 1512 00b2 00       		.byte	0
 1513 00b3 03       		.uleb128 0x3
 1514 00b4 0E       		.uleb128 0xe
 1515 00b5 3A       		.uleb128 0x3a
 1516 00b6 0B       		.uleb128 0xb
 1517 00b7 3B       		.uleb128 0x3b
 1518 00b8 05       		.uleb128 0x5
 1519 00b9 49       		.uleb128 0x49
 1520 00ba 13       		.uleb128 0x13
 1521 00bb 38       		.uleb128 0x38
 1522 00bc 05       		.uleb128 0x5
 1523 00bd 00       		.byte	0
 1524 00be 00       		.byte	0
 1525 00bf 10       		.uleb128 0x10
 1526 00c0 0D       		.uleb128 0xd
 1527 00c1 00       		.byte	0
 1528 00c2 03       		.uleb128 0x3
 1529 00c3 08       		.uleb128 0x8
 1530 00c4 3A       		.uleb128 0x3a
 1531 00c5 0B       		.uleb128 0xb
 1532 00c6 3B       		.uleb128 0x3b
 1533 00c7 05       		.uleb128 0x5
 1534 00c8 49       		.uleb128 0x49
 1535 00c9 13       		.uleb128 0x13
 1536 00ca 38       		.uleb128 0x38
 1537 00cb 05       		.uleb128 0x5
 1538 00cc 00       		.byte	0
 1539 00cd 00       		.byte	0
 1540 00ce 11       		.uleb128 0x11
 1541 00cf 0D       		.uleb128 0xd
 1542 00d0 00       		.byte	0
 1543 00d1 03       		.uleb128 0x3
 1544 00d2 08       		.uleb128 0x8
 1545 00d3 3A       		.uleb128 0x3a
 1546 00d4 0B       		.uleb128 0xb
 1547 00d5 3B       		.uleb128 0x3b
 1548 00d6 0B       		.uleb128 0xb
 1549 00d7 49       		.uleb128 0x49
 1550 00d8 13       		.uleb128 0x13
 1551 00d9 38       		.uleb128 0x38
ARM GAS  /tmp/ccpGG1FB.s 			page 36


 1552 00da 0B       		.uleb128 0xb
 1553 00db 00       		.byte	0
 1554 00dc 00       		.byte	0
 1555 00dd 12       		.uleb128 0x12
 1556 00de 13       		.uleb128 0x13
 1557 00df 01       		.byte	0x1
 1558 00e0 0B       		.uleb128 0xb
 1559 00e1 0B       		.uleb128 0xb
 1560 00e2 3A       		.uleb128 0x3a
 1561 00e3 0B       		.uleb128 0xb
 1562 00e4 3B       		.uleb128 0x3b
 1563 00e5 0B       		.uleb128 0xb
 1564 00e6 01       		.uleb128 0x1
 1565 00e7 13       		.uleb128 0x13
 1566 00e8 00       		.byte	0
 1567 00e9 00       		.byte	0
 1568 00ea 13       		.uleb128 0x13
 1569 00eb 13       		.uleb128 0x13
 1570 00ec 01       		.byte	0x1
 1571 00ed 0B       		.uleb128 0xb
 1572 00ee 05       		.uleb128 0x5
 1573 00ef 3A       		.uleb128 0x3a
 1574 00f0 0B       		.uleb128 0xb
 1575 00f1 3B       		.uleb128 0x3b
 1576 00f2 0B       		.uleb128 0xb
 1577 00f3 01       		.uleb128 0x1
 1578 00f4 13       		.uleb128 0x13
 1579 00f5 00       		.byte	0
 1580 00f6 00       		.byte	0
 1581 00f7 14       		.uleb128 0x14
 1582 00f8 01       		.uleb128 0x1
 1583 00f9 01       		.byte	0x1
 1584 00fa 49       		.uleb128 0x49
 1585 00fb 13       		.uleb128 0x13
 1586 00fc 01       		.uleb128 0x1
 1587 00fd 13       		.uleb128 0x13
 1588 00fe 00       		.byte	0
 1589 00ff 00       		.byte	0
 1590 0100 15       		.uleb128 0x15
 1591 0101 21       		.uleb128 0x21
 1592 0102 00       		.byte	0
 1593 0103 49       		.uleb128 0x49
 1594 0104 13       		.uleb128 0x13
 1595 0105 2F       		.uleb128 0x2f
 1596 0106 0B       		.uleb128 0xb
 1597 0107 00       		.byte	0
 1598 0108 00       		.byte	0
 1599 0109 16       		.uleb128 0x16
 1600 010a 17       		.uleb128 0x17
 1601 010b 01       		.byte	0x1
 1602 010c 0B       		.uleb128 0xb
 1603 010d 0B       		.uleb128 0xb
 1604 010e 3A       		.uleb128 0x3a
 1605 010f 0B       		.uleb128 0xb
 1606 0110 3B       		.uleb128 0x3b
 1607 0111 0B       		.uleb128 0xb
 1608 0112 01       		.uleb128 0x1
ARM GAS  /tmp/ccpGG1FB.s 			page 37


 1609 0113 13       		.uleb128 0x13
 1610 0114 00       		.byte	0
 1611 0115 00       		.byte	0
 1612 0116 17       		.uleb128 0x17
 1613 0117 0D       		.uleb128 0xd
 1614 0118 00       		.byte	0
 1615 0119 03       		.uleb128 0x3
 1616 011a 0E       		.uleb128 0xe
 1617 011b 3A       		.uleb128 0x3a
 1618 011c 0B       		.uleb128 0xb
 1619 011d 3B       		.uleb128 0x3b
 1620 011e 05       		.uleb128 0x5
 1621 011f 49       		.uleb128 0x49
 1622 0120 13       		.uleb128 0x13
 1623 0121 00       		.byte	0
 1624 0122 00       		.byte	0
 1625 0123 18       		.uleb128 0x18
 1626 0124 26       		.uleb128 0x26
 1627 0125 00       		.byte	0
 1628 0126 49       		.uleb128 0x49
 1629 0127 13       		.uleb128 0x13
 1630 0128 00       		.byte	0
 1631 0129 00       		.byte	0
 1632 012a 19       		.uleb128 0x19
 1633 012b 35       		.uleb128 0x35
 1634 012c 00       		.byte	0
 1635 012d 49       		.uleb128 0x49
 1636 012e 13       		.uleb128 0x13
 1637 012f 00       		.byte	0
 1638 0130 00       		.byte	0
 1639 0131 1A       		.uleb128 0x1a
 1640 0132 16       		.uleb128 0x16
 1641 0133 00       		.byte	0
 1642 0134 03       		.uleb128 0x3
 1643 0135 0E       		.uleb128 0xe
 1644 0136 3A       		.uleb128 0x3a
 1645 0137 0B       		.uleb128 0xb
 1646 0138 3B       		.uleb128 0x3b
 1647 0139 05       		.uleb128 0x5
 1648 013a 49       		.uleb128 0x49
 1649 013b 13       		.uleb128 0x13
 1650 013c 00       		.byte	0
 1651 013d 00       		.byte	0
 1652 013e 1B       		.uleb128 0x1b
 1653 013f 13       		.uleb128 0x13
 1654 0140 01       		.byte	0x1
 1655 0141 0B       		.uleb128 0xb
 1656 0142 0B       		.uleb128 0xb
 1657 0143 3A       		.uleb128 0x3a
 1658 0144 0B       		.uleb128 0xb
 1659 0145 3B       		.uleb128 0x3b
 1660 0146 05       		.uleb128 0x5
 1661 0147 01       		.uleb128 0x1
 1662 0148 13       		.uleb128 0x13
 1663 0149 00       		.byte	0
 1664 014a 00       		.byte	0
 1665 014b 1C       		.uleb128 0x1c
ARM GAS  /tmp/ccpGG1FB.s 			page 38


 1666 014c 2E       		.uleb128 0x2e
 1667 014d 00       		.byte	0
 1668 014e 03       		.uleb128 0x3
 1669 014f 0E       		.uleb128 0xe
 1670 0150 3A       		.uleb128 0x3a
 1671 0151 0B       		.uleb128 0xb
 1672 0152 3B       		.uleb128 0x3b
 1673 0153 05       		.uleb128 0x5
 1674 0154 27       		.uleb128 0x27
 1675 0155 19       		.uleb128 0x19
 1676 0156 11       		.uleb128 0x11
 1677 0157 01       		.uleb128 0x1
 1678 0158 12       		.uleb128 0x12
 1679 0159 06       		.uleb128 0x6
 1680 015a 40       		.uleb128 0x40
 1681 015b 18       		.uleb128 0x18
 1682 015c 9742     		.uleb128 0x2117
 1683 015e 19       		.uleb128 0x19
 1684 015f 00       		.byte	0
 1685 0160 00       		.byte	0
 1686 0161 1D       		.uleb128 0x1d
 1687 0162 2E       		.uleb128 0x2e
 1688 0163 00       		.byte	0
 1689 0164 3F       		.uleb128 0x3f
 1690 0165 19       		.uleb128 0x19
 1691 0166 03       		.uleb128 0x3
 1692 0167 0E       		.uleb128 0xe
 1693 0168 3A       		.uleb128 0x3a
 1694 0169 0B       		.uleb128 0xb
 1695 016a 3B       		.uleb128 0x3b
 1696 016b 0B       		.uleb128 0xb
 1697 016c 27       		.uleb128 0x27
 1698 016d 19       		.uleb128 0x19
 1699 016e 11       		.uleb128 0x11
 1700 016f 01       		.uleb128 0x1
 1701 0170 12       		.uleb128 0x12
 1702 0171 06       		.uleb128 0x6
 1703 0172 40       		.uleb128 0x40
 1704 0173 18       		.uleb128 0x18
 1705 0174 9642     		.uleb128 0x2116
 1706 0176 19       		.uleb128 0x19
 1707 0177 00       		.byte	0
 1708 0178 00       		.byte	0
 1709 0179 1E       		.uleb128 0x1e
 1710 017a 34       		.uleb128 0x34
 1711 017b 00       		.byte	0
 1712 017c 03       		.uleb128 0x3
 1713 017d 0E       		.uleb128 0xe
 1714 017e 3A       		.uleb128 0x3a
 1715 017f 0B       		.uleb128 0xb
 1716 0180 3B       		.uleb128 0x3b
 1717 0181 05       		.uleb128 0x5
 1718 0182 49       		.uleb128 0x49
 1719 0183 13       		.uleb128 0x13
 1720 0184 3F       		.uleb128 0x3f
 1721 0185 19       		.uleb128 0x19
 1722 0186 3C       		.uleb128 0x3c
ARM GAS  /tmp/ccpGG1FB.s 			page 39


 1723 0187 19       		.uleb128 0x19
 1724 0188 00       		.byte	0
 1725 0189 00       		.byte	0
 1726 018a 1F       		.uleb128 0x1f
 1727 018b 34       		.uleb128 0x34
 1728 018c 00       		.byte	0
 1729 018d 03       		.uleb128 0x3
 1730 018e 08       		.uleb128 0x8
 1731 018f 3A       		.uleb128 0x3a
 1732 0190 0B       		.uleb128 0xb
 1733 0191 3B       		.uleb128 0x3b
 1734 0192 05       		.uleb128 0x5
 1735 0193 49       		.uleb128 0x49
 1736 0194 13       		.uleb128 0x13
 1737 0195 3F       		.uleb128 0x3f
 1738 0196 19       		.uleb128 0x19
 1739 0197 3C       		.uleb128 0x3c
 1740 0198 19       		.uleb128 0x19
 1741 0199 00       		.byte	0
 1742 019a 00       		.byte	0
 1743 019b 00       		.byte	0
 1744              		.section	.debug_aranges,"",%progbits
 1745 0000 24000000 		.4byte	0x24
 1746 0004 0200     		.2byte	0x2
 1747 0006 00000000 		.4byte	.Ldebug_info0
 1748 000a 04       		.byte	0x4
 1749 000b 00       		.byte	0
 1750 000c 0000     		.2byte	0
 1751 000e 0000     		.2byte	0
 1752 0010 00000000 		.4byte	.LFB241
 1753 0014 02000000 		.4byte	.LFE241-.LFB241
 1754 0018 00000000 		.4byte	.LFB272
 1755 001c 28000000 		.4byte	.LFE272-.LFB272
 1756 0020 00000000 		.4byte	0
 1757 0024 00000000 		.4byte	0
 1758              		.section	.debug_ranges,"",%progbits
 1759              	.Ldebug_ranges0:
 1760 0000 00000000 		.4byte	.LFB241
 1761 0004 02000000 		.4byte	.LFE241
 1762 0008 00000000 		.4byte	.LFB272
 1763 000c 28000000 		.4byte	.LFE272
 1764 0010 00000000 		.4byte	0
 1765 0014 00000000 		.4byte	0
 1766              		.section	.debug_line,"",%progbits
 1767              	.Ldebug_line0:
 1768 0000 5F020000 		.section	.debug_str,"MS",%progbits,1
 1768      02002B02 
 1768      00000201 
 1768      FB0E0D00 
 1768      01010101 
 1769              	.LASF135:
 1770 0000 73746D33 		.ascii	"stm32_gpio_setup_t\000"
 1770      325F6770 
 1770      696F5F73 
 1770      65747570 
 1770      5F7400
 1771              	.LASF97:
ARM GAS  /tmp/ccpGG1FB.s 			page 40


 1772 0013 74625F70 		.ascii	"tb_ptr\000"
 1772      747200
 1773              	.LASF54:
 1774 001a 72656164 		.ascii	"ready_list_t\000"
 1774      795F6C69 
 1774      73745F74 
 1774      00
 1775              	.LASF91:
 1776 0027 73655F74 		.ascii	"se_time\000"
 1776      696D6500 
 1777              	.LASF115:
 1778 002f 77747472 		.ascii	"wttrp\000"
 1778      7000
 1779              	.LASF112:
 1780 0035 7264796D 		.ascii	"rdymsg\000"
 1780      736700
 1781              	.LASF16:
 1782 003c 75696E74 		.ascii	"uint64_t\000"
 1782      36345F74 
 1782      00
 1783              	.LASF84:
 1784 0045 6B65726E 		.ascii	"kernel_stats\000"
 1784      656C5F73 
 1784      74617473 
 1784      00
 1785              	.LASF5:
 1786 0052 5F5F7569 		.ascii	"__uint8_t\000"
 1786      6E74385F 
 1786      7400
 1787              	.LASF90:
 1788 005c 706F7274 		.ascii	"port_intctx\000"
 1788      5F696E74 
 1788      63747800 
 1789              	.LASF53:
 1790 0068 63685F74 		.ascii	"ch_threads_queue\000"
 1790      68726561 
 1790      64735F71 
 1790      75657565 
 1790      00
 1791              	.LASF73:
 1792 0079 73797374 		.ascii	"system_debug_t\000"
 1792      656D5F64 
 1792      65627567 
 1792      5F7400
 1793              	.LASF103:
 1794 0088 776F7273 		.ascii	"worst\000"
 1794      7400
 1795              	.LASF143:
 1796 008e 50484461 		.ascii	"PHData\000"
 1796      746100
 1797              	.LASF106:
 1798 0095 74696D65 		.ascii	"time_measurement_t\000"
 1798      5F6D6561 
 1798      73757265 
 1798      6D656E74 
 1798      5F7400
 1799              	.LASF12:
ARM GAS  /tmp/ccpGG1FB.s 			page 41


 1800 00a8 6C6F6E67 		.ascii	"long long unsigned int\000"
 1800      206C6F6E 
 1800      6720756E 
 1800      7369676E 
 1800      65642069 
 1801              	.LASF99:
 1802 00bf 63685F74 		.ascii	"ch_trace_buffer_t\000"
 1802      72616365 
 1802      5F627566 
 1802      6665725F 
 1802      7400
 1803              	.LASF94:
 1804 00d1 73655F73 		.ascii	"se_state\000"
 1804      74617465 
 1804      00
 1805              	.LASF132:
 1806 00da 70757064 		.ascii	"pupdr\000"
 1806      7200
 1807              	.LASF113:
 1808 00e0 65786974 		.ascii	"exitcode\000"
 1808      636F6465 
 1808      00
 1809              	.LASF83:
 1810 00e9 6D61696E 		.ascii	"mainthread\000"
 1810      74687265 
 1810      616400
 1811              	.LASF70:
 1812 00f4 76697274 		.ascii	"virtual_timers_list_t\000"
 1812      75616C5F 
 1812      74696D65 
 1812      72735F6C 
 1812      6973745F 
 1813              	.LASF146:
 1814 010a 49544D5F 		.ascii	"ITM_RxBuffer\000"
 1814      52784275 
 1814      66666572 
 1814      00
 1815              	.LASF18:
 1816 0117 72747469 		.ascii	"rttime_t\000"
 1816      6D655F74 
 1816      00
 1817              	.LASF31:
 1818 0120 705F7072 		.ascii	"p_prio\000"
 1818      696F00
 1819              	.LASF10:
 1820 0127 6C6F6E67 		.ascii	"long long int\000"
 1820      206C6F6E 
 1820      6720696E 
 1820      7400
 1821              	.LASF1:
 1822 0135 7369676E 		.ascii	"signed char\000"
 1822      65642063 
 1822      68617200 
 1823              	.LASF150:
 1824 0141 2F686F6D 		.ascii	"/home/jerker/git/AutoTux/stm32\000"
 1824      652F6A65 
 1824      726B6572 
ARM GAS  /tmp/ccpGG1FB.s 			page 42


 1824      2F676974 
 1824      2F417574 
 1825              	.LASF46:
 1826 0160 705F6D70 		.ascii	"p_mpool\000"
 1826      6F6F6C00 
 1827              	.LASF123:
 1828 0168 6D5F7175 		.ascii	"m_queue\000"
 1828      65756500 
 1829              	.LASF129:
 1830 0170 6D6F6465 		.ascii	"moder\000"
 1830      7200
 1831              	.LASF80:
 1832 0176 63685F73 		.ascii	"ch_system\000"
 1832      79737465 
 1832      6D00
 1833              	.LASF7:
 1834 0180 6C6F6E67 		.ascii	"long int\000"
 1834      20696E74 
 1834      00
 1835              	.LASF140:
 1836 0189 50454461 		.ascii	"PEData\000"
 1836      746100
 1837              	.LASF20:
 1838 0190 74737461 		.ascii	"tstate_t\000"
 1838      74655F74 
 1838      00
 1839              	.LASF92:
 1840 0199 73655F74 		.ascii	"se_tp\000"
 1840      7000
 1841              	.LASF33:
 1842 019f 705F6E65 		.ascii	"p_newer\000"
 1842      77657200 
 1843              	.LASF120:
 1844 01a7 735F7175 		.ascii	"s_queue\000"
 1844      65756500 
 1845              	.LASF96:
 1846 01af 74625F73 		.ascii	"tb_size\000"
 1846      697A6500 
 1847              	.LASF59:
 1848 01b7 725F6E65 		.ascii	"r_newer\000"
 1848      77657200 
 1849              	.LASF87:
 1850 01bf 72656761 		.ascii	"regarm_t\000"
 1850      726D5F74 
 1850      00
 1851              	.LASF66:
 1852 01c8 76745F70 		.ascii	"vt_prev\000"
 1852      72657600 
 1853              	.LASF82:
 1854 01d0 76746C69 		.ascii	"vtlist\000"
 1854      737400
 1855              	.LASF74:
 1856 01d7 63685F73 		.ascii	"ch_system_debug\000"
 1856      79737465 
 1856      6D5F6465 
 1856      62756700 
 1857              	.LASF127:
ARM GAS  /tmp/ccpGG1FB.s 			page 43


 1858 01e7 6D757465 		.ascii	"mutex_t\000"
 1858      785F7400 
 1859              	.LASF137:
 1860 01ef 50424461 		.ascii	"PBData\000"
 1860      746100
 1861              	.LASF77:
 1862 01f6 6C6F636B 		.ascii	"lock_cnt\000"
 1862      5F636E74 
 1862      00
 1863              	.LASF85:
 1864 01ff 69646C65 		.ascii	"idle_thread_wa\000"
 1864      5F746872 
 1864      6561645F 
 1864      776100
 1865              	.LASF25:
 1866 020e 636E745F 		.ascii	"cnt_t\000"
 1866      7400
 1867              	.LASF36:
 1868 0214 705F7374 		.ascii	"p_stklimit\000"
 1868      6B6C696D 
 1868      697400
 1869              	.LASF0:
 1870 021f 756E7369 		.ascii	"unsigned int\000"
 1870      676E6564 
 1870      20696E74 
 1870      00
 1871              	.LASF65:
 1872 022c 76745F6E 		.ascii	"vt_next\000"
 1872      65787400 
 1873              	.LASF116:
 1874 0234 77747365 		.ascii	"wtsemp\000"
 1874      6D7000
 1875              	.LASF41:
 1876 023b 705F6D73 		.ascii	"p_msgqueue\000"
 1876      67717565 
 1876      756500
 1877              	.LASF152:
 1878 0246 68616C49 		.ascii	"halInit\000"
 1878      6E697400 
 1879              	.LASF131:
 1880 024e 6F737065 		.ascii	"ospeedr\000"
 1880      65647200 
 1881              	.LASF107:
 1882 0256 6E5F6972 		.ascii	"n_irq\000"
 1882      7100
 1883              	.LASF93:
 1884 025c 73655F77 		.ascii	"se_wtobjp\000"
 1884      746F626A 
 1884      7000
 1885              	.LASF130:
 1886 0266 6F747970 		.ascii	"otyper\000"
 1886      657200
 1887              	.LASF4:
 1888 026d 73686F72 		.ascii	"short unsigned int\000"
 1888      7420756E 
 1888      7369676E 
 1888      65642069 
ARM GAS  /tmp/ccpGG1FB.s 			page 44


 1888      6E7400
 1889              	.LASF111:
 1890 0280 6B65726E 		.ascii	"kernel_stats_t\000"
 1890      656C5F73 
 1890      74617473 
 1890      5F7400
 1891              	.LASF50:
 1892 028f 63685F74 		.ascii	"ch_thread\000"
 1892      68726561 
 1892      6400
 1893              	.LASF23:
 1894 0299 6D73675F 		.ascii	"msg_t\000"
 1894      7400
 1895              	.LASF104:
 1896 029f 6C617374 		.ascii	"last\000"
 1896      00
 1897              	.LASF26:
 1898 02a4 75636E74 		.ascii	"ucnt_t\000"
 1898      5F7400
 1899              	.LASF79:
 1900 02ab 63685F73 		.ascii	"ch_system_t\000"
 1900      79737465 
 1900      6D5F7400 
 1901              	.LASF148:
 1902 02b7 474E5520 		.ascii	"GNU C 4.8.2 -mcpu=cortex-m4 -mno-thumb-interwork -m"
 1902      4320342E 
 1902      382E3220 
 1902      2D6D6370 
 1902      753D636F 
 1903 02ea 7468756D 		.ascii	"thumb -ggdb -O0 -fomit-frame-pointer -falign-functi"
 1903      62202D67 
 1903      67646220 
 1903      2D4F3020 
 1903      2D666F6D 
 1904 031d 6F6E733D 		.ascii	"ons=16 -ffunction-sections -fdata-sections -fno-com"
 1904      3136202D 
 1904      6666756E 
 1904      6374696F 
 1904      6E2D7365 
 1905 0350 6D6F6E20 		.ascii	"mon -flto\000"
 1905      2D666C74 
 1905      6F00
 1906              	.LASF19:
 1907 035a 746D6F64 		.ascii	"tmode_t\000"
 1907      655F7400 
 1908              	.LASF110:
 1909 0362 6D5F6372 		.ascii	"m_crit_isr\000"
 1909      69745F69 
 1909      737200
 1910              	.LASF55:
 1911 036d 63685F72 		.ascii	"ch_ready_list\000"
 1911      65616479 
 1911      5F6C6973 
 1911      7400
 1912              	.LASF24:
 1913 037b 6576656E 		.ascii	"eventmask_t\000"
 1913      746D6173 
ARM GAS  /tmp/ccpGG1FB.s 			page 45


 1913      6B5F7400 
 1914              	.LASF6:
 1915 0387 5F5F696E 		.ascii	"__int32_t\000"
 1915      7433325F 
 1915      7400
 1916              	.LASF142:
 1917 0391 50474461 		.ascii	"PGData\000"
 1917      746100
 1918              	.LASF88:
 1919 0398 73746B61 		.ascii	"stkalign_t\000"
 1919      6C69676E 
 1919      5F7400
 1920              	.LASF40:
 1921 03a3 705F7761 		.ascii	"p_waiting\000"
 1921      6974696E 
 1921      6700
 1922              	.LASF86:
 1923 03ad 73697A65 		.ascii	"sizetype\000"
 1923      74797065 
 1923      00
 1924              	.LASF48:
 1925 03b6 74687265 		.ascii	"thread_reference_t\000"
 1925      61645F72 
 1925      65666572 
 1925      656E6365 
 1925      5F7400
 1926              	.LASF71:
 1927 03c9 63685F76 		.ascii	"ch_virtual_timers_list\000"
 1927      69727475 
 1927      616C5F74 
 1927      696D6572 
 1927      735F6C69 
 1928              	.LASF95:
 1929 03e0 63685F73 		.ascii	"ch_swc_event_t\000"
 1929      77635F65 
 1929      76656E74 
 1929      5F7400
 1930              	.LASF72:
 1931 03ef 76745F6C 		.ascii	"vt_lasttime\000"
 1931      61737474 
 1931      696D6500 
 1932              	.LASF34:
 1933 03fb 705F6F6C 		.ascii	"p_older\000"
 1933      64657200 
 1934              	.LASF58:
 1935 0403 725F6374 		.ascii	"r_ctx\000"
 1935      7800
 1936              	.LASF101:
 1937 0409 746D5F63 		.ascii	"tm_calibration_t\000"
 1937      616C6962 
 1937      72617469 
 1937      6F6E5F74 
 1937      00
 1938              	.LASF134:
 1939 041a 61667268 		.ascii	"afrh\000"
 1939      00
 1940              	.LASF139:
ARM GAS  /tmp/ccpGG1FB.s 			page 46


 1941 041f 50444461 		.ascii	"PDData\000"
 1941      746100
 1942              	.LASF61:
 1943 0426 725F6375 		.ascii	"r_current\000"
 1943      7272656E 
 1943      7400
 1944              	.LASF60:
 1945 0430 725F6F6C 		.ascii	"r_older\000"
 1945      64657200 
 1946              	.LASF11:
 1947 0438 5F5F7569 		.ascii	"__uint64_t\000"
 1947      6E743634 
 1947      5F7400
 1948              	.LASF105:
 1949 0443 63756D75 		.ascii	"cumulative\000"
 1949      6C617469 
 1949      766500
 1950              	.LASF21:
 1951 044e 74726566 		.ascii	"trefs_t\000"
 1951      735F7400 
 1952              	.LASF98:
 1953 0456 74625F62 		.ascii	"tb_buffer\000"
 1953      75666665 
 1953      7200
 1954              	.LASF63:
 1955 0460 76697274 		.ascii	"virtual_timer_t\000"
 1955      75616C5F 
 1955      74696D65 
 1955      725F7400 
 1956              	.LASF30:
 1957 0470 705F7072 		.ascii	"p_prev\000"
 1957      657600
 1958              	.LASF151:
 1959 0477 6F73616C 		.ascii	"osalInit\000"
 1959      496E6974 
 1959      00
 1960              	.LASF22:
 1961 0480 74707269 		.ascii	"tprio_t\000"
 1961      6F5F7400 
 1962              	.LASF108:
 1963 0488 6E5F6374 		.ascii	"n_ctxswc\000"
 1963      78737763 
 1963      00
 1964              	.LASF128:
 1965 0491 5F426F6F 		.ascii	"_Bool\000"
 1965      6C00
 1966              	.LASF14:
 1967 0497 696E7433 		.ascii	"int32_t\000"
 1967      325F7400 
 1968              	.LASF2:
 1969 049f 756E7369 		.ascii	"unsigned char\000"
 1969      676E6564 
 1969      20636861 
 1969      7200
 1970              	.LASF133:
 1971 04ad 6166726C 		.ascii	"afrl\000"
 1971      00
ARM GAS  /tmp/ccpGG1FB.s 			page 47


 1972              	.LASF121:
 1973 04b2 735F636E 		.ascii	"s_cnt\000"
 1973      7400
 1974              	.LASF44:
 1975 04b8 705F6D74 		.ascii	"p_mtxlist\000"
 1975      786C6973 
 1975      7400
 1976              	.LASF3:
 1977 04c2 73686F72 		.ascii	"short int\000"
 1977      7420696E 
 1977      7400
 1978              	.LASF37:
 1979 04cc 705F7374 		.ascii	"p_state\000"
 1979      61746500 
 1980              	.LASF57:
 1981 04d4 725F7072 		.ascii	"r_prio\000"
 1981      696F00
 1982              	.LASF136:
 1983 04db 50414461 		.ascii	"PAData\000"
 1983      746100
 1984              	.LASF118:
 1985 04e2 65776D61 		.ascii	"ewmask\000"
 1985      736B00
 1986              	.LASF29:
 1987 04e9 705F6E65 		.ascii	"p_next\000"
 1987      787400
 1988              	.LASF38:
 1989 04f0 705F666C 		.ascii	"p_flags\000"
 1989      61677300 
 1990              	.LASF47:
 1991 04f8 705F7374 		.ascii	"p_stats\000"
 1991      61747300 
 1992              	.LASF144:
 1993 0500 50494461 		.ascii	"PIData\000"
 1993      746100
 1994              	.LASF64:
 1995 0507 63685F76 		.ascii	"ch_virtual_timer\000"
 1995      69727475 
 1995      616C5F74 
 1995      696D6572 
 1995      00
 1996              	.LASF119:
 1997 0518 63685F73 		.ascii	"ch_semaphore\000"
 1997      656D6170 
 1997      686F7265 
 1997      00
 1998              	.LASF43:
 1999 0525 705F6570 		.ascii	"p_epending\000"
 1999      656E6469 
 1999      6E6700
 2000              	.LASF15:
 2001 0530 75696E74 		.ascii	"uint32_t\000"
 2001      33325F74 
 2001      00
 2002              	.LASF117:
 2003 0539 77746D74 		.ascii	"wtmtxp\000"
 2003      787000
ARM GAS  /tmp/ccpGG1FB.s 			page 48


 2004              	.LASF56:
 2005 0540 725F7175 		.ascii	"r_queue\000"
 2005      65756500 
 2006              	.LASF67:
 2007 0548 76745F64 		.ascii	"vt_delta\000"
 2007      656C7461 
 2007      00
 2008              	.LASF51:
 2009 0551 63685F74 		.ascii	"ch_threads_list\000"
 2009      68726561 
 2009      64735F6C 
 2009      69737400 
 2010              	.LASF9:
 2011 0561 6C6F6E67 		.ascii	"long unsigned int\000"
 2011      20756E73 
 2011      69676E65 
 2011      6420696E 
 2011      7400
 2012              	.LASF126:
 2013 0573 63686172 		.ascii	"char\000"
 2013      00
 2014              	.LASF28:
 2015 0578 74687265 		.ascii	"thread_t\000"
 2015      61645F74 
 2015      00
 2016              	.LASF102:
 2017 0581 62657374 		.ascii	"best\000"
 2017      00
 2018              	.LASF125:
 2019 0586 6D5F6E65 		.ascii	"m_next\000"
 2019      787400
 2020              	.LASF27:
 2021 058d 73797374 		.ascii	"systime_t\000"
 2021      696D655F 
 2021      7400
 2022              	.LASF45:
 2023 0597 705F7265 		.ascii	"p_realprio\000"
 2023      616C7072 
 2023      696F00
 2024              	.LASF62:
 2025 05a2 76746675 		.ascii	"vtfunc_t\000"
 2025      6E635F74 
 2025      00
 2026              	.LASF8:
 2027 05ab 5F5F7569 		.ascii	"__uint32_t\000"
 2027      6E743332 
 2027      5F7400
 2028              	.LASF75:
 2029 05b6 70616E69 		.ascii	"panic_msg\000"
 2029      635F6D73 
 2029      6700
 2030              	.LASF100:
 2031 05c0 6F666673 		.ascii	"offset\000"
 2031      657400
 2032              	.LASF89:
 2033 05c7 636F6E74 		.ascii	"context\000"
 2033      65787400 
ARM GAS  /tmp/ccpGG1FB.s 			page 49


 2034              	.LASF17:
 2035 05cf 7274636E 		.ascii	"rtcnt_t\000"
 2035      745F7400 
 2036              	.LASF69:
 2037 05d7 76745F70 		.ascii	"vt_par\000"
 2037      617200
 2038              	.LASF145:
 2039 05de 50414C43 		.ascii	"PALConfig\000"
 2039      6F6E6669 
 2039      6700
 2040              	.LASF52:
 2041 05e8 74687265 		.ascii	"threads_queue_t\000"
 2041      6164735F 
 2041      71756575 
 2041      655F7400 
 2042              	.LASF122:
 2043 05f8 63685F6D 		.ascii	"ch_mutex\000"
 2043      75746578 
 2043      00
 2044              	.LASF39:
 2045 0601 705F7265 		.ascii	"p_refs\000"
 2045      667300
 2046              	.LASF76:
 2047 0608 6973725F 		.ascii	"isr_cnt\000"
 2047      636E7400 
 2048              	.LASF81:
 2049 0610 726C6973 		.ascii	"rlist\000"
 2049      7400
 2050              	.LASF13:
 2051 0616 75696E74 		.ascii	"uint8_t\000"
 2051      385F7400 
 2052              	.LASF114:
 2053 061e 77746F62 		.ascii	"wtobjp\000"
 2053      6A7000
 2054              	.LASF35:
 2055 0625 705F6E61 		.ascii	"p_name\000"
 2055      6D6500
 2056              	.LASF138:
 2057 062c 50434461 		.ascii	"PCData\000"
 2057      746100
 2058              	.LASF49:
 2059 0633 74687265 		.ascii	"threads_list_t\000"
 2059      6164735F 
 2059      6C697374 
 2059      5F7400
 2060              	.LASF78:
 2061 0642 74726163 		.ascii	"trace_buffer\000"
 2061      655F6275 
 2061      66666572 
 2061      00
 2062              	.LASF42:
 2063 064f 705F6D73 		.ascii	"p_msg\000"
 2063      6700
 2064              	.LASF141:
 2065 0655 50464461 		.ascii	"PFData\000"
 2065      746100
 2066              	.LASF109:
ARM GAS  /tmp/ccpGG1FB.s 			page 50


 2067 065c 6D5F6372 		.ascii	"m_crit_thd\000"
 2067      69745F74 
 2067      686400
 2068              	.LASF124:
 2069 0667 6D5F6F77 		.ascii	"m_owner\000"
 2069      6E657200 
 2070              	.LASF147:
 2071 066f 70616C5F 		.ascii	"pal_default_config\000"
 2071      64656661 
 2071      756C745F 
 2071      636F6E66 
 2071      696700
 2072              	.LASF32:
 2073 0682 705F6374 		.ascii	"p_ctx\000"
 2073      7800
 2074              	.LASF68:
 2075 0688 76745F66 		.ascii	"vt_func\000"
 2075      756E6300 
 2076              	.LASF149:
 2077 0690 6C69622F 		.ascii	"lib/ChibiOS_16.1.4//os/hal/src/hal.c\000"
 2077      43686962 
 2077      694F535F 
 2077      31362E31 
 2077      2E342F2F 
 2078              		.comm	__gnu_lto_v1,1,1
 2079              		.ident	"GCC: (4.8.2-14ubuntu1+6) 4.8.2"
ARM GAS  /tmp/ccpGG1FB.s 			page 51


DEFINED SYMBOLS
                            *ABS*:0000000000000000 hal.c
     /tmp/ccpGG1FB.s:155    .text.osalInit:0000000000000000 $t
     /tmp/ccpGG1FB.s:160    .text.osalInit:0000000000000000 osalInit
     /tmp/ccpGG1FB.s:174    .text.halInit:0000000000000000 $t
     /tmp/ccpGG1FB.s:180    .text.halInit:0000000000000000 halInit
                            *COM*:0000000000000001 __gnu_lto_v1
                     .debug_frame:0000000000000010 $d

UNDEFINED SYMBOLS
hal_lld_init
pal_default_config
_pal_lld_init
usbInit
sduInit
boardInit
stInit
